[2026-04-27 04:42:17] [main] command=postprocess
[2026-04-27 04:42:17] [postprocess] start: input=D:\LEARNING_RESOURCE\AndroidPDS\gitRepository\Android-Privacy-Detection-Software\WEEK_7\src\analyzer\output\run_20260427_001723\Hi 医生\audit_raw.csv, output=D:\LEARNING_RESOURCE\AndroidPDS\gitRepository\Android-Privacy-Detection-Software\WEEK_7\src\analyzer\output\run_20260427_001723\Hi 医生\audit_processed.csv
[2026-04-27 04:42:17] [postprocess] processed row 1
[2026-04-27 04:42:17] [postprocess] processed row 2
[2026-04-27 04:42:17] [postprocess] processed row 3
[2026-04-27 04:42:17] [postprocess] processed row 4
[2026-04-27 04:42:17] [postprocess] processed row 5
[2026-04-27 04:42:17] [postprocess] processed row 6
[2026-04-27 04:42:17] [postprocess] processed row 7
[2026-04-27 04:42:17] [postprocess] processed row 8
[2026-04-27 04:42:17] [postprocess] processed row 9
[2026-04-27 04:42:17] [postprocess] processed row 10
[2026-04-27 04:42:17] [postprocess] processed row 11
[2026-04-27 04:42:17] [postprocess] processed row 12
[2026-04-27 04:42:17] [postprocess] processed row 13
[2026-04-27 04:42:17] [postprocess] processed row 14
[2026-04-27 04:42:17] [postprocess] processed row 15
[2026-04-27 04:42:17] [postprocess] processed row 16
[2026-04-27 04:42:17] [postprocess] processed row 17
[2026-04-27 04:42:17] [postprocess] processed row 18
[2026-04-27 04:42:17] [postprocess] processed row 19
[2026-04-27 04:42:17] [postprocess] processed row 20
[2026-04-27 04:42:17] [postprocess] processed row 21
[2026-04-27 04:42:17] [postprocess] processed row 22
[2026-04-27 04:42:17] [postprocess] processed row 23
[2026-04-27 04:42:17] [postprocess] processed row 24
[2026-04-27 04:42:17] [postprocess] processed row 25
[2026-04-27 04:42:17] [postprocess] processed row 26
[2026-04-27 04:42:17] [postprocess] processed row 27
[2026-04-27 04:42:17] [postprocess] processed row 28
[2026-04-27 04:42:17] [postprocess] processed row 29
[2026-04-27 04:42:17] [postprocess] processed row 30
[2026-04-27 04:42:17] [postprocess] processed row 31
[2026-04-27 04:42:17] [postprocess] processed row 32
[2026-04-27 04:42:17] [postprocess] processed row 33
[2026-04-27 04:42:17] [postprocess] processed row 34
[2026-04-27 04:42:17] [postprocess] processed row 35
[2026-04-27 04:42:17] [postprocess] processed row 36
[2026-04-27 04:42:17] [postprocess] processed row 37
[2026-04-27 04:42:18] [postprocess] processed row 38
[2026-04-27 04:42:18] [postprocess] processed row 39
[2026-04-27 04:42:18] [postprocess] processed row 40
[2026-04-27 04:42:18] [postprocess] processed row 41
[2026-04-27 04:42:18] [postprocess] processed row 42
[2026-04-27 04:42:18] [postprocess] processed row 43
[2026-04-27 04:42:18] [postprocess] processed row 44
[2026-04-27 04:42:18] [postprocess] processed row 45
[2026-04-27 04:42:18] [postprocess] processed row 46
[2026-04-27 04:42:18] [postprocess] processed row 47
[2026-04-27 04:42:18] [postprocess] processed row 48
[2026-04-27 04:42:18] [postprocess] processed row 49
[2026-04-27 04:42:18] [postprocess] processed row 50
[2026-04-27 04:42:18] [postprocess] processed row 51
[2026-04-27 04:42:18] [postprocess] processed row 52
[2026-04-27 04:42:18] [postprocess] processed row 53
[2026-04-27 04:42:18] [postprocess] processed row 54
[2026-04-27 04:42:18] [postprocess] processed row 55
[2026-04-27 04:42:18] [postprocess] processed row 56
[2026-04-27 04:42:18] [postprocess] processed row 57
[2026-04-27 04:42:18] [postprocess] processed row 58
[2026-04-27 04:42:18] [postprocess] processed row 59
[2026-04-27 04:42:18] [postprocess] processed row 60
[2026-04-27 04:42:18] [postprocess] processed row 61
[2026-04-27 04:42:18] [postprocess] processed row 62
[2026-04-27 04:42:18] [postprocess] processed row 63
[2026-04-27 04:42:18] [postprocess] processed row 64
[2026-04-27 04:42:18] [postprocess] processed row 65
[2026-04-27 04:42:18] [postprocess] processed row 66
[2026-04-27 04:42:18] [postprocess] processed row 67
[2026-04-27 04:42:18] [postprocess] processed row 68
[2026-04-27 04:42:18] [postprocess] processed row 69
[2026-04-27 04:42:18] [postprocess] processed row 70
[2026-04-27 04:42:18] [postprocess] processed row 71
[2026-04-27 04:42:18] [postprocess] processed row 72
[2026-04-27 04:42:18] [postprocess] processed row 73
[2026-04-27 04:42:18] [postprocess] processed row 74
[2026-04-27 04:42:18] [postprocess] processed row 75
[2026-04-27 04:42:18] [postprocess] processed row 76
[2026-04-27 04:42:18] [postprocess] processed row 77
[2026-04-27 04:42:18] [postprocess] processed row 78
[2026-04-27 04:42:18] [postprocess] processed row 79
[2026-04-27 04:42:18] [postprocess] processed row 80
[2026-04-27 04:42:18] [postprocess] processed row 81
[2026-04-27 04:42:18] [postprocess] processed row 82
[2026-04-27 04:42:18] [postprocess] processed row 83
[2026-04-27 04:42:18] [postprocess] processed row 84
[2026-04-27 04:42:18] [postprocess] processed row 85
[2026-04-27 04:42:18] [postprocess] processed row 86
[2026-04-27 04:42:18] [postprocess] processed row 87
[2026-04-27 04:42:18] [postprocess] processed row 88
[2026-04-27 04:42:18] [postprocess] processed row 89
[2026-04-27 04:42:18] [postprocess] processed row 90
[2026-04-27 04:42:18] [postprocess] processed row 91
[2026-04-27 04:42:18] [postprocess] processed row 92
[2026-04-27 04:42:18] [postprocess] processed row 93
[2026-04-27 04:42:18] [postprocess] processed row 94
[2026-04-27 04:42:18] [postprocess] processed row 95
[2026-04-27 04:42:18] [postprocess] processed row 96
[2026-04-27 04:42:18] [postprocess] processed row 97
[2026-04-27 04:42:18] [postprocess] processed row 98
[2026-04-27 04:42:18] [postprocess] processed row 99
[2026-04-27 04:42:18] [postprocess] processed row 100
[2026-04-27 04:42:18] [postprocess] processed row 101
[2026-04-27 04:42:18] [postprocess] processed row 102
[2026-04-27 04:42:18] [postprocess] processed row 103
[2026-04-27 04:42:18] [postprocess] processed row 104
[2026-04-27 04:42:18] [postprocess] processed row 105
[2026-04-27 04:42:18] [postprocess] processed row 106
[2026-04-27 04:42:18] [postprocess] completed
[2026-04-27 04:42:18] [main] finished
