[2026-04-27 05:46:27] [main] command=postprocess
[2026-04-27 05:46:27] [postprocess] start: input=D:\LEARNING_RESOURCE\AndroidPDS\gitRepository\Android-Privacy-Detection-Software\WEEK_7\src\analyzer\output\run_20260427_001723\店长直聘\audit_raw.csv, output=D:\LEARNING_RESOURCE\AndroidPDS\gitRepository\Android-Privacy-Detection-Software\WEEK_7\src\analyzer\output\run_20260427_001723\店长直聘\audit_processed.csv
[2026-04-27 05:46:27] [postprocess] processed row 1
[2026-04-27 05:46:27] [postprocess] processed row 2
[2026-04-27 05:46:27] [postprocess] processed row 3
[2026-04-27 05:46:27] [postprocess] processed row 4
[2026-04-27 05:46:27] [postprocess] processed row 5
[2026-04-27 05:46:27] [postprocess] processed row 6
[2026-04-27 05:46:27] [postprocess] processed row 7
[2026-04-27 05:46:27] [postprocess] processed row 8
[2026-04-27 05:46:27] [postprocess] processed row 9
[2026-04-27 05:46:27] [postprocess] processed row 10
[2026-04-27 05:46:27] [postprocess] processed row 11
[2026-04-27 05:46:27] [postprocess] processed row 12
[2026-04-27 05:46:27] [postprocess] processed row 13
[2026-04-27 05:46:27] [postprocess] processed row 14
[2026-04-27 05:46:27] [postprocess] processed row 15
[2026-04-27 05:46:27] [postprocess] processed row 16
[2026-04-27 05:46:27] [postprocess] processed row 17
[2026-04-27 05:46:27] [postprocess] processed row 18
[2026-04-27 05:46:27] [postprocess] processed row 19
[2026-04-27 05:46:27] [postprocess] processed row 20
[2026-04-27 05:46:27] [postprocess] processed row 21
[2026-04-27 05:46:27] [postprocess] processed row 22
[2026-04-27 05:46:27] [postprocess] processed row 23
[2026-04-27 05:46:27] [postprocess] processed row 24
[2026-04-27 05:46:27] [postprocess] processed row 25
[2026-04-27 05:46:27] [postprocess] processed row 26
[2026-04-27 05:46:27] [postprocess] processed row 27
[2026-04-27 05:46:27] [postprocess] processed row 28
[2026-04-27 05:46:27] [postprocess] processed row 29
[2026-04-27 05:46:27] [postprocess] processed row 30
[2026-04-27 05:46:27] [postprocess] processed row 31
[2026-04-27 05:46:27] [postprocess] processed row 32
[2026-04-27 05:46:27] [postprocess] processed row 33
[2026-04-27 05:46:27] [postprocess] processed row 34
[2026-04-27 05:46:27] [postprocess] processed row 35
[2026-04-27 05:46:27] [postprocess] processed row 36
[2026-04-27 05:46:28] [postprocess] processed row 37
[2026-04-27 05:46:28] [postprocess] processed row 38
[2026-04-27 05:46:28] [postprocess] processed row 39
[2026-04-27 05:46:28] [postprocess] processed row 40
[2026-04-27 05:46:28] [postprocess] processed row 41
[2026-04-27 05:46:28] [postprocess] processed row 42
[2026-04-27 05:46:28] [postprocess] processed row 43
[2026-04-27 05:46:28] [postprocess] processed row 44
[2026-04-27 05:46:28] [postprocess] processed row 45
[2026-04-27 05:46:28] [postprocess] processed row 46
[2026-04-27 05:46:28] [postprocess] processed row 47
[2026-04-27 05:46:28] [postprocess] processed row 48
[2026-04-27 05:46:28] [postprocess] processed row 49
[2026-04-27 05:46:28] [postprocess] processed row 50
[2026-04-27 05:46:28] [postprocess] processed row 51
[2026-04-27 05:46:28] [postprocess] processed row 52
[2026-04-27 05:46:28] [postprocess] processed row 53
[2026-04-27 05:46:28] [postprocess] processed row 54
[2026-04-27 05:46:28] [postprocess] processed row 55
[2026-04-27 05:46:28] [postprocess] processed row 56
[2026-04-27 05:46:28] [postprocess] processed row 57
[2026-04-27 05:46:28] [postprocess] processed row 58
[2026-04-27 05:46:28] [postprocess] processed row 59
[2026-04-27 05:46:28] [postprocess] processed row 60
[2026-04-27 05:46:28] [postprocess] processed row 61
[2026-04-27 05:46:28] [postprocess] processed row 62
[2026-04-27 05:46:28] [postprocess] processed row 63
[2026-04-27 05:46:28] [postprocess] processed row 64
[2026-04-27 05:46:28] [postprocess] processed row 65
[2026-04-27 05:46:28] [postprocess] processed row 66
[2026-04-27 05:46:28] [postprocess] processed row 67
[2026-04-27 05:46:28] [postprocess] processed row 68
[2026-04-27 05:46:28] [postprocess] processed row 69
[2026-04-27 05:46:28] [postprocess] processed row 70
[2026-04-27 05:46:28] [postprocess] processed row 71
[2026-04-27 05:46:28] [postprocess] processed row 72
[2026-04-27 05:46:28] [postprocess] processed row 73
[2026-04-27 05:46:28] [postprocess] processed row 74
[2026-04-27 05:46:28] [postprocess] processed row 75
[2026-04-27 05:46:28] [postprocess] processed row 76
[2026-04-27 05:46:28] [postprocess] processed row 77
[2026-04-27 05:46:28] [postprocess] processed row 78
[2026-04-27 05:46:28] [postprocess] processed row 79
[2026-04-27 05:46:28] [postprocess] processed row 80
[2026-04-27 05:46:28] [postprocess] processed row 81
[2026-04-27 05:46:28] [postprocess] processed row 82
[2026-04-27 05:46:28] [postprocess] processed row 83
[2026-04-27 05:46:28] [postprocess] processed row 84
[2026-04-27 05:46:28] [postprocess] processed row 85
[2026-04-27 05:46:28] [postprocess] processed row 86
[2026-04-27 05:46:28] [postprocess] processed row 87
[2026-04-27 05:46:28] [postprocess] processed row 88
[2026-04-27 05:46:28] [postprocess] processed row 89
[2026-04-27 05:46:28] [postprocess] processed row 90
[2026-04-27 05:46:28] [postprocess] processed row 91
[2026-04-27 05:46:28] [postprocess] processed row 92
[2026-04-27 05:46:28] [postprocess] processed row 93
[2026-04-27 05:46:28] [postprocess] processed row 94
[2026-04-27 05:46:28] [postprocess] processed row 95
[2026-04-27 05:46:28] [postprocess] processed row 96
[2026-04-27 05:46:28] [postprocess] processed row 97
[2026-04-27 05:46:28] [postprocess] processed row 98
[2026-04-27 05:46:28] [postprocess] processed row 99
[2026-04-27 05:46:28] [postprocess] processed row 100
[2026-04-27 05:46:28] [postprocess] processed row 101
[2026-04-27 05:46:28] [postprocess] processed row 102
[2026-04-27 05:46:28] [postprocess] processed row 103
[2026-04-27 05:46:28] [postprocess] processed row 104
[2026-04-27 05:46:28] [postprocess] processed row 105
[2026-04-27 05:46:28] [postprocess] processed row 106
[2026-04-27 05:46:28] [postprocess] processed row 107
[2026-04-27 05:46:28] [postprocess] processed row 108
[2026-04-27 05:46:28] [postprocess] processed row 109
[2026-04-27 05:46:28] [postprocess] processed row 110
[2026-04-27 05:46:28] [postprocess] processed row 111
[2026-04-27 05:46:28] [postprocess] processed row 112
[2026-04-27 05:46:28] [postprocess] processed row 113
[2026-04-27 05:46:28] [postprocess] processed row 114
[2026-04-27 05:46:28] [postprocess] processed row 115
[2026-04-27 05:46:28] [postprocess] processed row 116
[2026-04-27 05:46:28] [postprocess] processed row 117
[2026-04-27 05:46:28] [postprocess] processed row 118
[2026-04-27 05:46:28] [postprocess] processed row 119
[2026-04-27 05:46:28] [postprocess] processed row 120
[2026-04-27 05:46:28] [postprocess] processed row 121
[2026-04-27 05:46:28] [postprocess] processed row 122
[2026-04-27 05:46:28] [postprocess] processed row 123
[2026-04-27 05:46:28] [postprocess] processed row 124
[2026-04-27 05:46:28] [postprocess] processed row 125
[2026-04-27 05:46:28] [postprocess] processed row 126
[2026-04-27 05:46:28] [postprocess] processed row 127
[2026-04-27 05:46:28] [postprocess] processed row 128
[2026-04-27 05:46:28] [postprocess] processed row 129
[2026-04-27 05:46:28] [postprocess] processed row 130
[2026-04-27 05:46:28] [postprocess] processed row 131
[2026-04-27 05:46:28] [postprocess] processed row 132
[2026-04-27 05:46:28] [postprocess] processed row 133
[2026-04-27 05:46:28] [postprocess] processed row 134
[2026-04-27 05:46:28] [postprocess] processed row 135
[2026-04-27 05:46:28] [postprocess] processed row 136
[2026-04-27 05:46:28] [postprocess] processed row 137
[2026-04-27 05:46:28] [postprocess] processed row 138
[2026-04-27 05:46:28] [postprocess] processed row 139
[2026-04-27 05:46:28] [postprocess] processed row 140
[2026-04-27 05:46:28] [postprocess] processed row 141
[2026-04-27 05:46:28] [postprocess] processed row 142
[2026-04-27 05:46:28] [postprocess] processed row 143
[2026-04-27 05:46:28] [postprocess] processed row 144
[2026-04-27 05:46:28] [postprocess] processed row 145
[2026-04-27 05:46:28] [postprocess] processed row 146
[2026-04-27 05:46:28] [postprocess] processed row 147
[2026-04-27 05:46:28] [postprocess] processed row 148
[2026-04-27 05:46:28] [postprocess] processed row 149
[2026-04-27 05:46:28] [postprocess] processed row 150
[2026-04-27 05:46:28] [postprocess] processed row 151
[2026-04-27 05:46:28] [postprocess] processed row 152
[2026-04-27 05:46:28] [postprocess] processed row 153
[2026-04-27 05:46:28] [postprocess] processed row 154
[2026-04-27 05:46:28] [postprocess] processed row 155
[2026-04-27 05:46:28] [postprocess] processed row 156
[2026-04-27 05:46:28] [postprocess] processed row 157
[2026-04-27 05:46:28] [postprocess] processed row 158
[2026-04-27 05:46:28] [postprocess] processed row 159
[2026-04-27 05:46:28] [postprocess] processed row 160
[2026-04-27 05:46:28] [postprocess] processed row 161
[2026-04-27 05:46:28] [postprocess] processed row 162
[2026-04-27 05:46:28] [postprocess] processed row 163
[2026-04-27 05:46:28] [postprocess] processed row 164
[2026-04-27 05:46:28] [postprocess] processed row 165
[2026-04-27 05:46:28] [postprocess] processed row 166
[2026-04-27 05:46:28] [postprocess] processed row 167
[2026-04-27 05:46:28] [postprocess] processed row 168
[2026-04-27 05:46:28] [postprocess] processed row 169
[2026-04-27 05:46:28] [postprocess] processed row 170
[2026-04-27 05:46:28] [postprocess] processed row 171
[2026-04-27 05:46:28] [postprocess] processed row 172
[2026-04-27 05:46:28] [postprocess] processed row 173
[2026-04-27 05:46:28] [postprocess] processed row 174
[2026-04-27 05:46:28] [postprocess] processed row 175
[2026-04-27 05:46:28] [postprocess] processed row 176
[2026-04-27 05:46:28] [postprocess] processed row 177
[2026-04-27 05:46:28] [postprocess] processed row 178
[2026-04-27 05:46:28] [postprocess] processed row 179
[2026-04-27 05:46:28] [postprocess] processed row 180
[2026-04-27 05:46:28] [postprocess] processed row 181
[2026-04-27 05:46:28] [postprocess] processed row 182
[2026-04-27 05:46:28] [postprocess] processed row 183
[2026-04-27 05:46:28] [postprocess] processed row 184
[2026-04-27 05:46:28] [postprocess] processed row 185
[2026-04-27 05:46:28] [postprocess] processed row 186
[2026-04-27 05:46:28] [postprocess] processed row 187
[2026-04-27 05:46:28] [postprocess] processed row 188
[2026-04-27 05:46:28] [postprocess] processed row 189
[2026-04-27 05:46:28] [postprocess] processed row 190
[2026-04-27 05:46:28] [postprocess] processed row 191
[2026-04-27 05:46:28] [postprocess] processed row 192
[2026-04-27 05:46:28] [postprocess] processed row 193
[2026-04-27 05:46:28] [postprocess] processed row 194
[2026-04-27 05:46:28] [postprocess] processed row 195
[2026-04-27 05:46:28] [postprocess] processed row 196
[2026-04-27 05:46:28] [postprocess] processed row 197
[2026-04-27 05:46:28] [postprocess] processed row 198
[2026-04-27 05:46:28] [postprocess] processed row 199
[2026-04-27 05:46:28] [postprocess] processed row 200
[2026-04-27 05:46:28] [postprocess] processed row 201
[2026-04-27 05:46:28] [postprocess] processed row 202
[2026-04-27 05:46:28] [postprocess] processed row 203
[2026-04-27 05:46:28] [postprocess] processed row 204
[2026-04-27 05:46:28] [postprocess] processed row 205
[2026-04-27 05:46:28] [postprocess] processed row 206
[2026-04-27 05:46:28] [postprocess] processed row 207
[2026-04-27 05:46:28] [postprocess] processed row 208
[2026-04-27 05:46:28] [postprocess] processed row 209
[2026-04-27 05:46:28] [postprocess] processed row 210
[2026-04-27 05:46:28] [postprocess] processed row 211
[2026-04-27 05:46:28] [postprocess] processed row 212
[2026-04-27 05:46:28] [postprocess] processed row 213
[2026-04-27 05:46:28] [postprocess] processed row 214
[2026-04-27 05:46:28] [postprocess] processed row 215
[2026-04-27 05:46:28] [postprocess] processed row 216
[2026-04-27 05:46:28] [postprocess] processed row 217
[2026-04-27 05:46:28] [postprocess] processed row 218
[2026-04-27 05:46:28] [postprocess] processed row 219
[2026-04-27 05:46:28] [postprocess] processed row 220
[2026-04-27 05:46:28] [postprocess] processed row 221
[2026-04-27 05:46:28] [postprocess] completed
[2026-04-27 05:46:28] [main] finished
