[2026-04-13 01:36:44] [main] command=audit
[2026-04-13 01:36:44] [audit] start: input=D:\LEARNING_RESOURCE\AndroidPDS\gitRepository\Android-Privacy-Detection-Software\WEEK_5\src\output\run_20260413_002502\世纪佳缘\sentences_week3_2_2.csv, output=D:\LEARNING_RESOURCE\AndroidPDS\gitRepository\Android-Privacy-Detection-Software\WEEK_5\src\output\run_20260413_002502\世纪佳缘\audit_raw.csv, limit=None, resume=False, resume_from=None
[2026-04-13 01:36:44] [audit] row 1: request model inference
[2026-04-13 01:36:45] [audit] row 1: inference finished
[2026-04-13 01:36:45] [audit] processed row 1
[2026-04-13 01:36:45] [audit] row 2: request model inference
[2026-04-13 01:36:47] [audit] row 2: inference finished
[2026-04-13 01:36:47] [audit] processed row 2
[2026-04-13 01:36:47] [audit] row 3: request model inference
[2026-04-13 01:36:49] [audit] row 3: inference finished
[2026-04-13 01:36:49] [audit] processed row 3
[2026-04-13 01:36:49] [audit] row 4: request model inference
[2026-04-13 01:36:50] [audit] row 4: inference finished
[2026-04-13 01:36:50] [audit] processed row 4
[2026-04-13 01:36:50] [audit] row 5: request model inference
[2026-04-13 01:36:53] [audit] row 5: inference finished
[2026-04-13 01:36:53] [audit] processed row 5
[2026-04-13 01:36:53] [audit] row 6: request model inference
[2026-04-13 01:36:54] [audit] row 6: inference finished
[2026-04-13 01:36:54] [audit] processed row 6
[2026-04-13 01:36:54] [audit] row 7: request model inference
[2026-04-13 01:36:56] [audit] row 7: inference finished
[2026-04-13 01:36:56] [audit] processed row 7
[2026-04-13 01:36:56] [audit] row 8: request model inference
[2026-04-13 01:36:58] [audit] row 8: inference finished
[2026-04-13 01:36:58] [audit] processed row 8
[2026-04-13 01:36:58] [audit] row 9: request model inference
[2026-04-13 01:36:59] [audit] row 9: inference finished
[2026-04-13 01:36:59] [audit] processed row 9
[2026-04-13 01:36:59] [audit] row 10: request model inference
[2026-04-13 01:37:01] [audit] row 10: inference finished
[2026-04-13 01:37:01] [audit] processed row 10
[2026-04-13 01:37:01] [audit] row 11: request model inference
[2026-04-13 01:37:03] [audit] row 11: inference finished
[2026-04-13 01:37:03] [audit] processed row 11
[2026-04-13 01:37:03] [audit] row 12: request model inference
[2026-04-13 01:37:05] [audit] row 12: inference finished
[2026-04-13 01:37:05] [audit] processed row 12
[2026-04-13 01:37:05] [audit] row 13: request model inference
[2026-04-13 01:37:06] [audit] row 13: inference finished
[2026-04-13 01:37:06] [audit] processed row 13
[2026-04-13 01:37:06] [audit] row 14: request model inference
[2026-04-13 01:37:08] [audit] row 14: inference finished
[2026-04-13 01:37:08] [audit] processed row 14
[2026-04-13 01:37:08] [audit] row 15: request model inference
[2026-04-13 01:37:10] [audit] row 15: inference finished
[2026-04-13 01:37:10] [audit] processed row 15
[2026-04-13 01:37:10] [audit] row 16: request model inference
[2026-04-13 01:37:12] [audit] row 16: inference finished
[2026-04-13 01:37:12] [audit] processed row 16
[2026-04-13 01:37:12] [audit] row 17: request model inference
[2026-04-13 01:37:13] [audit] row 17: inference finished
[2026-04-13 01:37:13] [audit] processed row 17
[2026-04-13 01:37:13] [audit] row 18: request model inference
[2026-04-13 01:37:15] [audit] row 18: inference finished
[2026-04-13 01:37:15] [audit] processed row 18
[2026-04-13 01:37:15] [audit] row 19: request model inference
[2026-04-13 01:37:17] [audit] row 19: inference finished
[2026-04-13 01:37:17] [audit] processed row 19
[2026-04-13 01:37:17] [audit] row 20: request model inference
[2026-04-13 01:37:18] [audit] row 20: inference finished
[2026-04-13 01:37:18] [audit] processed row 20
[2026-04-13 01:37:18] [audit] row 21: request model inference
[2026-04-13 01:37:20] [audit] row 21: inference finished
[2026-04-13 01:37:20] [audit] processed row 21
[2026-04-13 01:37:20] [audit] row 22: request model inference
[2026-04-13 01:37:22] [audit] row 22: inference finished
[2026-04-13 01:37:22] [audit] processed row 22
[2026-04-13 01:37:22] [audit] row 23: request model inference
[2026-04-13 01:37:23] [audit] row 23: inference finished
[2026-04-13 01:37:23] [audit] processed row 23
[2026-04-13 01:37:23] [audit] row 24: request model inference
[2026-04-13 01:37:25] [audit] row 24: inference finished
[2026-04-13 01:37:25] [audit] processed row 24
[2026-04-13 01:37:25] [audit] row 25: request model inference
[2026-04-13 01:37:27] [audit] row 25: inference finished
[2026-04-13 01:37:27] [audit] processed row 25
[2026-04-13 01:37:27] [audit] row 26: request model inference
[2026-04-13 01:37:28] [audit] row 26: inference finished
[2026-04-13 01:37:28] [audit] processed row 26
[2026-04-13 01:37:28] [audit] row 27: request model inference
[2026-04-13 01:37:30] [audit] row 27: inference finished
[2026-04-13 01:37:30] [audit] processed row 27
[2026-04-13 01:37:30] [audit] row 28: request model inference
[2026-04-13 01:37:32] [audit] row 28: inference finished
[2026-04-13 01:37:32] [audit] processed row 28
[2026-04-13 01:37:32] [audit] row 29: request model inference
[2026-04-13 01:37:34] [audit] row 29: inference finished
[2026-04-13 01:37:34] [audit] processed row 29
[2026-04-13 01:37:34] [audit] row 30: request model inference
[2026-04-13 01:37:36] [audit] row 30: inference finished
[2026-04-13 01:37:36] [audit] processed row 30
[2026-04-13 01:37:36] [audit] row 31: request model inference
[2026-04-13 01:37:38] [audit] row 31: inference finished
[2026-04-13 01:37:38] [audit] processed row 31
[2026-04-13 01:37:38] [audit] row 32: request model inference
[2026-04-13 01:37:40] [audit] row 32: inference finished
[2026-04-13 01:37:40] [audit] processed row 32
[2026-04-13 01:37:40] [audit] row 33: request model inference
[2026-04-13 01:37:41] [audit] row 33: inference finished
[2026-04-13 01:37:41] [audit] processed row 33
[2026-04-13 01:37:41] [audit] row 34: request model inference
[2026-04-13 01:37:43] [audit] row 34: inference finished
[2026-04-13 01:37:43] [audit] processed row 34
[2026-04-13 01:37:43] [audit] row 35: request model inference
[2026-04-13 01:37:45] [audit] row 35: inference finished
[2026-04-13 01:37:45] [audit] processed row 35
[2026-04-13 01:37:45] [audit] row 36: request model inference
[2026-04-13 01:37:47] [audit] row 36: inference finished
[2026-04-13 01:37:47] [audit] processed row 36
[2026-04-13 01:37:47] [audit] row 37: request model inference
[2026-04-13 01:37:49] [audit] row 37: inference finished
[2026-04-13 01:37:49] [audit] processed row 37
[2026-04-13 01:37:49] [audit] row 38: request model inference
[2026-04-13 01:37:50] [audit] row 38: inference finished
[2026-04-13 01:37:50] [audit] processed row 38
[2026-04-13 01:37:50] [audit] row 39: request model inference
[2026-04-13 01:37:52] [audit] row 39: inference finished
[2026-04-13 01:37:52] [audit] processed row 39
[2026-04-13 01:37:52] [audit] row 40: request model inference
[2026-04-13 01:37:54] [audit] row 40: inference finished
[2026-04-13 01:37:54] [audit] processed row 40
[2026-04-13 01:37:54] [audit] row 41: request model inference
[2026-04-13 01:37:56] [audit] row 41: inference finished
[2026-04-13 01:37:56] [audit] processed row 41
[2026-04-13 01:37:56] [audit] row 42: request model inference
[2026-04-13 01:37:57] [audit] row 42: inference finished
[2026-04-13 01:37:57] [audit] processed row 42
[2026-04-13 01:37:57] [audit] row 43: request model inference
[2026-04-13 01:38:00] [audit] row 43: inference finished
[2026-04-13 01:38:00] [audit] processed row 43
[2026-04-13 01:38:00] [audit] row 44: request model inference
[2026-04-13 01:38:01] [audit] row 44: inference finished
[2026-04-13 01:38:01] [audit] processed row 44
[2026-04-13 01:38:01] [audit] row 45: request model inference
[2026-04-13 01:38:03] [audit] row 45: inference finished
[2026-04-13 01:38:03] [audit] processed row 45
[2026-04-13 01:38:03] [audit] row 46: request model inference
[2026-04-13 01:38:05] [audit] row 46: inference finished
[2026-04-13 01:38:05] [audit] processed row 46
[2026-04-13 01:38:05] [audit] row 47: request model inference
[2026-04-13 01:38:06] [audit] row 47: inference finished
[2026-04-13 01:38:06] [audit] processed row 47
[2026-04-13 01:38:06] [audit] row 48: request model inference
[2026-04-13 01:38:08] [audit] row 48: inference finished
[2026-04-13 01:38:08] [audit] processed row 48
[2026-04-13 01:38:08] [audit] row 49: request model inference
[2026-04-13 01:38:09] [audit] row 49: inference finished
[2026-04-13 01:38:09] [audit] processed row 49
[2026-04-13 01:38:09] [audit] row 50: request model inference
[2026-04-13 01:38:11] [audit] row 50: inference finished
[2026-04-13 01:38:11] [audit] processed row 50
[2026-04-13 01:38:11] [audit] row 51: request model inference
[2026-04-13 01:38:13] [audit] row 51: inference finished
[2026-04-13 01:38:13] [audit] processed row 51
[2026-04-13 01:38:13] [audit] row 52: request model inference
[2026-04-13 01:38:15] [audit] row 52: inference finished
[2026-04-13 01:38:15] [audit] processed row 52
[2026-04-13 01:38:15] [audit] row 53: request model inference
[2026-04-13 01:38:17] [audit] row 53: inference finished
[2026-04-13 01:38:17] [audit] processed row 53
[2026-04-13 01:38:17] [audit] row 54: request model inference
[2026-04-13 01:38:18] [audit] row 54: inference finished
[2026-04-13 01:38:18] [audit] processed row 54
[2026-04-13 01:38:18] [audit] row 55: request model inference
[2026-04-13 01:38:20] [audit] row 55: inference finished
[2026-04-13 01:38:20] [audit] processed row 55
[2026-04-13 01:38:20] [audit] row 56: request model inference
[2026-04-13 01:38:22] [audit] row 56: inference finished
[2026-04-13 01:38:22] [audit] processed row 56
[2026-04-13 01:38:22] [audit] row 57: request model inference
[2026-04-13 01:38:24] [audit] row 57: inference finished
[2026-04-13 01:38:24] [audit] processed row 57
[2026-04-13 01:38:24] [audit] row 58: request model inference
[2026-04-13 01:38:26] [audit] row 58: inference finished
[2026-04-13 01:38:26] [audit] processed row 58
[2026-04-13 01:38:26] [audit] row 59: request model inference
[2026-04-13 01:38:28] [audit] row 59: inference finished
[2026-04-13 01:38:28] [audit] processed row 59
[2026-04-13 01:38:28] [audit] row 60: request model inference
[2026-04-13 01:38:30] [audit] row 60: inference finished
[2026-04-13 01:38:30] [audit] processed row 60
[2026-04-13 01:38:30] [audit] row 61: request model inference
[2026-04-13 01:38:32] [audit] row 61: inference finished
[2026-04-13 01:38:32] [audit] processed row 61
[2026-04-13 01:38:32] [audit] row 62: request model inference
[2026-04-13 01:38:34] [audit] row 62: inference finished
[2026-04-13 01:38:34] [audit] processed row 62
[2026-04-13 01:38:34] [audit] row 63: request model inference
[2026-04-13 01:38:35] [audit] row 63: inference finished
[2026-04-13 01:38:35] [audit] processed row 63
[2026-04-13 01:38:35] [audit] row 64: request model inference
[2026-04-13 01:38:38] [audit] row 64: inference finished
[2026-04-13 01:38:38] [audit] processed row 64
[2026-04-13 01:38:38] [audit] row 65: request model inference
[2026-04-13 01:38:40] [audit] row 65: inference finished
[2026-04-13 01:38:40] [audit] processed row 65
[2026-04-13 01:38:40] [audit] row 66: request model inference
[2026-04-13 01:38:41] [audit] row 66: inference finished
[2026-04-13 01:38:41] [audit] processed row 66
[2026-04-13 01:38:41] [audit] row 67: request model inference
[2026-04-13 01:38:43] [audit] row 67: inference finished
[2026-04-13 01:38:43] [audit] processed row 67
[2026-04-13 01:38:43] [audit] row 68: request model inference
[2026-04-13 01:38:44] [audit] row 68: inference finished
[2026-04-13 01:38:44] [audit] processed row 68
[2026-04-13 01:38:44] [audit] row 69: request model inference
[2026-04-13 01:38:46] [audit] row 69: inference finished
[2026-04-13 01:38:46] [audit] processed row 69
[2026-04-13 01:38:46] [audit] row 70: request model inference
[2026-04-13 01:38:48] [audit] row 70: inference finished
[2026-04-13 01:38:48] [audit] processed row 70
[2026-04-13 01:38:48] [audit] row 71: request model inference
[2026-04-13 01:38:50] [audit] row 71: inference finished
[2026-04-13 01:38:50] [audit] processed row 71
[2026-04-13 01:38:50] [audit] row 72: request model inference
[2026-04-13 01:38:52] [audit] row 72: inference finished
[2026-04-13 01:38:52] [audit] processed row 72
[2026-04-13 01:38:52] [audit] row 73: request model inference
[2026-04-13 01:38:53] [audit] row 73: inference finished
[2026-04-13 01:38:53] [audit] processed row 73
[2026-04-13 01:38:53] [audit] row 74: request model inference
[2026-04-13 01:38:55] [audit] row 74: inference finished
[2026-04-13 01:38:55] [audit] processed row 74
[2026-04-13 01:38:55] [audit] row 75: request model inference
[2026-04-13 01:38:57] [audit] row 75: inference finished
[2026-04-13 01:38:57] [audit] processed row 75
[2026-04-13 01:38:57] [audit] row 76: request model inference
[2026-04-13 01:38:58] [audit] row 76: inference finished
[2026-04-13 01:38:58] [audit] processed row 76
[2026-04-13 01:38:58] [audit] row 77: request model inference
[2026-04-13 01:39:00] [audit] row 77: inference finished
[2026-04-13 01:39:00] [audit] processed row 77
[2026-04-13 01:39:00] [audit] row 78: request model inference
[2026-04-13 01:39:02] [audit] row 78: inference finished
[2026-04-13 01:39:02] [audit] processed row 78
[2026-04-13 01:39:02] [audit] row 79: request model inference
[2026-04-13 01:39:03] [audit] row 79: inference finished
[2026-04-13 01:39:03] [audit] processed row 79
[2026-04-13 01:39:03] [audit] row 80: request model inference
[2026-04-13 01:39:05] [audit] row 80: inference finished
[2026-04-13 01:39:05] [audit] processed row 80
[2026-04-13 01:39:05] [audit] row 81: request model inference
[2026-04-13 01:39:07] [audit] row 81: inference finished
[2026-04-13 01:39:07] [audit] processed row 81
[2026-04-13 01:39:07] [audit] row 82: request model inference
[2026-04-13 01:39:09] [audit] row 82: inference finished
[2026-04-13 01:39:09] [audit] processed row 82
[2026-04-13 01:39:09] [audit] row 83: request model inference
[2026-04-13 01:39:10] [audit] row 83: inference finished
[2026-04-13 01:39:10] [audit] processed row 83
[2026-04-13 01:39:10] [audit] row 84: request model inference
[2026-04-13 01:39:12] [audit] row 84: inference finished
[2026-04-13 01:39:12] [audit] processed row 84
[2026-04-13 01:39:12] [audit] row 85: request model inference
[2026-04-13 01:39:14] [audit] row 85: inference finished
[2026-04-13 01:39:14] [audit] processed row 85
[2026-04-13 01:39:14] [audit] row 86: request model inference
[2026-04-13 01:39:16] [audit] row 86: inference finished
[2026-04-13 01:39:16] [audit] processed row 86
[2026-04-13 01:39:16] [audit] row 87: request model inference
[2026-04-13 01:39:17] [audit] row 87: inference finished
[2026-04-13 01:39:17] [audit] processed row 87
[2026-04-13 01:39:17] [audit] row 88: request model inference
[2026-04-13 01:39:19] [audit] row 88: inference finished
[2026-04-13 01:39:19] [audit] processed row 88
[2026-04-13 01:39:19] [audit] row 89: request model inference
[2026-04-13 01:39:20] [audit] row 89: inference finished
[2026-04-13 01:39:20] [audit] processed row 89
[2026-04-13 01:39:20] [audit] row 90: request model inference
[2026-04-13 01:39:22] [audit] row 90: inference finished
[2026-04-13 01:39:22] [audit] processed row 90
[2026-04-13 01:39:22] [audit] row 91: request model inference
[2026-04-13 01:39:24] [audit] row 91: inference finished
[2026-04-13 01:39:24] [audit] processed row 91
[2026-04-13 01:39:24] [audit] row 92: request model inference
[2026-04-13 01:39:26] [audit] row 92: inference finished
[2026-04-13 01:39:26] [audit] processed row 92
[2026-04-13 01:39:26] [audit] row 93: request model inference
[2026-04-13 01:39:29] [audit] row 93: inference finished
[2026-04-13 01:39:29] [audit] processed row 93
[2026-04-13 01:39:29] [audit] row 94: request model inference
[2026-04-13 01:39:31] [audit] row 94: inference finished
[2026-04-13 01:39:31] [audit] processed row 94
[2026-04-13 01:39:31] [audit] row 95: request model inference
[2026-04-13 01:39:33] [audit] row 95: inference finished
[2026-04-13 01:39:33] [audit] processed row 95
[2026-04-13 01:39:33] [audit] row 96: request model inference
[2026-04-13 01:39:34] [audit] row 96: inference finished
[2026-04-13 01:39:34] [audit] processed row 96
[2026-04-13 01:39:34] [audit] row 97: request model inference
[2026-04-13 01:39:36] [audit] row 97: inference finished
[2026-04-13 01:39:36] [audit] processed row 97
[2026-04-13 01:39:36] [audit] row 98: request model inference
[2026-04-13 01:39:38] [audit] row 98: inference finished
[2026-04-13 01:39:38] [audit] processed row 98
[2026-04-13 01:39:38] [audit] row 99: request model inference
[2026-04-13 01:39:40] [audit] row 99: inference finished
[2026-04-13 01:39:40] [audit] processed row 99
[2026-04-13 01:39:40] [audit] row 100: request model inference
[2026-04-13 01:39:41] [audit] row 100: inference finished
[2026-04-13 01:39:41] [audit] processed row 100
[2026-04-13 01:39:41] [audit] row 101: request model inference
[2026-04-13 01:39:43] [audit] row 101: inference finished
[2026-04-13 01:39:43] [audit] processed row 101
[2026-04-13 01:39:43] [audit] row 102: request model inference
[2026-04-13 01:39:44] [audit] row 102: inference finished
[2026-04-13 01:39:44] [audit] processed row 102
[2026-04-13 01:39:44] [audit] row 103: request model inference
[2026-04-13 01:39:46] [audit] row 103: inference finished
[2026-04-13 01:39:46] [audit] processed row 103
[2026-04-13 01:39:46] [audit] row 104: request model inference
[2026-04-13 01:39:48] [audit] row 104: inference finished
[2026-04-13 01:39:48] [audit] processed row 104
[2026-04-13 01:39:48] [audit] row 105: request model inference
[2026-04-13 01:39:50] [audit] row 105: inference finished
[2026-04-13 01:39:50] [audit] processed row 105
[2026-04-13 01:39:50] [audit] row 106: request model inference
[2026-04-13 01:39:51] [audit] row 106: inference finished
[2026-04-13 01:39:51] [audit] processed row 106
[2026-04-13 01:39:51] [audit] row 107: request model inference
[2026-04-13 01:39:53] [audit] row 107: inference finished
[2026-04-13 01:39:53] [audit] processed row 107
[2026-04-13 01:39:53] [audit] row 108: request model inference
[2026-04-13 01:39:55] [audit] row 108: inference finished
[2026-04-13 01:39:55] [audit] processed row 108
[2026-04-13 01:39:55] [audit] row 109: request model inference
[2026-04-13 01:39:57] [audit] row 109: inference finished
[2026-04-13 01:39:57] [audit] processed row 109
[2026-04-13 01:39:57] [audit] row 110: request model inference
[2026-04-13 01:39:58] [audit] row 110: inference finished
[2026-04-13 01:39:58] [audit] processed row 110
[2026-04-13 01:39:58] [audit] row 111: request model inference
[2026-04-13 01:40:00] [audit] row 111: inference finished
[2026-04-13 01:40:00] [audit] processed row 111
[2026-04-13 01:40:00] [audit] row 112: request model inference
[2026-04-13 01:40:02] [audit] row 112: inference finished
[2026-04-13 01:40:02] [audit] processed row 112
[2026-04-13 01:40:02] [audit] row 113: request model inference
[2026-04-13 01:40:04] [audit] row 113: inference finished
[2026-04-13 01:40:04] [audit] processed row 113
[2026-04-13 01:40:04] [audit] row 114: request model inference
[2026-04-13 01:40:05] [audit] row 114: inference finished
[2026-04-13 01:40:05] [audit] processed row 114
[2026-04-13 01:40:05] [audit] row 115: request model inference
[2026-04-13 01:40:07] [audit] row 115: inference finished
[2026-04-13 01:40:07] [audit] processed row 115
[2026-04-13 01:40:07] [audit] row 116: request model inference
[2026-04-13 01:40:09] [audit] row 116: inference finished
[2026-04-13 01:40:09] [audit] processed row 116
[2026-04-13 01:40:09] [audit] row 117: request model inference
[2026-04-13 01:40:10] [audit] row 117: inference finished
[2026-04-13 01:40:10] [audit] processed row 117
[2026-04-13 01:40:10] [audit] row 118: request model inference
[2026-04-13 01:40:12] [audit] row 118: inference finished
[2026-04-13 01:40:12] [audit] processed row 118
[2026-04-13 01:40:12] [audit] row 119: request model inference
[2026-04-13 01:40:14] [audit] row 119: inference finished
[2026-04-13 01:40:14] [audit] processed row 119
[2026-04-13 01:40:14] [audit] row 120: request model inference
[2026-04-13 01:40:16] [audit] row 120: inference finished
[2026-04-13 01:40:16] [audit] processed row 120
[2026-04-13 01:40:16] [audit] row 121: request model inference
[2026-04-13 01:40:17] [audit] row 121: inference finished
[2026-04-13 01:40:17] [audit] processed row 121
[2026-04-13 01:40:17] [audit] row 122: request model inference
[2026-04-13 01:40:19] [audit] row 122: inference finished
[2026-04-13 01:40:19] [audit] processed row 122
[2026-04-13 01:40:19] [audit] row 123: request model inference
[2026-04-13 01:40:21] [audit] row 123: inference finished
[2026-04-13 01:40:21] [audit] processed row 123
[2026-04-13 01:40:21] [audit] row 124: request model inference
[2026-04-13 01:40:23] [audit] row 124: inference finished
[2026-04-13 01:40:23] [audit] processed row 124
[2026-04-13 01:40:23] [audit] row 125: request model inference
[2026-04-13 01:40:24] [audit] row 125: inference finished
[2026-04-13 01:40:24] [audit] processed row 125
[2026-04-13 01:40:24] [audit] row 126: request model inference
[2026-04-13 01:40:26] [audit] row 126: inference finished
[2026-04-13 01:40:26] [audit] processed row 126
[2026-04-13 01:40:26] [audit] row 127: request model inference
[2026-04-13 01:40:28] [audit] row 127: inference finished
[2026-04-13 01:40:28] [audit] processed row 127
[2026-04-13 01:40:28] [audit] row 128: request model inference
[2026-04-13 01:40:30] [audit] row 128: inference finished
[2026-04-13 01:40:30] [audit] processed row 128
[2026-04-13 01:40:30] [audit] row 129: request model inference
[2026-04-13 01:40:32] [audit] row 129: inference finished
[2026-04-13 01:40:32] [audit] processed row 129
[2026-04-13 01:40:32] [audit] row 130: request model inference
[2026-04-13 01:40:34] [audit] row 130: inference finished
[2026-04-13 01:40:34] [audit] processed row 130
[2026-04-13 01:40:34] [audit] row 131: request model inference
[2026-04-13 01:40:35] [audit] row 131: inference finished
[2026-04-13 01:40:35] [audit] processed row 131
[2026-04-13 01:40:35] [audit] row 132: request model inference
[2026-04-13 01:40:37] [audit] row 132: inference finished
[2026-04-13 01:40:37] [audit] processed row 132
[2026-04-13 01:40:37] [audit] row 133: request model inference
[2026-04-13 01:40:39] [audit] row 133: inference finished
[2026-04-13 01:40:39] [audit] processed row 133
[2026-04-13 01:40:39] [audit] row 134: request model inference
[2026-04-13 01:40:41] [audit] row 134: inference finished
[2026-04-13 01:40:41] [audit] processed row 134
[2026-04-13 01:40:41] [audit] row 135: request model inference
[2026-04-13 01:40:42] [audit] row 135: inference finished
[2026-04-13 01:40:42] [audit] processed row 135
[2026-04-13 01:40:42] [audit] row 136: request model inference
[2026-04-13 01:40:44] [audit] row 136: inference finished
[2026-04-13 01:40:44] [audit] processed row 136
[2026-04-13 01:40:44] [audit] row 137: request model inference
[2026-04-13 01:40:46] [audit] row 137: inference finished
[2026-04-13 01:40:46] [audit] processed row 137
[2026-04-13 01:40:46] [audit] row 138: request model inference
[2026-04-13 01:40:48] [audit] row 138: inference finished
[2026-04-13 01:40:48] [audit] processed row 138
[2026-04-13 01:40:48] [audit] row 139: request model inference
[2026-04-13 01:40:50] [audit] row 139: inference finished
[2026-04-13 01:40:50] [audit] processed row 139
[2026-04-13 01:40:50] [audit] row 140: request model inference
[2026-04-13 01:40:52] [audit] row 140: inference finished
[2026-04-13 01:40:52] [audit] processed row 140
[2026-04-13 01:40:52] [audit] row 141: request model inference
[2026-04-13 01:40:53] [audit] row 141: inference finished
[2026-04-13 01:40:53] [audit] processed row 141
[2026-04-13 01:40:53] [audit] row 142: request model inference
[2026-04-13 01:40:55] [audit] row 142: inference finished
[2026-04-13 01:40:55] [audit] processed row 142
[2026-04-13 01:40:55] [audit] row 143: request model inference
[2026-04-13 01:40:57] [audit] row 143: inference finished
[2026-04-13 01:40:57] [audit] processed row 143
[2026-04-13 01:40:57] [audit] row 144: request model inference
[2026-04-13 01:40:59] [audit] row 144: inference finished
[2026-04-13 01:40:59] [audit] processed row 144
[2026-04-13 01:40:59] [audit] row 145: request model inference
[2026-04-13 01:41:00] [audit] row 145: inference finished
[2026-04-13 01:41:00] [audit] processed row 145
[2026-04-13 01:41:00] [audit] row 146: request model inference
[2026-04-13 01:41:02] [audit] row 146: inference finished
[2026-04-13 01:41:02] [audit] processed row 146
[2026-04-13 01:41:02] [audit] row 147: request model inference
[2026-04-13 01:41:04] [audit] row 147: inference finished
[2026-04-13 01:41:04] [audit] processed row 147
[2026-04-13 01:41:04] [audit] row 148: request model inference
[2026-04-13 01:41:06] [audit] row 148: inference finished
[2026-04-13 01:41:06] [audit] processed row 148
[2026-04-13 01:41:06] [audit] row 149: request model inference
[2026-04-13 01:41:08] [audit] row 149: inference finished
[2026-04-13 01:41:08] [audit] processed row 149
[2026-04-13 01:41:08] [audit] row 150: request model inference
[2026-04-13 01:41:09] [audit] row 150: inference finished
[2026-04-13 01:41:09] [audit] processed row 150
[2026-04-13 01:41:09] [audit] row 151: request model inference
[2026-04-13 01:41:11] [audit] row 151: inference finished
[2026-04-13 01:41:11] [audit] processed row 151
[2026-04-13 01:41:11] [audit] row 152: request model inference
[2026-04-13 01:41:13] [audit] row 152: inference finished
[2026-04-13 01:41:13] [audit] processed row 152
[2026-04-13 01:41:13] [audit] row 153: request model inference
[2026-04-13 01:41:15] [audit] row 153: inference finished
[2026-04-13 01:41:15] [audit] processed row 153
[2026-04-13 01:41:15] [audit] row 154: request model inference
[2026-04-13 01:41:17] [audit] row 154: inference finished
[2026-04-13 01:41:17] [audit] processed row 154
[2026-04-13 01:41:17] [audit] row 155: request model inference
[2026-04-13 01:41:18] [audit] row 155: inference finished
[2026-04-13 01:41:18] [audit] processed row 155
[2026-04-13 01:41:18] [audit] row 156: request model inference
[2026-04-13 01:41:20] [audit] row 156: inference finished
[2026-04-13 01:41:20] [audit] processed row 156
[2026-04-13 01:41:20] [audit] row 157: request model inference
[2026-04-13 01:41:21] [audit] row 157: inference finished
[2026-04-13 01:41:21] [audit] processed row 157
[2026-04-13 01:41:21] [audit] row 158: request model inference
[2026-04-13 01:41:23] [audit] row 158: inference finished
[2026-04-13 01:41:23] [audit] processed row 158
[2026-04-13 01:41:23] [audit] row 159: request model inference
[2026-04-13 01:41:25] [audit] row 159: inference finished
[2026-04-13 01:41:25] [audit] processed row 159
[2026-04-13 01:41:25] [audit] row 160: request model inference
[2026-04-13 01:41:28] [audit] row 160: inference finished
[2026-04-13 01:41:28] [audit] processed row 160
[2026-04-13 01:41:28] [audit] row 161: request model inference
[2026-04-13 01:41:30] [audit] row 161: inference finished
[2026-04-13 01:41:30] [audit] processed row 161
[2026-04-13 01:41:30] [audit] row 162: request model inference
[2026-04-13 01:41:31] [audit] row 162: inference finished
[2026-04-13 01:41:31] [audit] processed row 162
[2026-04-13 01:41:31] [audit] row 163: request model inference
[2026-04-13 01:41:33] [audit] row 163: inference finished
[2026-04-13 01:41:33] [audit] processed row 163
[2026-04-13 01:41:33] [audit] row 164: request model inference
[2026-04-13 01:41:35] [audit] row 164: inference finished
[2026-04-13 01:41:35] [audit] processed row 164
[2026-04-13 01:41:35] [audit] row 165: request model inference
[2026-04-13 01:41:36] [audit] row 165: inference finished
[2026-04-13 01:41:36] [audit] processed row 165
[2026-04-13 01:41:36] [audit] row 166: request model inference
[2026-04-13 01:41:38] [audit] row 166: inference finished
[2026-04-13 01:41:38] [audit] processed row 166
[2026-04-13 01:41:38] [audit] row 167: request model inference
[2026-04-13 01:41:40] [audit] row 167: inference finished
[2026-04-13 01:41:40] [audit] processed row 167
[2026-04-13 01:41:40] [audit] row 168: request model inference
[2026-04-13 01:41:42] [audit] row 168: inference finished
[2026-04-13 01:41:42] [audit] processed row 168
[2026-04-13 01:41:42] [audit] row 169: request model inference
[2026-04-13 01:41:44] [audit] row 169: inference finished
[2026-04-13 01:41:44] [audit] processed row 169
[2026-04-13 01:41:44] [audit] row 170: request model inference
[2026-04-13 01:41:46] [audit] row 170: inference finished
[2026-04-13 01:41:46] [audit] processed row 170
[2026-04-13 01:41:46] [audit] row 171: request model inference
[2026-04-13 01:41:47] [audit] row 171: inference finished
[2026-04-13 01:41:47] [audit] processed row 171
[2026-04-13 01:41:47] [audit] row 172: request model inference
[2026-04-13 01:41:49] [audit] row 172: inference finished
[2026-04-13 01:41:49] [audit] processed row 172
[2026-04-13 01:41:49] [audit] row 173: request model inference
[2026-04-13 01:41:51] [audit] row 173: inference finished
[2026-04-13 01:41:51] [audit] processed row 173
[2026-04-13 01:41:51] [audit] row 174: request model inference
[2026-04-13 01:41:52] [audit] row 174: inference finished
[2026-04-13 01:41:52] [audit] processed row 174
[2026-04-13 01:41:52] [audit] row 175: request model inference
[2026-04-13 01:41:54] [audit] row 175: inference finished
[2026-04-13 01:41:54] [audit] processed row 175
[2026-04-13 01:41:54] [audit] row 176: request model inference
[2026-04-13 01:41:56] [audit] row 176: inference finished
[2026-04-13 01:41:56] [audit] processed row 176
[2026-04-13 01:41:56] [audit] row 177: request model inference
[2026-04-13 01:41:57] [audit] row 177: inference finished
[2026-04-13 01:41:57] [audit] processed row 177
[2026-04-13 01:41:57] [audit] row 178: request model inference
[2026-04-13 01:41:59] [audit] row 178: inference finished
[2026-04-13 01:41:59] [audit] processed row 178
[2026-04-13 01:41:59] [audit] row 179: request model inference
[2026-04-13 01:42:01] [audit] row 179: inference finished
[2026-04-13 01:42:01] [audit] processed row 179
[2026-04-13 01:42:01] [audit] row 180: request model inference
[2026-04-13 01:42:02] [audit] row 180: inference finished
[2026-04-13 01:42:02] [audit] processed row 180
[2026-04-13 01:42:02] [audit] row 181: request model inference
[2026-04-13 01:42:04] [audit] row 181: inference finished
[2026-04-13 01:42:04] [audit] processed row 181
[2026-04-13 01:42:04] [audit] row 182: request model inference
[2026-04-13 01:42:06] [audit] row 182: inference finished
[2026-04-13 01:42:06] [audit] processed row 182
[2026-04-13 01:42:06] [audit] row 183: request model inference
[2026-04-13 01:42:07] [audit] row 183: inference finished
[2026-04-13 01:42:07] [audit] processed row 183
[2026-04-13 01:42:07] [audit] row 184: request model inference
[2026-04-13 01:42:09] [audit] row 184: inference finished
[2026-04-13 01:42:09] [audit] processed row 184
[2026-04-13 01:42:09] [audit] row 185: request model inference
[2026-04-13 01:42:11] [audit] row 185: inference finished
[2026-04-13 01:42:11] [audit] processed row 185
[2026-04-13 01:42:11] [audit] row 186: request model inference
[2026-04-13 01:42:13] [audit] row 186: inference finished
[2026-04-13 01:42:13] [audit] processed row 186
[2026-04-13 01:42:13] [audit] row 187: request model inference
[2026-04-13 01:42:15] [audit] row 187: inference finished
[2026-04-13 01:42:15] [audit] processed row 187
[2026-04-13 01:42:15] [audit] row 188: request model inference
[2026-04-13 01:42:17] [audit] row 188: inference finished
[2026-04-13 01:42:17] [audit] processed row 188
[2026-04-13 01:42:17] [audit] row 189: request model inference
[2026-04-13 01:42:19] [audit] row 189: inference finished
[2026-04-13 01:42:19] [audit] processed row 189
[2026-04-13 01:42:19] [audit] row 190: request model inference
[2026-04-13 01:42:20] [audit] row 190: inference finished
[2026-04-13 01:42:20] [audit] processed row 190
[2026-04-13 01:42:20] [audit] row 191: request model inference
[2026-04-13 01:42:22] [audit] row 191: inference finished
[2026-04-13 01:42:22] [audit] processed row 191
[2026-04-13 01:42:22] [audit] row 192: request model inference
[2026-04-13 01:42:24] [audit] row 192: inference finished
[2026-04-13 01:42:24] [audit] processed row 192
[2026-04-13 01:42:24] [audit] row 193: request model inference
[2026-04-13 01:42:26] [audit] row 193: inference finished
[2026-04-13 01:42:26] [audit] processed row 193
[2026-04-13 01:42:26] [audit] row 194: request model inference
[2026-04-13 01:42:28] [audit] row 194: inference finished
[2026-04-13 01:42:28] [audit] processed row 194
[2026-04-13 01:42:28] [audit] row 195: request model inference
[2026-04-13 01:42:30] [audit] row 195: inference finished
[2026-04-13 01:42:30] [audit] processed row 195
[2026-04-13 01:42:30] [audit] row 196: request model inference
[2026-04-13 01:42:32] [audit] row 196: inference finished
[2026-04-13 01:42:32] [audit] processed row 196
[2026-04-13 01:42:32] [audit] row 197: request model inference
[2026-04-13 01:42:34] [audit] row 197: inference finished
[2026-04-13 01:42:34] [audit] processed row 197
[2026-04-13 01:42:34] [audit] row 198: request model inference
[2026-04-13 01:42:35] [audit] row 198: inference finished
[2026-04-13 01:42:35] [audit] processed row 198
[2026-04-13 01:42:35] [audit] row 199: request model inference
[2026-04-13 01:42:37] [audit] row 199: inference finished
[2026-04-13 01:42:37] [audit] processed row 199
[2026-04-13 01:42:37] [audit] row 200: request model inference
[2026-04-13 01:42:39] [audit] row 200: inference finished
[2026-04-13 01:42:39] [audit] processed row 200
[2026-04-13 01:42:39] [audit] row 201: request model inference
[2026-04-13 01:42:40] [audit] row 201: inference finished
[2026-04-13 01:42:40] [audit] processed row 201
[2026-04-13 01:42:40] [audit] row 202: request model inference
[2026-04-13 01:42:43] [audit] row 202: inference finished
[2026-04-13 01:42:43] [audit] processed row 202
[2026-04-13 01:42:43] [audit] row 203: request model inference
[2026-04-13 01:42:44] [audit] row 203: inference finished
[2026-04-13 01:42:44] [audit] processed row 203
[2026-04-13 01:42:44] [audit] row 204: request model inference
[2026-04-13 01:42:46] [audit] row 204: inference finished
[2026-04-13 01:42:46] [audit] processed row 204
[2026-04-13 01:42:46] [audit] row 205: request model inference
[2026-04-13 01:42:48] [audit] row 205: inference finished
[2026-04-13 01:42:48] [audit] processed row 205
[2026-04-13 01:42:48] [audit] row 206: request model inference
[2026-04-13 01:42:50] [audit] row 206: inference finished
[2026-04-13 01:42:50] [audit] processed row 206
[2026-04-13 01:42:50] [audit] row 207: request model inference
[2026-04-13 01:42:51] [audit] row 207: inference finished
[2026-04-13 01:42:51] [audit] processed row 207
[2026-04-13 01:42:51] [audit] row 208: request model inference
[2026-04-13 01:42:53] [audit] row 208: inference finished
[2026-04-13 01:42:53] [audit] processed row 208
[2026-04-13 01:42:53] [audit] row 209: request model inference
[2026-04-13 01:42:55] [audit] row 209: inference finished
[2026-04-13 01:42:55] [audit] processed row 209
[2026-04-13 01:42:55] [audit] row 210: request model inference
[2026-04-13 01:42:57] [audit] row 210: inference finished
[2026-04-13 01:42:57] [audit] processed row 210
[2026-04-13 01:42:57] [audit] row 211: request model inference
[2026-04-13 01:42:58] [audit] row 211: inference finished
[2026-04-13 01:42:58] [audit] processed row 211
[2026-04-13 01:42:58] [audit] row 212: request model inference
[2026-04-13 01:43:00] [audit] row 212: inference finished
[2026-04-13 01:43:00] [audit] processed row 212
[2026-04-13 01:43:00] [audit] row 213: request model inference
[2026-04-13 01:43:02] [audit] row 213: inference finished
[2026-04-13 01:43:02] [audit] processed row 213
[2026-04-13 01:43:02] [audit] row 214: request model inference
[2026-04-13 01:43:04] [audit] row 214: inference finished
[2026-04-13 01:43:04] [audit] processed row 214
[2026-04-13 01:43:04] [audit] row 215: request model inference
[2026-04-13 01:43:06] [audit] row 215: inference finished
[2026-04-13 01:43:06] [audit] processed row 215
[2026-04-13 01:43:06] [audit] row 216: request model inference
[2026-04-13 01:43:07] [audit] row 216: inference finished
[2026-04-13 01:43:07] [audit] processed row 216
[2026-04-13 01:43:07] [audit] row 217: request model inference
[2026-04-13 01:43:09] [audit] row 217: inference finished
[2026-04-13 01:43:09] [audit] processed row 217
[2026-04-13 01:43:09] [audit] row 218: request model inference
[2026-04-13 01:43:11] [audit] row 218: inference finished
[2026-04-13 01:43:11] [audit] processed row 218
[2026-04-13 01:43:11] [audit] row 219: request model inference
[2026-04-13 01:43:13] [audit] row 219: inference finished
[2026-04-13 01:43:13] [audit] processed row 219
[2026-04-13 01:43:13] [audit] row 220: request model inference
[2026-04-13 01:43:14] [audit] row 220: inference finished
[2026-04-13 01:43:14] [audit] processed row 220
[2026-04-13 01:43:14] [audit] row 221: request model inference
[2026-04-13 01:43:17] [audit] row 221: inference finished
[2026-04-13 01:43:17] [audit] processed row 221
[2026-04-13 01:43:17] [audit] row 222: request model inference
[2026-04-13 01:43:19] [audit] row 222: inference finished
[2026-04-13 01:43:19] [audit] processed row 222
[2026-04-13 01:43:19] [audit] row 223: request model inference
[2026-04-13 01:43:21] [audit] row 223: inference finished
[2026-04-13 01:43:21] [audit] processed row 223
[2026-04-13 01:43:21] [audit] row 224: request model inference
[2026-04-13 01:43:22] [audit] row 224: inference finished
[2026-04-13 01:43:22] [audit] processed row 224
[2026-04-13 01:43:22] [audit] row 225: request model inference
[2026-04-13 01:43:24] [audit] row 225: inference finished
[2026-04-13 01:43:24] [audit] processed row 225
[2026-04-13 01:43:24] [audit] row 226: request model inference
[2026-04-13 01:43:26] [audit] row 226: inference finished
[2026-04-13 01:43:26] [audit] processed row 226
[2026-04-13 01:43:26] [audit] row 227: request model inference
[2026-04-13 01:43:27] [audit] row 227: inference finished
[2026-04-13 01:43:27] [audit] processed row 227
[2026-04-13 01:43:27] [audit] row 228: request model inference
[2026-04-13 01:43:30] [audit] row 228: inference finished
[2026-04-13 01:43:30] [audit] processed row 228
[2026-04-13 01:43:30] [audit] row 229: request model inference
[2026-04-13 01:43:31] [audit] row 229: inference finished
[2026-04-13 01:43:31] [audit] processed row 229
[2026-04-13 01:43:31] [audit] row 230: request model inference
[2026-04-13 01:43:33] [audit] row 230: inference finished
[2026-04-13 01:43:33] [audit] processed row 230
[2026-04-13 01:43:33] [audit] row 231: request model inference
[2026-04-13 01:43:34] [audit] row 231: inference finished
[2026-04-13 01:43:34] [audit] processed row 231
[2026-04-13 01:43:34] [audit] row 232: request model inference
[2026-04-13 01:43:36] [audit] row 232: inference finished
[2026-04-13 01:43:36] [audit] processed row 232
[2026-04-13 01:43:36] [audit] row 233: request model inference
[2026-04-13 01:43:38] [audit] row 233: inference finished
[2026-04-13 01:43:38] [audit] processed row 233
[2026-04-13 01:43:38] [audit] row 234: request model inference
[2026-04-13 01:43:39] [audit] row 234: inference finished
[2026-04-13 01:43:39] [audit] processed row 234
[2026-04-13 01:43:39] [audit] row 235: request model inference
[2026-04-13 01:43:41] [audit] row 235: inference finished
[2026-04-13 01:43:41] [audit] processed row 235
[2026-04-13 01:43:41] [audit] row 236: request model inference
[2026-04-13 01:43:43] [audit] row 236: inference finished
[2026-04-13 01:43:43] [audit] processed row 236
[2026-04-13 01:43:43] [audit] row 237: request model inference
[2026-04-13 01:43:45] [audit] row 237: inference finished
[2026-04-13 01:43:45] [audit] processed row 237
[2026-04-13 01:43:45] [audit] row 238: request model inference
[2026-04-13 01:43:46] [audit] row 238: inference finished
[2026-04-13 01:43:46] [audit] processed row 238
[2026-04-13 01:43:46] [audit] row 239: request model inference
[2026-04-13 01:43:48] [audit] row 239: inference finished
[2026-04-13 01:43:48] [audit] processed row 239
[2026-04-13 01:43:48] [audit] row 240: request model inference
[2026-04-13 01:43:50] [audit] row 240: inference finished
[2026-04-13 01:43:50] [audit] processed row 240
[2026-04-13 01:43:50] [audit] row 241: request model inference
[2026-04-13 01:43:51] [audit] row 241: inference finished
[2026-04-13 01:43:51] [audit] processed row 241
[2026-04-13 01:43:51] [audit] row 242: request model inference
[2026-04-13 01:43:53] [audit] row 242: inference finished
[2026-04-13 01:43:53] [audit] processed row 242
[2026-04-13 01:43:53] [audit] row 243: request model inference
[2026-04-13 01:43:54] [audit] row 243: inference finished
[2026-04-13 01:43:54] [audit] processed row 243
[2026-04-13 01:43:54] [audit] row 244: request model inference
[2026-04-13 01:43:56] [audit] row 244: inference finished
[2026-04-13 01:43:56] [audit] processed row 244
[2026-04-13 01:43:56] [audit] row 245: request model inference
[2026-04-13 01:43:58] [audit] row 245: inference finished
[2026-04-13 01:43:58] [audit] processed row 245
[2026-04-13 01:43:58] [audit] row 246: request model inference
[2026-04-13 01:44:00] [audit] row 246: inference finished
[2026-04-13 01:44:00] [audit] processed row 246
[2026-04-13 01:44:00] [audit] row 247: request model inference
[2026-04-13 01:44:01] [audit] row 247: inference finished
[2026-04-13 01:44:01] [audit] processed row 247
[2026-04-13 01:44:01] [audit] row 248: request model inference
[2026-04-13 01:44:03] [audit] row 248: inference finished
[2026-04-13 01:44:03] [audit] processed row 248
[2026-04-13 01:44:03] [audit] row 249: request model inference
[2026-04-13 01:44:05] [audit] row 249: inference finished
[2026-04-13 01:44:05] [audit] processed row 249
[2026-04-13 01:44:05] [audit] row 250: request model inference
[2026-04-13 01:44:06] [audit] row 250: inference finished
[2026-04-13 01:44:06] [audit] processed row 250
[2026-04-13 01:44:06] [audit] row 251: request model inference
[2026-04-13 01:44:08] [audit] row 251: inference finished
[2026-04-13 01:44:08] [audit] processed row 251
[2026-04-13 01:44:08] [audit] row 252: request model inference
[2026-04-13 01:44:10] [audit] row 252: inference finished
[2026-04-13 01:44:10] [audit] processed row 252
[2026-04-13 01:44:10] [audit] row 253: request model inference
[2026-04-13 01:44:12] [audit] row 253: inference finished
[2026-04-13 01:44:12] [audit] processed row 253
[2026-04-13 01:44:12] [audit] row 254: request model inference
[2026-04-13 01:44:14] [audit] row 254: inference finished
[2026-04-13 01:44:14] [audit] processed row 254
[2026-04-13 01:44:14] [audit] row 255: request model inference
[2026-04-13 01:44:16] [audit] row 255: inference finished
[2026-04-13 01:44:16] [audit] processed row 255
[2026-04-13 01:44:16] [audit] row 256: request model inference
[2026-04-13 01:44:17] [audit] row 256: inference finished
[2026-04-13 01:44:17] [audit] processed row 256
[2026-04-13 01:44:17] [audit] row 257: request model inference
[2026-04-13 01:44:19] [audit] row 257: inference finished
[2026-04-13 01:44:19] [audit] processed row 257
[2026-04-13 01:44:19] [audit] row 258: request model inference
[2026-04-13 01:44:20] [audit] row 258: inference finished
[2026-04-13 01:44:20] [audit] processed row 258
[2026-04-13 01:44:20] [audit] row 259: request model inference
[2026-04-13 01:44:22] [audit] row 259: inference finished
[2026-04-13 01:44:22] [audit] processed row 259
[2026-04-13 01:44:22] [audit] row 260: request model inference
[2026-04-13 01:44:24] [audit] row 260: inference finished
[2026-04-13 01:44:24] [audit] processed row 260
[2026-04-13 01:44:24] [audit] row 261: request model inference
[2026-04-13 01:44:26] [audit] row 261: inference finished
[2026-04-13 01:44:26] [audit] processed row 261
[2026-04-13 01:44:26] [audit] row 262: request model inference
[2026-04-13 01:44:28] [audit] row 262: inference finished
[2026-04-13 01:44:28] [audit] processed row 262
[2026-04-13 01:44:28] [audit] row 263: request model inference
[2026-04-13 01:44:30] [audit] row 263: inference finished
[2026-04-13 01:44:30] [audit] processed row 263
[2026-04-13 01:44:30] [audit] row 264: request model inference
[2026-04-13 01:44:32] [audit] row 264: inference finished
[2026-04-13 01:44:32] [audit] processed row 264
[2026-04-13 01:44:32] [audit] row 265: request model inference
[2026-04-13 01:44:34] [audit] row 265: inference finished
[2026-04-13 01:44:34] [audit] processed row 265
[2026-04-13 01:44:34] [audit] row 266: request model inference
[2026-04-13 01:44:36] [audit] row 266: inference finished
[2026-04-13 01:44:36] [audit] processed row 266
[2026-04-13 01:44:36] [audit] row 267: request model inference
[2026-04-13 01:44:37] [audit] row 267: inference finished
[2026-04-13 01:44:37] [audit] processed row 267
[2026-04-13 01:44:37] [audit] row 268: request model inference
[2026-04-13 01:44:39] [audit] row 268: inference finished
[2026-04-13 01:44:39] [audit] processed row 268
[2026-04-13 01:44:39] [audit] row 269: request model inference
[2026-04-13 01:44:42] [audit] row 269: inference finished
[2026-04-13 01:44:42] [audit] processed row 269
[2026-04-13 01:44:42] [audit] row 270: request model inference
[2026-04-13 01:44:44] [audit] row 270: inference finished
[2026-04-13 01:44:44] [audit] processed row 270
[2026-04-13 01:44:44] [audit] row 271: request model inference
[2026-04-13 01:44:45] [audit] row 271: inference finished
[2026-04-13 01:44:45] [audit] processed row 271
[2026-04-13 01:44:45] [audit] row 272: request model inference
[2026-04-13 01:44:47] [audit] row 272: inference finished
[2026-04-13 01:44:47] [audit] processed row 272
[2026-04-13 01:44:47] [audit] row 273: request model inference
[2026-04-13 01:44:49] [audit] row 273: inference finished
[2026-04-13 01:44:49] [audit] processed row 273
[2026-04-13 01:44:49] [audit] row 274: request model inference
[2026-04-13 01:44:50] [audit] row 274: inference finished
[2026-04-13 01:44:50] [audit] processed row 274
[2026-04-13 01:44:50] [audit] row 275: request model inference
[2026-04-13 01:44:52] [audit] row 275: inference finished
[2026-04-13 01:44:52] [audit] processed row 275
[2026-04-13 01:44:52] [audit] row 276: request model inference
[2026-04-13 01:44:53] [audit] row 276: inference finished
[2026-04-13 01:44:53] [audit] processed row 276
[2026-04-13 01:44:53] [audit] row 277: request model inference
[2026-04-13 01:44:55] [audit] row 277: inference finished
[2026-04-13 01:44:55] [audit] processed row 277
[2026-04-13 01:44:55] [audit] row 278: request model inference
[2026-04-13 01:44:56] [audit] row 278: inference finished
[2026-04-13 01:44:56] [audit] processed row 278
[2026-04-13 01:44:56] [audit] row 279: request model inference
[2026-04-13 01:44:58] [audit] row 279: inference finished
[2026-04-13 01:44:58] [audit] processed row 279
[2026-04-13 01:44:58] [audit] row 280: request model inference
[2026-04-13 01:45:00] [audit] row 280: inference finished
[2026-04-13 01:45:00] [audit] processed row 280
[2026-04-13 01:45:00] [audit] row 281: request model inference
[2026-04-13 01:45:02] [audit] row 281: inference finished
[2026-04-13 01:45:02] [audit] processed row 281
[2026-04-13 01:45:02] [audit] row 282: request model inference
[2026-04-13 01:45:04] [audit] row 282: inference finished
[2026-04-13 01:45:04] [audit] processed row 282
[2026-04-13 01:45:04] [audit] row 283: request model inference
[2026-04-13 01:45:05] [audit] row 283: inference finished
[2026-04-13 01:45:05] [audit] processed row 283
[2026-04-13 01:45:05] [audit] row 284: request model inference
[2026-04-13 01:45:07] [audit] row 284: inference finished
[2026-04-13 01:45:07] [audit] processed row 284
[2026-04-13 01:45:07] [audit] row 285: request model inference
[2026-04-13 01:45:09] [audit] row 285: inference finished
[2026-04-13 01:45:09] [audit] processed row 285
[2026-04-13 01:45:09] [audit] row 286: request model inference
[2026-04-13 01:45:10] [audit] row 286: inference finished
[2026-04-13 01:45:10] [audit] processed row 286
[2026-04-13 01:45:10] [audit] row 287: request model inference
[2026-04-13 01:45:12] [audit] row 287: inference finished
[2026-04-13 01:45:12] [audit] processed row 287
[2026-04-13 01:45:12] [audit] row 288: request model inference
[2026-04-13 01:45:14] [audit] row 288: inference finished
[2026-04-13 01:45:14] [audit] processed row 288
[2026-04-13 01:45:14] [audit] row 289: request model inference
[2026-04-13 01:45:16] [audit] row 289: inference finished
[2026-04-13 01:45:16] [audit] processed row 289
[2026-04-13 01:45:16] [audit] row 290: request model inference
[2026-04-13 01:45:18] [audit] row 290: inference finished
[2026-04-13 01:45:18] [audit] processed row 290
[2026-04-13 01:45:18] [audit] row 291: request model inference
[2026-04-13 01:45:20] [audit] row 291: inference finished
[2026-04-13 01:45:20] [audit] processed row 291
[2026-04-13 01:45:20] [audit] row 292: request model inference
[2026-04-13 01:45:21] [audit] row 292: inference finished
[2026-04-13 01:45:21] [audit] processed row 292
[2026-04-13 01:45:21] [audit] row 293: request model inference
[2026-04-13 01:45:23] [audit] row 293: inference finished
[2026-04-13 01:45:23] [audit] processed row 293
[2026-04-13 01:45:23] [audit] row 294: request model inference
[2026-04-13 01:45:25] [audit] row 294: inference finished
[2026-04-13 01:45:25] [audit] processed row 294
[2026-04-13 01:45:25] [audit] row 295: request model inference
[2026-04-13 01:45:27] [audit] row 295: inference finished
[2026-04-13 01:45:27] [audit] processed row 295
[2026-04-13 01:45:27] [audit] row 296: request model inference
[2026-04-13 01:45:29] [audit] row 296: inference finished
[2026-04-13 01:45:29] [audit] processed row 296
[2026-04-13 01:45:29] [audit] row 297: request model inference
[2026-04-13 01:45:30] [audit] row 297: inference finished
[2026-04-13 01:45:30] [audit] processed row 297
[2026-04-13 01:45:30] [audit] row 298: request model inference
[2026-04-13 01:45:32] [audit] row 298: inference finished
[2026-04-13 01:45:32] [audit] processed row 298
[2026-04-13 01:45:32] [audit] row 299: request model inference
[2026-04-13 01:45:34] [audit] row 299: inference finished
[2026-04-13 01:45:34] [audit] processed row 299
[2026-04-13 01:45:34] [audit] row 300: request model inference
[2026-04-13 01:45:35] [audit] row 300: inference finished
[2026-04-13 01:45:35] [audit] processed row 300
[2026-04-13 01:45:35] [audit] row 301: request model inference
[2026-04-13 01:45:37] [audit] row 301: inference finished
[2026-04-13 01:45:37] [audit] processed row 301
[2026-04-13 01:45:37] [audit] row 302: request model inference
[2026-04-13 01:45:39] [audit] row 302: inference finished
[2026-04-13 01:45:39] [audit] processed row 302
[2026-04-13 01:45:39] [audit] row 303: request model inference
[2026-04-13 01:45:40] [audit] row 303: inference finished
[2026-04-13 01:45:40] [audit] processed row 303
[2026-04-13 01:45:40] [audit] row 304: request model inference
[2026-04-13 01:45:42] [audit] row 304: inference finished
[2026-04-13 01:45:42] [audit] processed row 304
[2026-04-13 01:45:42] [audit] row 305: request model inference
[2026-04-13 01:45:44] [audit] row 305: inference finished
[2026-04-13 01:45:44] [audit] processed row 305
[2026-04-13 01:45:44] [audit] row 306: request model inference
[2026-04-13 01:45:46] [audit] row 306: inference finished
[2026-04-13 01:45:46] [audit] processed row 306
[2026-04-13 01:45:46] [audit] row 307: request model inference
[2026-04-13 01:45:48] [audit] row 307: inference finished
[2026-04-13 01:45:48] [audit] processed row 307
[2026-04-13 01:45:48] [audit] row 308: request model inference
[2026-04-13 01:45:49] [audit] row 308: inference finished
[2026-04-13 01:45:49] [audit] processed row 308
[2026-04-13 01:45:49] [audit] row 309: request model inference
[2026-04-13 01:45:52] [audit] row 309: inference finished
[2026-04-13 01:45:52] [audit] processed row 309
[2026-04-13 01:45:52] [audit] row 310: request model inference
[2026-04-13 01:45:53] [audit] row 310: inference finished
[2026-04-13 01:45:53] [audit] processed row 310
[2026-04-13 01:45:53] [audit] row 311: request model inference
[2026-04-13 01:45:55] [audit] row 311: inference finished
[2026-04-13 01:45:55] [audit] processed row 311
[2026-04-13 01:45:55] [audit] row 312: request model inference
[2026-04-13 01:45:57] [audit] row 312: inference finished
[2026-04-13 01:45:57] [audit] processed row 312
[2026-04-13 01:45:57] [audit] row 313: request model inference
[2026-04-13 01:45:59] [audit] row 313: inference finished
[2026-04-13 01:45:59] [audit] processed row 313
[2026-04-13 01:45:59] [audit] row 314: request model inference
[2026-04-13 01:46:00] [audit] row 314: inference finished
[2026-04-13 01:46:00] [audit] processed row 314
[2026-04-13 01:46:00] [audit] row 315: request model inference
[2026-04-13 01:46:02] [audit] row 315: inference finished
[2026-04-13 01:46:02] [audit] processed row 315
[2026-04-13 01:46:02] [audit] row 316: request model inference
[2026-04-13 01:46:04] [audit] row 316: inference finished
[2026-04-13 01:46:04] [audit] processed row 316
[2026-04-13 01:46:04] [audit] row 317: request model inference
[2026-04-13 01:46:06] [audit] row 317: inference finished
[2026-04-13 01:46:06] [audit] processed row 317
[2026-04-13 01:46:06] [audit] row 318: request model inference
[2026-04-13 01:46:08] [audit] row 318: inference finished
[2026-04-13 01:46:08] [audit] processed row 318
[2026-04-13 01:46:08] [audit] row 319: request model inference
[2026-04-13 01:46:10] [audit] row 319: inference finished
[2026-04-13 01:46:10] [audit] processed row 319
[2026-04-13 01:46:10] [audit] row 320: request model inference
[2026-04-13 01:46:12] [audit] row 320: inference finished
[2026-04-13 01:46:12] [audit] processed row 320
[2026-04-13 01:46:12] [audit] row 321: request model inference
[2026-04-13 01:46:14] [audit] row 321: inference finished
[2026-04-13 01:46:14] [audit] processed row 321
[2026-04-13 01:46:14] [audit] row 322: request model inference
[2026-04-13 01:46:16] [audit] row 322: inference finished
[2026-04-13 01:46:16] [audit] processed row 322
[2026-04-13 01:46:16] [audit] row 323: request model inference
[2026-04-13 01:46:17] [audit] row 323: inference finished
[2026-04-13 01:46:17] [audit] processed row 323
[2026-04-13 01:46:17] [audit] completed: processed_in_this_run=323, last_input_row_seen=323
[2026-04-13 01:46:17] [main] finished
