[2026-04-27 07:30:21] [main] command=postprocess
[2026-04-27 07:30:21] [postprocess] start: input=D:\LEARNING_RESOURCE\AndroidPDS\gitRepository\Android-Privacy-Detection-Software\WEEK_7\src\analyzer\output\run_20260427_001723\平安证券\audit_raw.csv, output=D:\LEARNING_RESOURCE\AndroidPDS\gitRepository\Android-Privacy-Detection-Software\WEEK_7\src\analyzer\output\run_20260427_001723\平安证券\audit_processed.csv
[2026-04-27 07:30:21] [postprocess] processed row 1
[2026-04-27 07:30:21] [postprocess] processed row 2
[2026-04-27 07:30:21] [postprocess] processed row 3
[2026-04-27 07:30:21] [postprocess] processed row 4
[2026-04-27 07:30:21] [postprocess] processed row 5
[2026-04-27 07:30:21] [postprocess] processed row 6
[2026-04-27 07:30:21] [postprocess] processed row 7
[2026-04-27 07:30:21] [postprocess] processed row 8
[2026-04-27 07:30:21] [postprocess] processed row 9
[2026-04-27 07:30:21] [postprocess] processed row 10
[2026-04-27 07:30:21] [postprocess] processed row 11
[2026-04-27 07:30:21] [postprocess] processed row 12
[2026-04-27 07:30:21] [postprocess] processed row 13
[2026-04-27 07:30:21] [postprocess] processed row 14
[2026-04-27 07:30:21] [postprocess] processed row 15
[2026-04-27 07:30:21] [postprocess] processed row 16
[2026-04-27 07:30:21] [postprocess] processed row 17
[2026-04-27 07:30:21] [postprocess] processed row 18
[2026-04-27 07:30:21] [postprocess] processed row 19
[2026-04-27 07:30:21] [postprocess] processed row 20
[2026-04-27 07:30:21] [postprocess] processed row 21
[2026-04-27 07:30:21] [postprocess] processed row 22
[2026-04-27 07:30:21] [postprocess] processed row 23
[2026-04-27 07:30:21] [postprocess] processed row 24
[2026-04-27 07:30:21] [postprocess] processed row 25
[2026-04-27 07:30:21] [postprocess] processed row 26
[2026-04-27 07:30:21] [postprocess] processed row 27
[2026-04-27 07:30:21] [postprocess] processed row 28
[2026-04-27 07:30:21] [postprocess] processed row 29
[2026-04-27 07:30:21] [postprocess] processed row 30
[2026-04-27 07:30:21] [postprocess] processed row 31
[2026-04-27 07:30:21] [postprocess] processed row 32
[2026-04-27 07:30:21] [postprocess] processed row 33
[2026-04-27 07:30:21] [postprocess] processed row 34
[2026-04-27 07:30:21] [postprocess] processed row 35
[2026-04-27 07:30:21] [postprocess] processed row 36
[2026-04-27 07:30:21] [postprocess] processed row 37
[2026-04-27 07:30:21] [postprocess] processed row 38
[2026-04-27 07:30:21] [postprocess] processed row 39
[2026-04-27 07:30:21] [postprocess] processed row 40
[2026-04-27 07:30:21] [postprocess] processed row 41
[2026-04-27 07:30:21] [postprocess] processed row 42
[2026-04-27 07:30:21] [postprocess] processed row 43
[2026-04-27 07:30:21] [postprocess] processed row 44
[2026-04-27 07:30:21] [postprocess] processed row 45
[2026-04-27 07:30:21] [postprocess] processed row 46
[2026-04-27 07:30:21] [postprocess] processed row 47
[2026-04-27 07:30:21] [postprocess] processed row 48
[2026-04-27 07:30:21] [postprocess] processed row 49
[2026-04-27 07:30:21] [postprocess] processed row 50
[2026-04-27 07:30:21] [postprocess] processed row 51
[2026-04-27 07:30:21] [postprocess] processed row 52
[2026-04-27 07:30:21] [postprocess] processed row 53
[2026-04-27 07:30:21] [postprocess] processed row 54
[2026-04-27 07:30:21] [postprocess] processed row 55
[2026-04-27 07:30:21] [postprocess] processed row 56
[2026-04-27 07:30:21] [postprocess] processed row 57
[2026-04-27 07:30:21] [postprocess] processed row 58
[2026-04-27 07:30:21] [postprocess] processed row 59
[2026-04-27 07:30:21] [postprocess] processed row 60
[2026-04-27 07:30:21] [postprocess] processed row 61
[2026-04-27 07:30:21] [postprocess] processed row 62
[2026-04-27 07:30:21] [postprocess] processed row 63
[2026-04-27 07:30:21] [postprocess] processed row 64
[2026-04-27 07:30:21] [postprocess] processed row 65
[2026-04-27 07:30:21] [postprocess] processed row 66
[2026-04-27 07:30:21] [postprocess] processed row 67
[2026-04-27 07:30:21] [postprocess] processed row 68
[2026-04-27 07:30:21] [postprocess] processed row 69
[2026-04-27 07:30:21] [postprocess] processed row 70
[2026-04-27 07:30:21] [postprocess] processed row 71
[2026-04-27 07:30:21] [postprocess] processed row 72
[2026-04-27 07:30:21] [postprocess] processed row 73
[2026-04-27 07:30:21] [postprocess] processed row 74
[2026-04-27 07:30:21] [postprocess] processed row 75
[2026-04-27 07:30:21] [postprocess] processed row 76
[2026-04-27 07:30:21] [postprocess] processed row 77
[2026-04-27 07:30:21] [postprocess] processed row 78
[2026-04-27 07:30:21] [postprocess] processed row 79
[2026-04-27 07:30:21] [postprocess] processed row 80
[2026-04-27 07:30:21] [postprocess] processed row 81
[2026-04-27 07:30:21] [postprocess] processed row 82
[2026-04-27 07:30:21] [postprocess] processed row 83
[2026-04-27 07:30:21] [postprocess] processed row 84
[2026-04-27 07:30:21] [postprocess] processed row 85
[2026-04-27 07:30:21] [postprocess] processed row 86
[2026-04-27 07:30:21] [postprocess] processed row 87
[2026-04-27 07:30:21] [postprocess] processed row 88
[2026-04-27 07:30:21] [postprocess] processed row 89
[2026-04-27 07:30:21] [postprocess] processed row 90
[2026-04-27 07:30:21] [postprocess] processed row 91
[2026-04-27 07:30:21] [postprocess] processed row 92
[2026-04-27 07:30:21] [postprocess] processed row 93
[2026-04-27 07:30:21] [postprocess] processed row 94
[2026-04-27 07:30:21] [postprocess] processed row 95
[2026-04-27 07:30:21] [postprocess] processed row 96
[2026-04-27 07:30:21] [postprocess] processed row 97
[2026-04-27 07:30:21] [postprocess] processed row 98
[2026-04-27 07:30:21] [postprocess] processed row 99
[2026-04-27 07:30:21] [postprocess] processed row 100
[2026-04-27 07:30:21] [postprocess] processed row 101
[2026-04-27 07:30:21] [postprocess] processed row 102
[2026-04-27 07:30:21] [postprocess] processed row 103
[2026-04-27 07:30:21] [postprocess] processed row 104
[2026-04-27 07:30:21] [postprocess] processed row 105
[2026-04-27 07:30:21] [postprocess] processed row 106
[2026-04-27 07:30:21] [postprocess] processed row 107
[2026-04-27 07:30:21] [postprocess] processed row 108
[2026-04-27 07:30:21] [postprocess] processed row 109
[2026-04-27 07:30:21] [postprocess] processed row 110
[2026-04-27 07:30:21] [postprocess] processed row 111
[2026-04-27 07:30:21] [postprocess] processed row 112
[2026-04-27 07:30:21] [postprocess] processed row 113
[2026-04-27 07:30:21] [postprocess] processed row 114
[2026-04-27 07:30:21] [postprocess] processed row 115
[2026-04-27 07:30:21] [postprocess] processed row 116
[2026-04-27 07:30:21] [postprocess] processed row 117
[2026-04-27 07:30:21] [postprocess] processed row 118
[2026-04-27 07:30:21] [postprocess] processed row 119
[2026-04-27 07:30:21] [postprocess] processed row 120
[2026-04-27 07:30:21] [postprocess] processed row 121
[2026-04-27 07:30:21] [postprocess] processed row 122
[2026-04-27 07:30:21] [postprocess] processed row 123
[2026-04-27 07:30:21] [postprocess] processed row 124
[2026-04-27 07:30:21] [postprocess] processed row 125
[2026-04-27 07:30:21] [postprocess] processed row 126
[2026-04-27 07:30:21] [postprocess] processed row 127
[2026-04-27 07:30:21] [postprocess] processed row 128
[2026-04-27 07:30:21] [postprocess] processed row 129
[2026-04-27 07:30:21] [postprocess] processed row 130
[2026-04-27 07:30:21] [postprocess] processed row 131
[2026-04-27 07:30:21] [postprocess] processed row 132
[2026-04-27 07:30:21] [postprocess] processed row 133
[2026-04-27 07:30:21] [postprocess] processed row 134
[2026-04-27 07:30:21] [postprocess] processed row 135
[2026-04-27 07:30:21] [postprocess] processed row 136
[2026-04-27 07:30:21] [postprocess] processed row 137
[2026-04-27 07:30:21] [postprocess] processed row 138
[2026-04-27 07:30:21] [postprocess] processed row 139
[2026-04-27 07:30:21] [postprocess] processed row 140
[2026-04-27 07:30:21] [postprocess] processed row 141
[2026-04-27 07:30:21] [postprocess] processed row 142
[2026-04-27 07:30:21] [postprocess] processed row 143
[2026-04-27 07:30:21] [postprocess] processed row 144
[2026-04-27 07:30:21] [postprocess] processed row 145
[2026-04-27 07:30:21] [postprocess] processed row 146
[2026-04-27 07:30:21] [postprocess] processed row 147
[2026-04-27 07:30:21] [postprocess] processed row 148
[2026-04-27 07:30:21] [postprocess] processed row 149
[2026-04-27 07:30:21] [postprocess] processed row 150
[2026-04-27 07:30:21] [postprocess] processed row 151
[2026-04-27 07:30:21] [postprocess] processed row 152
[2026-04-27 07:30:21] [postprocess] processed row 153
[2026-04-27 07:30:21] [postprocess] processed row 154
[2026-04-27 07:30:21] [postprocess] processed row 155
[2026-04-27 07:30:21] [postprocess] processed row 156
[2026-04-27 07:30:21] [postprocess] processed row 157
[2026-04-27 07:30:21] [postprocess] processed row 158
[2026-04-27 07:30:21] [postprocess] processed row 159
[2026-04-27 07:30:21] [postprocess] processed row 160
[2026-04-27 07:30:21] [postprocess] processed row 161
[2026-04-27 07:30:21] [postprocess] processed row 162
[2026-04-27 07:30:21] [postprocess] processed row 163
[2026-04-27 07:30:21] [postprocess] processed row 164
[2026-04-27 07:30:21] [postprocess] processed row 165
[2026-04-27 07:30:21] [postprocess] processed row 166
[2026-04-27 07:30:21] [postprocess] processed row 167
[2026-04-27 07:30:21] [postprocess] processed row 168
[2026-04-27 07:30:21] [postprocess] processed row 169
[2026-04-27 07:30:21] [postprocess] processed row 170
[2026-04-27 07:30:21] [postprocess] processed row 171
[2026-04-27 07:30:21] [postprocess] processed row 172
[2026-04-27 07:30:21] [postprocess] processed row 173
[2026-04-27 07:30:21] [postprocess] processed row 174
[2026-04-27 07:30:21] [postprocess] processed row 175
[2026-04-27 07:30:21] [postprocess] processed row 176
[2026-04-27 07:30:21] [postprocess] processed row 177
[2026-04-27 07:30:21] [postprocess] processed row 178
[2026-04-27 07:30:21] [postprocess] processed row 179
[2026-04-27 07:30:21] [postprocess] processed row 180
[2026-04-27 07:30:21] [postprocess] processed row 181
[2026-04-27 07:30:21] [postprocess] processed row 182
[2026-04-27 07:30:21] [postprocess] processed row 183
[2026-04-27 07:30:21] [postprocess] processed row 184
[2026-04-27 07:30:21] [postprocess] processed row 185
[2026-04-27 07:30:21] [postprocess] processed row 186
[2026-04-27 07:30:21] [postprocess] processed row 187
[2026-04-27 07:30:21] [postprocess] processed row 188
[2026-04-27 07:30:21] [postprocess] processed row 189
[2026-04-27 07:30:21] [postprocess] processed row 190
[2026-04-27 07:30:21] [postprocess] processed row 191
[2026-04-27 07:30:21] [postprocess] processed row 192
[2026-04-27 07:30:21] [postprocess] processed row 193
[2026-04-27 07:30:21] [postprocess] processed row 194
[2026-04-27 07:30:21] [postprocess] processed row 195
[2026-04-27 07:30:21] [postprocess] processed row 196
[2026-04-27 07:30:21] [postprocess] processed row 197
[2026-04-27 07:30:21] [postprocess] processed row 198
[2026-04-27 07:30:21] [postprocess] processed row 199
[2026-04-27 07:30:21] [postprocess] processed row 200
[2026-04-27 07:30:21] [postprocess] processed row 201
[2026-04-27 07:30:21] [postprocess] processed row 202
[2026-04-27 07:30:21] [postprocess] processed row 203
[2026-04-27 07:30:21] [postprocess] processed row 204
[2026-04-27 07:30:21] [postprocess] processed row 205
[2026-04-27 07:30:21] [postprocess] processed row 206
[2026-04-27 07:30:21] [postprocess] processed row 207
[2026-04-27 07:30:21] [postprocess] processed row 208
[2026-04-27 07:30:21] [postprocess] processed row 209
[2026-04-27 07:30:21] [postprocess] processed row 210
[2026-04-27 07:30:21] [postprocess] processed row 211
[2026-04-27 07:30:21] [postprocess] processed row 212
[2026-04-27 07:30:21] [postprocess] processed row 213
[2026-04-27 07:30:21] [postprocess] processed row 214
[2026-04-27 07:30:21] [postprocess] processed row 215
[2026-04-27 07:30:21] [postprocess] processed row 216
[2026-04-27 07:30:21] [postprocess] processed row 217
[2026-04-27 07:30:21] [postprocess] processed row 218
[2026-04-27 07:30:21] [postprocess] processed row 219
[2026-04-27 07:30:21] [postprocess] processed row 220
[2026-04-27 07:30:21] [postprocess] processed row 221
[2026-04-27 07:30:21] [postprocess] processed row 222
[2026-04-27 07:30:21] [postprocess] processed row 223
[2026-04-27 07:30:21] [postprocess] processed row 224
[2026-04-27 07:30:21] [postprocess] processed row 225
[2026-04-27 07:30:21] [postprocess] processed row 226
[2026-04-27 07:30:21] [postprocess] processed row 227
[2026-04-27 07:30:21] [postprocess] processed row 228
[2026-04-27 07:30:21] [postprocess] processed row 229
[2026-04-27 07:30:21] [postprocess] processed row 230
[2026-04-27 07:30:21] [postprocess] processed row 231
[2026-04-27 07:30:21] [postprocess] processed row 232
[2026-04-27 07:30:21] [postprocess] processed row 233
[2026-04-27 07:30:21] [postprocess] processed row 234
[2026-04-27 07:30:21] [postprocess] processed row 235
[2026-04-27 07:30:21] [postprocess] processed row 236
[2026-04-27 07:30:21] [postprocess] processed row 237
[2026-04-27 07:30:21] [postprocess] processed row 238
[2026-04-27 07:30:21] [postprocess] processed row 239
[2026-04-27 07:30:21] [postprocess] processed row 240
[2026-04-27 07:30:21] [postprocess] processed row 241
[2026-04-27 07:30:21] [postprocess] processed row 242
[2026-04-27 07:30:21] [postprocess] processed row 243
[2026-04-27 07:30:21] [postprocess] processed row 244
[2026-04-27 07:30:21] [postprocess] processed row 245
[2026-04-27 07:30:21] [postprocess] processed row 246
[2026-04-27 07:30:21] [postprocess] processed row 247
[2026-04-27 07:30:21] [postprocess] processed row 248
[2026-04-27 07:30:21] [postprocess] processed row 249
[2026-04-27 07:30:21] [postprocess] processed row 250
[2026-04-27 07:30:21] [postprocess] processed row 251
[2026-04-27 07:30:21] [postprocess] processed row 252
[2026-04-27 07:30:21] [postprocess] processed row 253
[2026-04-27 07:30:21] [postprocess] processed row 254
[2026-04-27 07:30:21] [postprocess] processed row 255
[2026-04-27 07:30:21] [postprocess] processed row 256
[2026-04-27 07:30:21] [postprocess] processed row 257
[2026-04-27 07:30:21] [postprocess] processed row 258
[2026-04-27 07:30:21] [postprocess] processed row 259
[2026-04-27 07:30:21] [postprocess] processed row 260
[2026-04-27 07:30:21] [postprocess] processed row 261
[2026-04-27 07:30:21] [postprocess] processed row 262
[2026-04-27 07:30:21] [postprocess] processed row 263
[2026-04-27 07:30:21] [postprocess] processed row 264
[2026-04-27 07:30:21] [postprocess] processed row 265
[2026-04-27 07:30:21] [postprocess] processed row 266
[2026-04-27 07:30:21] [postprocess] processed row 267
[2026-04-27 07:30:21] [postprocess] processed row 268
[2026-04-27 07:30:21] [postprocess] processed row 269
[2026-04-27 07:30:21] [postprocess] processed row 270
[2026-04-27 07:30:21] [postprocess] processed row 271
[2026-04-27 07:30:21] [postprocess] processed row 272
[2026-04-27 07:30:21] [postprocess] processed row 273
[2026-04-27 07:30:21] [postprocess] processed row 274
[2026-04-27 07:30:21] [postprocess] processed row 275
[2026-04-27 07:30:21] [postprocess] processed row 276
[2026-04-27 07:30:21] [postprocess] processed row 277
[2026-04-27 07:30:21] [postprocess] processed row 278
[2026-04-27 07:30:21] [postprocess] processed row 279
[2026-04-27 07:30:21] [postprocess] processed row 280
[2026-04-27 07:30:21] [postprocess] processed row 281
[2026-04-27 07:30:21] [postprocess] processed row 282
[2026-04-27 07:30:21] [postprocess] processed row 283
[2026-04-27 07:30:21] [postprocess] processed row 284
[2026-04-27 07:30:21] [postprocess] processed row 285
[2026-04-27 07:30:21] [postprocess] processed row 286
[2026-04-27 07:30:21] [postprocess] processed row 287
[2026-04-27 07:30:21] [postprocess] processed row 288
[2026-04-27 07:30:21] [postprocess] processed row 289
[2026-04-27 07:30:21] [postprocess] processed row 290
[2026-04-27 07:30:21] [postprocess] processed row 291
[2026-04-27 07:30:21] [postprocess] processed row 292
[2026-04-27 07:30:21] [postprocess] processed row 293
[2026-04-27 07:30:21] [postprocess] processed row 294
[2026-04-27 07:30:21] [postprocess] processed row 295
[2026-04-27 07:30:21] [postprocess] processed row 296
[2026-04-27 07:30:21] [postprocess] processed row 297
[2026-04-27 07:30:21] [postprocess] processed row 298
[2026-04-27 07:30:21] [postprocess] processed row 299
[2026-04-27 07:30:21] [postprocess] processed row 300
[2026-04-27 07:30:21] [postprocess] processed row 301
[2026-04-27 07:30:21] [postprocess] processed row 302
[2026-04-27 07:30:21] [postprocess] processed row 303
[2026-04-27 07:30:21] [postprocess] processed row 304
[2026-04-27 07:30:21] [postprocess] processed row 305
[2026-04-27 07:30:21] [postprocess] processed row 306
[2026-04-27 07:30:21] [postprocess] processed row 307
[2026-04-27 07:30:21] [postprocess] processed row 308
[2026-04-27 07:30:21] [postprocess] processed row 309
[2026-04-27 07:30:21] [postprocess] processed row 310
[2026-04-27 07:30:21] [postprocess] processed row 311
[2026-04-27 07:30:21] [postprocess] processed row 312
[2026-04-27 07:30:21] [postprocess] processed row 313
[2026-04-27 07:30:21] [postprocess] processed row 314
[2026-04-27 07:30:21] [postprocess] processed row 315
[2026-04-27 07:30:21] [postprocess] processed row 316
[2026-04-27 07:30:21] [postprocess] processed row 317
[2026-04-27 07:30:21] [postprocess] processed row 318
[2026-04-27 07:30:21] [postprocess] processed row 319
[2026-04-27 07:30:21] [postprocess] processed row 320
[2026-04-27 07:30:21] [postprocess] processed row 321
[2026-04-27 07:30:21] [postprocess] processed row 322
[2026-04-27 07:30:21] [postprocess] processed row 323
[2026-04-27 07:30:21] [postprocess] processed row 324
[2026-04-27 07:30:21] [postprocess] processed row 325
[2026-04-27 07:30:21] [postprocess] processed row 326
[2026-04-27 07:30:21] [postprocess] processed row 327
[2026-04-27 07:30:21] [postprocess] processed row 328
[2026-04-27 07:30:21] [postprocess] processed row 329
[2026-04-27 07:30:21] [postprocess] processed row 330
[2026-04-27 07:30:21] [postprocess] processed row 331
[2026-04-27 07:30:21] [postprocess] processed row 332
[2026-04-27 07:30:21] [postprocess] processed row 333
[2026-04-27 07:30:21] [postprocess] processed row 334
[2026-04-27 07:30:21] [postprocess] processed row 335
[2026-04-27 07:30:21] [postprocess] processed row 336
[2026-04-27 07:30:21] [postprocess] processed row 337
[2026-04-27 07:30:21] [postprocess] processed row 338
[2026-04-27 07:30:21] [postprocess] processed row 339
[2026-04-27 07:30:21] [postprocess] processed row 340
[2026-04-27 07:30:21] [postprocess] processed row 341
[2026-04-27 07:30:21] [postprocess] processed row 342
[2026-04-27 07:30:21] [postprocess] processed row 343
[2026-04-27 07:30:21] [postprocess] processed row 344
[2026-04-27 07:30:21] [postprocess] processed row 345
[2026-04-27 07:30:21] [postprocess] processed row 346
[2026-04-27 07:30:21] [postprocess] processed row 347
[2026-04-27 07:30:21] [postprocess] processed row 348
[2026-04-27 07:30:21] [postprocess] processed row 349
[2026-04-27 07:30:21] [postprocess] processed row 350
[2026-04-27 07:30:21] [postprocess] processed row 351
[2026-04-27 07:30:21] [postprocess] processed row 352
[2026-04-27 07:30:21] [postprocess] processed row 353
[2026-04-27 07:30:21] [postprocess] processed row 354
[2026-04-27 07:30:21] [postprocess] processed row 355
[2026-04-27 07:30:21] [postprocess] processed row 356
[2026-04-27 07:30:21] [postprocess] processed row 357
[2026-04-27 07:30:21] [postprocess] processed row 358
[2026-04-27 07:30:21] [postprocess] processed row 359
[2026-04-27 07:30:21] [postprocess] processed row 360
[2026-04-27 07:30:21] [postprocess] processed row 361
[2026-04-27 07:30:21] [postprocess] processed row 362
[2026-04-27 07:30:21] [postprocess] processed row 363
[2026-04-27 07:30:21] [postprocess] processed row 364
[2026-04-27 07:30:21] [postprocess] processed row 365
[2026-04-27 07:30:21] [postprocess] processed row 366
[2026-04-27 07:30:21] [postprocess] processed row 367
[2026-04-27 07:30:21] [postprocess] processed row 368
[2026-04-27 07:30:21] [postprocess] processed row 369
[2026-04-27 07:30:21] [postprocess] processed row 370
[2026-04-27 07:30:21] [postprocess] processed row 371
[2026-04-27 07:30:21] [postprocess] processed row 372
[2026-04-27 07:30:21] [postprocess] processed row 373
[2026-04-27 07:30:21] [postprocess] processed row 374
[2026-04-27 07:30:21] [postprocess] processed row 375
[2026-04-27 07:30:21] [postprocess] processed row 376
[2026-04-27 07:30:21] [postprocess] processed row 377
[2026-04-27 07:30:21] [postprocess] processed row 378
[2026-04-27 07:30:21] [postprocess] processed row 379
[2026-04-27 07:30:21] [postprocess] processed row 380
[2026-04-27 07:30:21] [postprocess] processed row 381
[2026-04-27 07:30:21] [postprocess] processed row 382
[2026-04-27 07:30:21] [postprocess] processed row 383
[2026-04-27 07:30:21] [postprocess] processed row 384
[2026-04-27 07:30:21] [postprocess] processed row 385
[2026-04-27 07:30:21] [postprocess] processed row 386
[2026-04-27 07:30:21] [postprocess] processed row 387
[2026-04-27 07:30:21] [postprocess] processed row 388
[2026-04-27 07:30:21] [postprocess] processed row 389
[2026-04-27 07:30:21] [postprocess] processed row 390
[2026-04-27 07:30:21] [postprocess] processed row 391
[2026-04-27 07:30:21] [postprocess] processed row 392
[2026-04-27 07:30:21] [postprocess] processed row 393
[2026-04-27 07:30:21] [postprocess] processed row 394
[2026-04-27 07:30:21] [postprocess] processed row 395
[2026-04-27 07:30:21] [postprocess] processed row 396
[2026-04-27 07:30:21] [postprocess] processed row 397
[2026-04-27 07:30:21] [postprocess] processed row 398
[2026-04-27 07:30:21] [postprocess] processed row 399
[2026-04-27 07:30:21] [postprocess] processed row 400
[2026-04-27 07:30:21] [postprocess] processed row 401
[2026-04-27 07:30:21] [postprocess] processed row 402
[2026-04-27 07:30:21] [postprocess] processed row 403
[2026-04-27 07:30:21] [postprocess] processed row 404
[2026-04-27 07:30:21] [postprocess] processed row 405
[2026-04-27 07:30:21] [postprocess] processed row 406
[2026-04-27 07:30:21] [postprocess] processed row 407
[2026-04-27 07:30:21] [postprocess] processed row 408
[2026-04-27 07:30:21] [postprocess] processed row 409
[2026-04-27 07:30:21] [postprocess] processed row 410
[2026-04-27 07:30:21] [postprocess] processed row 411
[2026-04-27 07:30:21] [postprocess] processed row 412
[2026-04-27 07:30:21] [postprocess] processed row 413
[2026-04-27 07:30:21] [postprocess] processed row 414
[2026-04-27 07:30:21] [postprocess] processed row 415
[2026-04-27 07:30:21] [postprocess] processed row 416
[2026-04-27 07:30:21] [postprocess] processed row 417
[2026-04-27 07:30:21] [postprocess] processed row 418
[2026-04-27 07:30:21] [postprocess] processed row 419
[2026-04-27 07:30:21] [postprocess] processed row 420
[2026-04-27 07:30:21] [postprocess] processed row 421
[2026-04-27 07:30:21] [postprocess] processed row 422
[2026-04-27 07:30:21] [postprocess] processed row 423
[2026-04-27 07:30:21] [postprocess] processed row 424
[2026-04-27 07:30:21] [postprocess] processed row 425
[2026-04-27 07:30:21] [postprocess] processed row 426
[2026-04-27 07:30:21] [postprocess] processed row 427
[2026-04-27 07:30:21] [postprocess] processed row 428
[2026-04-27 07:30:21] [postprocess] processed row 429
[2026-04-27 07:30:21] [postprocess] processed row 430
[2026-04-27 07:30:21] [postprocess] processed row 431
[2026-04-27 07:30:21] [postprocess] processed row 432
[2026-04-27 07:30:21] [postprocess] processed row 433
[2026-04-27 07:30:21] [postprocess] processed row 434
[2026-04-27 07:30:21] [postprocess] processed row 435
[2026-04-27 07:30:21] [postprocess] processed row 436
[2026-04-27 07:30:21] [postprocess] processed row 437
[2026-04-27 07:30:21] [postprocess] processed row 438
[2026-04-27 07:30:21] [postprocess] processed row 439
[2026-04-27 07:30:21] [postprocess] processed row 440
[2026-04-27 07:30:21] [postprocess] processed row 441
[2026-04-27 07:30:21] [postprocess] processed row 442
[2026-04-27 07:30:21] [postprocess] processed row 443
[2026-04-27 07:30:21] [postprocess] processed row 444
[2026-04-27 07:30:21] [postprocess] processed row 445
[2026-04-27 07:30:21] [postprocess] processed row 446
[2026-04-27 07:30:21] [postprocess] processed row 447
[2026-04-27 07:30:21] [postprocess] processed row 448
[2026-04-27 07:30:21] [postprocess] processed row 449
[2026-04-27 07:30:21] [postprocess] processed row 450
[2026-04-27 07:30:21] [postprocess] processed row 451
[2026-04-27 07:30:21] [postprocess] processed row 452
[2026-04-27 07:30:21] [postprocess] processed row 453
[2026-04-27 07:30:21] [postprocess] processed row 454
[2026-04-27 07:30:21] [postprocess] processed row 455
[2026-04-27 07:30:21] [postprocess] processed row 456
[2026-04-27 07:30:21] [postprocess] processed row 457
[2026-04-27 07:30:21] [postprocess] processed row 458
[2026-04-27 07:30:21] [postprocess] processed row 459
[2026-04-27 07:30:21] [postprocess] processed row 460
[2026-04-27 07:30:21] [postprocess] processed row 461
[2026-04-27 07:30:21] [postprocess] processed row 462
[2026-04-27 07:30:21] [postprocess] processed row 463
[2026-04-27 07:30:21] [postprocess] processed row 464
[2026-04-27 07:30:21] [postprocess] processed row 465
[2026-04-27 07:30:21] [postprocess] processed row 466
[2026-04-27 07:30:21] [postprocess] processed row 467
[2026-04-27 07:30:21] [postprocess] processed row 468
[2026-04-27 07:30:21] [postprocess] processed row 469
[2026-04-27 07:30:21] [postprocess] processed row 470
[2026-04-27 07:30:21] [postprocess] processed row 471
[2026-04-27 07:30:21] [postprocess] processed row 472
[2026-04-27 07:30:21] [postprocess] processed row 473
[2026-04-27 07:30:21] [postprocess] processed row 474
[2026-04-27 07:30:21] [postprocess] processed row 475
[2026-04-27 07:30:21] [postprocess] processed row 476
[2026-04-27 07:30:21] [postprocess] processed row 477
[2026-04-27 07:30:21] [postprocess] processed row 478
[2026-04-27 07:30:21] [postprocess] processed row 479
[2026-04-27 07:30:21] [postprocess] processed row 480
[2026-04-27 07:30:21] [postprocess] processed row 481
[2026-04-27 07:30:21] [postprocess] processed row 482
[2026-04-27 07:30:21] [postprocess] processed row 483
[2026-04-27 07:30:21] [postprocess] processed row 484
[2026-04-27 07:30:21] [postprocess] processed row 485
[2026-04-27 07:30:21] [postprocess] processed row 486
[2026-04-27 07:30:21] [postprocess] processed row 487
[2026-04-27 07:30:21] [postprocess] processed row 488
[2026-04-27 07:30:21] [postprocess] processed row 489
[2026-04-27 07:30:21] [postprocess] processed row 490
[2026-04-27 07:30:21] [postprocess] processed row 491
[2026-04-27 07:30:21] [postprocess] processed row 492
[2026-04-27 07:30:21] [postprocess] processed row 493
[2026-04-27 07:30:21] [postprocess] processed row 494
[2026-04-27 07:30:21] [postprocess] processed row 495
[2026-04-27 07:30:21] [postprocess] processed row 496
[2026-04-27 07:30:21] [postprocess] processed row 497
[2026-04-27 07:30:21] [postprocess] processed row 498
[2026-04-27 07:30:21] [postprocess] processed row 499
[2026-04-27 07:30:21] [postprocess] processed row 500
[2026-04-27 07:30:21] [postprocess] processed row 501
[2026-04-27 07:30:21] [postprocess] processed row 502
[2026-04-27 07:30:21] [postprocess] processed row 503
[2026-04-27 07:30:21] [postprocess] processed row 504
[2026-04-27 07:30:21] [postprocess] processed row 505
[2026-04-27 07:30:21] [postprocess] processed row 506
[2026-04-27 07:30:21] [postprocess] processed row 507
[2026-04-27 07:30:21] [postprocess] processed row 508
[2026-04-27 07:30:21] [postprocess] processed row 509
[2026-04-27 07:30:21] [postprocess] processed row 510
[2026-04-27 07:30:21] [postprocess] processed row 511
[2026-04-27 07:30:21] [postprocess] processed row 512
[2026-04-27 07:30:21] [postprocess] processed row 513
[2026-04-27 07:30:21] [postprocess] processed row 514
[2026-04-27 07:30:21] [postprocess] processed row 515
[2026-04-27 07:30:21] [postprocess] processed row 516
[2026-04-27 07:30:21] [postprocess] processed row 517
[2026-04-27 07:30:21] [postprocess] processed row 518
[2026-04-27 07:30:21] [postprocess] processed row 519
[2026-04-27 07:30:21] [postprocess] processed row 520
[2026-04-27 07:30:21] [postprocess] processed row 521
[2026-04-27 07:30:21] [postprocess] processed row 522
[2026-04-27 07:30:21] [postprocess] processed row 523
[2026-04-27 07:30:21] [postprocess] processed row 524
[2026-04-27 07:30:21] [postprocess] processed row 525
[2026-04-27 07:30:21] [postprocess] processed row 526
[2026-04-27 07:30:21] [postprocess] processed row 527
[2026-04-27 07:30:21] [postprocess] processed row 528
[2026-04-27 07:30:21] [postprocess] processed row 529
[2026-04-27 07:30:21] [postprocess] processed row 530
[2026-04-27 07:30:21] [postprocess] processed row 531
[2026-04-27 07:30:21] [postprocess] processed row 532
[2026-04-27 07:30:21] [postprocess] processed row 533
[2026-04-27 07:30:21] [postprocess] processed row 534
[2026-04-27 07:30:21] [postprocess] processed row 535
[2026-04-27 07:30:22] [postprocess] processed row 536
[2026-04-27 07:30:22] [postprocess] processed row 537
[2026-04-27 07:30:22] [postprocess] processed row 538
[2026-04-27 07:30:22] [postprocess] processed row 539
[2026-04-27 07:30:22] [postprocess] processed row 540
[2026-04-27 07:30:22] [postprocess] processed row 541
[2026-04-27 07:30:22] [postprocess] processed row 542
[2026-04-27 07:30:22] [postprocess] processed row 543
[2026-04-27 07:30:22] [postprocess] processed row 544
[2026-04-27 07:30:22] [postprocess] processed row 545
[2026-04-27 07:30:22] [postprocess] processed row 546
[2026-04-27 07:30:22] [postprocess] processed row 547
[2026-04-27 07:30:22] [postprocess] processed row 548
[2026-04-27 07:30:22] [postprocess] processed row 549
[2026-04-27 07:30:22] [postprocess] processed row 550
[2026-04-27 07:30:22] [postprocess] processed row 551
[2026-04-27 07:30:22] [postprocess] processed row 552
[2026-04-27 07:30:22] [postprocess] processed row 553
[2026-04-27 07:30:22] [postprocess] processed row 554
[2026-04-27 07:30:22] [postprocess] processed row 555
[2026-04-27 07:30:22] [postprocess] processed row 556
[2026-04-27 07:30:22] [postprocess] processed row 557
[2026-04-27 07:30:22] [postprocess] processed row 558
[2026-04-27 07:30:22] [postprocess] processed row 559
[2026-04-27 07:30:22] [postprocess] processed row 560
[2026-04-27 07:30:22] [postprocess] processed row 561
[2026-04-27 07:30:22] [postprocess] processed row 562
[2026-04-27 07:30:22] [postprocess] processed row 563
[2026-04-27 07:30:22] [postprocess] processed row 564
[2026-04-27 07:30:22] [postprocess] processed row 565
[2026-04-27 07:30:22] [postprocess] processed row 566
[2026-04-27 07:30:22] [postprocess] processed row 567
[2026-04-27 07:30:22] [postprocess] processed row 568
[2026-04-27 07:30:22] [postprocess] processed row 569
[2026-04-27 07:30:22] [postprocess] processed row 570
[2026-04-27 07:30:22] [postprocess] processed row 571
[2026-04-27 07:30:22] [postprocess] processed row 572
[2026-04-27 07:30:22] [postprocess] processed row 573
[2026-04-27 07:30:22] [postprocess] processed row 574
[2026-04-27 07:30:22] [postprocess] processed row 575
[2026-04-27 07:30:22] [postprocess] processed row 576
[2026-04-27 07:30:22] [postprocess] processed row 577
[2026-04-27 07:30:22] [postprocess] processed row 578
[2026-04-27 07:30:22] [postprocess] processed row 579
[2026-04-27 07:30:22] [postprocess] processed row 580
[2026-04-27 07:30:22] [postprocess] processed row 581
[2026-04-27 07:30:22] [postprocess] processed row 582
[2026-04-27 07:30:22] [postprocess] processed row 583
[2026-04-27 07:30:22] [postprocess] processed row 584
[2026-04-27 07:30:22] [postprocess] processed row 585
[2026-04-27 07:30:22] [postprocess] processed row 586
[2026-04-27 07:30:22] [postprocess] processed row 587
[2026-04-27 07:30:22] [postprocess] processed row 588
[2026-04-27 07:30:22] [postprocess] processed row 589
[2026-04-27 07:30:22] [postprocess] processed row 590
[2026-04-27 07:30:22] [postprocess] processed row 591
[2026-04-27 07:30:22] [postprocess] processed row 592
[2026-04-27 07:30:22] [postprocess] processed row 593
[2026-04-27 07:30:22] [postprocess] processed row 594
[2026-04-27 07:30:22] [postprocess] processed row 595
[2026-04-27 07:30:22] [postprocess] processed row 596
[2026-04-27 07:30:22] [postprocess] processed row 597
[2026-04-27 07:30:22] [postprocess] processed row 598
[2026-04-27 07:30:22] [postprocess] processed row 599
[2026-04-27 07:30:22] [postprocess] processed row 600
[2026-04-27 07:30:22] [postprocess] processed row 601
[2026-04-27 07:30:22] [postprocess] processed row 602
[2026-04-27 07:30:22] [postprocess] processed row 603
[2026-04-27 07:30:22] [postprocess] processed row 604
[2026-04-27 07:30:22] [postprocess] processed row 605
[2026-04-27 07:30:22] [postprocess] processed row 606
[2026-04-27 07:30:22] [postprocess] processed row 607
[2026-04-27 07:30:22] [postprocess] processed row 608
[2026-04-27 07:30:22] [postprocess] completed
[2026-04-27 07:30:22] [main] finished
