[2026-04-06 19:44:54] [main] command=audit
[2026-04-06 19:44:54] [audit] start: input=D:\LEARNING_RESOURCE\AndroidPDS\gitRepository\Android-Privacy-Detection-Software\WEEK_4\out\pipeline_20260406_194301\LOFTER\sentences_week3_2_2.csv, output=D:\LEARNING_RESOURCE\AndroidPDS\gitRepository\Android-Privacy-Detection-Software\WEEK_4\out\pipeline_20260406_194301\LOFTER\audit_raw.csv, limit=20, resume=False, resume_from=None
[2026-04-06 19:44:54] [audit] row 1: request model inference
[2026-04-06 19:44:55] [audit] row 1: inference finished
[2026-04-06 19:44:55] [audit] processed row 1
[2026-04-06 19:44:55] [audit] row 2: request model inference
[2026-04-06 19:44:57] [audit] row 2: inference finished
[2026-04-06 19:44:57] [audit] processed row 2
[2026-04-06 19:44:57] [audit] row 3: request model inference
[2026-04-06 19:44:58] [audit] row 3: inference finished
[2026-04-06 19:44:58] [audit] processed row 3
[2026-04-06 19:44:58] [audit] row 4: request model inference
[2026-04-06 19:44:59] [audit] row 4: inference finished
[2026-04-06 19:44:59] [audit] processed row 4
[2026-04-06 19:44:59] [audit] row 5: request model inference
[2026-04-06 19:45:01] [audit] row 5: inference finished
[2026-04-06 19:45:01] [audit] processed row 5
[2026-04-06 19:45:01] [audit] row 6: request model inference
[2026-04-06 19:45:02] [audit] row 6: inference finished
[2026-04-06 19:45:02] [audit] processed row 6
[2026-04-06 19:45:02] [audit] row 7: request model inference
[2026-04-06 19:45:04] [audit] row 7: inference finished
[2026-04-06 19:45:04] [audit] processed row 7
[2026-04-06 19:45:04] [audit] row 8: request model inference
[2026-04-06 19:45:05] [audit] row 8: inference finished
[2026-04-06 19:45:05] [audit] processed row 8
[2026-04-06 19:45:05] [audit] row 9: request model inference
[2026-04-06 19:45:06] [audit] row 9: inference finished
[2026-04-06 19:45:06] [audit] processed row 9
[2026-04-06 19:45:06] [audit] row 10: request model inference
[2026-04-06 19:45:08] [audit] row 10: inference finished
[2026-04-06 19:45:08] [audit] processed row 10
[2026-04-06 19:45:08] [audit] row 11: request model inference
[2026-04-06 19:45:09] [audit] row 11: inference finished
[2026-04-06 19:45:09] [audit] processed row 11
[2026-04-06 19:45:09] [audit] row 12: request model inference
[2026-04-06 19:45:11] [audit] row 12: inference finished
[2026-04-06 19:45:11] [audit] processed row 12
[2026-04-06 19:45:11] [audit] row 13: request model inference
[2026-04-06 19:45:12] [audit] row 13: inference finished
[2026-04-06 19:45:12] [audit] processed row 13
[2026-04-06 19:45:12] [audit] row 14: request model inference
[2026-04-06 19:45:14] [audit] row 14: inference finished
[2026-04-06 19:45:14] [audit] processed row 14
[2026-04-06 19:45:14] [audit] row 15: request model inference
[2026-04-06 19:45:15] [audit] row 15: inference finished
[2026-04-06 19:45:15] [audit] processed row 15
[2026-04-06 19:45:15] [audit] row 16: request model inference
[2026-04-06 19:45:17] [audit] row 16: inference finished
[2026-04-06 19:45:17] [audit] processed row 16
[2026-04-06 19:45:17] [audit] row 17: request model inference
[2026-04-06 19:45:19] [audit] row 17: inference finished
[2026-04-06 19:45:19] [audit] processed row 17
[2026-04-06 19:45:19] [audit] row 18: request model inference
[2026-04-06 19:45:21] [audit] row 18: inference finished
[2026-04-06 19:45:21] [audit] processed row 18
[2026-04-06 19:45:21] [audit] row 19: request model inference
[2026-04-06 19:45:24] [audit] row 19: inference finished
[2026-04-06 19:45:24] [audit] processed row 19
[2026-04-06 19:45:24] [audit] row 20: request model inference
[2026-04-06 19:45:25] [audit] row 20: inference finished
[2026-04-06 19:45:25] [audit] processed row 20
[2026-04-06 19:45:25] [audit] reached limit=20, stop
[2026-04-06 19:45:25] [audit] completed: processed_in_this_run=20, last_input_row_seen=21
[2026-04-06 19:45:25] [main] finished
