[2026-04-13 15:13:39] [main] command=audit
[2026-04-13 15:13:39] [audit] start: input=D:\LEARNING_RESOURCE\AndroidPDS\gitRepository\Android-Privacy-Detection-Software\WEEK_5\src\output\run_20260413_150151\Blued极速版\sentences_week3_2_2.csv, output=D:\LEARNING_RESOURCE\AndroidPDS\gitRepository\Android-Privacy-Detection-Software\WEEK_5\src\output\run_20260413_150151\Blued极速版\audit_raw.csv, limit=None, resume=False, resume_from=None
[2026-04-13 15:13:39] [audit] row 1: request model inference
[2026-04-13 15:13:42] [audit] row 1: inference finished
[2026-04-13 15:13:42] [audit] processed row 1
[2026-04-13 15:13:42] [audit] row 2: request model inference
[2026-04-13 15:13:44] [audit] row 2: inference finished
[2026-04-13 15:13:44] [audit] processed row 2
[2026-04-13 15:13:44] [audit] row 3: request model inference
[2026-04-13 15:13:46] [audit] row 3: inference finished
[2026-04-13 15:13:46] [audit] processed row 3
[2026-04-13 15:13:46] [audit] row 4: request model inference
[2026-04-13 15:13:49] [audit] row 4: inference finished
[2026-04-13 15:13:49] [audit] processed row 4
[2026-04-13 15:13:49] [audit] row 5: request model inference
[2026-04-13 15:13:51] [audit] row 5: inference finished
[2026-04-13 15:13:51] [audit] processed row 5
[2026-04-13 15:13:51] [audit] row 6: request model inference
[2026-04-13 15:13:53] [audit] row 6: inference finished
[2026-04-13 15:13:53] [audit] processed row 6
[2026-04-13 15:13:53] [audit] row 7: request model inference
[2026-04-13 15:13:55] [audit] row 7: inference finished
[2026-04-13 15:13:55] [audit] processed row 7
[2026-04-13 15:13:55] [audit] row 8: request model inference
[2026-04-13 15:13:57] [audit] row 8: inference finished
[2026-04-13 15:13:57] [audit] processed row 8
[2026-04-13 15:13:57] [audit] row 9: request model inference
[2026-04-13 15:13:59] [audit] row 9: inference finished
[2026-04-13 15:13:59] [audit] processed row 9
[2026-04-13 15:13:59] [audit] row 10: request model inference
[2026-04-13 15:14:02] [audit] row 10: inference finished
[2026-04-13 15:14:02] [audit] processed row 10
[2026-04-13 15:14:02] [audit] row 11: request model inference
[2026-04-13 15:14:04] [audit] row 11: inference finished
[2026-04-13 15:14:04] [audit] processed row 11
[2026-04-13 15:14:04] [audit] row 12: request model inference
[2026-04-13 15:14:06] [audit] row 12: inference finished
[2026-04-13 15:14:06] [audit] processed row 12
[2026-04-13 15:14:06] [audit] row 13: request model inference
[2026-04-13 15:14:08] [audit] row 13: inference finished
[2026-04-13 15:14:08] [audit] processed row 13
[2026-04-13 15:14:08] [audit] row 14: request model inference
[2026-04-13 15:14:11] [audit] row 14: inference finished
[2026-04-13 15:14:11] [audit] processed row 14
[2026-04-13 15:14:11] [audit] row 15: request model inference
[2026-04-13 15:14:13] [audit] row 15: inference finished
[2026-04-13 15:14:13] [audit] processed row 15
[2026-04-13 15:14:13] [audit] row 16: request model inference
[2026-04-13 15:14:16] [audit] row 16: inference finished
[2026-04-13 15:14:16] [audit] processed row 16
[2026-04-13 15:14:16] [audit] row 17: request model inference
[2026-04-13 15:14:18] [audit] row 17: inference finished
[2026-04-13 15:14:18] [audit] processed row 17
[2026-04-13 15:14:18] [audit] row 18: request model inference
[2026-04-13 15:14:20] [audit] row 18: inference finished
[2026-04-13 15:14:20] [audit] processed row 18
[2026-04-13 15:14:20] [audit] row 19: request model inference
[2026-04-13 15:14:22] [audit] row 19: inference finished
[2026-04-13 15:14:22] [audit] processed row 19
[2026-04-13 15:14:22] [audit] row 20: request model inference
[2026-04-13 15:14:24] [audit] row 20: inference finished
[2026-04-13 15:14:24] [audit] processed row 20
[2026-04-13 15:14:24] [audit] row 21: request model inference
[2026-04-13 15:14:27] [audit] row 21: inference finished
[2026-04-13 15:14:27] [audit] processed row 21
[2026-04-13 15:14:27] [audit] row 22: request model inference
[2026-04-13 15:14:29] [audit] row 22: inference finished
[2026-04-13 15:14:29] [audit] processed row 22
[2026-04-13 15:14:29] [audit] row 23: request model inference
[2026-04-13 15:14:31] [audit] row 23: inference finished
[2026-04-13 15:14:31] [audit] processed row 23
[2026-04-13 15:14:31] [audit] row 24: request model inference
[2026-04-13 15:14:33] [audit] row 24: inference finished
[2026-04-13 15:14:33] [audit] processed row 24
[2026-04-13 15:14:33] [audit] row 25: request model inference
[2026-04-13 15:14:35] [audit] row 25: inference finished
[2026-04-13 15:14:35] [audit] processed row 25
[2026-04-13 15:14:35] [audit] row 26: request model inference
[2026-04-13 15:14:37] [audit] row 26: inference finished
[2026-04-13 15:14:37] [audit] processed row 26
[2026-04-13 15:14:37] [audit] row 27: request model inference
[2026-04-13 15:14:39] [audit] row 27: inference finished
[2026-04-13 15:14:39] [audit] processed row 27
[2026-04-13 15:14:39] [audit] row 28: request model inference
[2026-04-13 15:14:41] [audit] row 28: inference finished
[2026-04-13 15:14:41] [audit] processed row 28
[2026-04-13 15:14:41] [audit] row 29: request model inference
[2026-04-13 15:14:43] [audit] row 29: inference finished
[2026-04-13 15:14:43] [audit] processed row 29
[2026-04-13 15:14:43] [audit] row 30: request model inference
[2026-04-13 15:14:46] [audit] row 30: inference finished
[2026-04-13 15:14:46] [audit] processed row 30
[2026-04-13 15:14:46] [audit] row 31: request model inference
[2026-04-13 15:14:47] [audit] row 31: inference finished
[2026-04-13 15:14:47] [audit] processed row 31
[2026-04-13 15:14:47] [audit] row 32: request model inference
[2026-04-13 15:14:50] [audit] row 32: inference finished
[2026-04-13 15:14:50] [audit] processed row 32
[2026-04-13 15:14:50] [audit] row 33: request model inference
[2026-04-13 15:14:52] [audit] row 33: inference finished
[2026-04-13 15:14:52] [audit] processed row 33
[2026-04-13 15:14:52] [audit] row 34: request model inference
[2026-04-13 15:14:54] [audit] row 34: inference finished
[2026-04-13 15:14:54] [audit] processed row 34
[2026-04-13 15:14:54] [audit] row 35: request model inference
[2026-04-13 15:14:57] [audit] row 35: inference finished
[2026-04-13 15:14:57] [audit] processed row 35
[2026-04-13 15:14:57] [audit] row 36: request model inference
[2026-04-13 15:14:59] [audit] row 36: inference finished
[2026-04-13 15:14:59] [audit] processed row 36
[2026-04-13 15:14:59] [audit] row 37: request model inference
[2026-04-13 15:15:01] [audit] row 37: inference finished
[2026-04-13 15:15:01] [audit] processed row 37
[2026-04-13 15:15:01] [audit] row 38: request model inference
[2026-04-13 15:15:04] [audit] row 38: inference finished
[2026-04-13 15:15:04] [audit] processed row 38
[2026-04-13 15:15:04] [audit] row 39: request model inference
[2026-04-13 15:15:06] [audit] row 39: inference finished
[2026-04-13 15:15:06] [audit] processed row 39
[2026-04-13 15:15:06] [audit] row 40: request model inference
[2026-04-13 15:15:08] [audit] row 40: inference finished
[2026-04-13 15:15:08] [audit] processed row 40
[2026-04-13 15:15:08] [audit] row 41: request model inference
[2026-04-13 15:15:10] [audit] row 41: inference finished
[2026-04-13 15:15:10] [audit] processed row 41
[2026-04-13 15:15:10] [audit] row 42: request model inference
[2026-04-13 15:15:12] [audit] row 42: inference finished
[2026-04-13 15:15:12] [audit] processed row 42
[2026-04-13 15:15:12] [audit] row 43: request model inference
[2026-04-13 15:15:15] [audit] row 43: inference finished
[2026-04-13 15:15:15] [audit] processed row 43
[2026-04-13 15:15:15] [audit] row 44: request model inference
[2026-04-13 15:15:17] [audit] row 44: inference finished
[2026-04-13 15:15:17] [audit] processed row 44
[2026-04-13 15:15:17] [audit] row 45: request model inference
[2026-04-13 15:15:19] [audit] row 45: inference finished
[2026-04-13 15:15:19] [audit] processed row 45
[2026-04-13 15:15:19] [audit] row 46: request model inference
[2026-04-13 15:15:21] [audit] row 46: inference finished
[2026-04-13 15:15:21] [audit] processed row 46
[2026-04-13 15:15:21] [audit] row 47: request model inference
[2026-04-13 15:15:24] [audit] row 47: inference finished
[2026-04-13 15:15:24] [audit] processed row 47
[2026-04-13 15:15:24] [audit] row 48: request model inference
[2026-04-13 15:15:26] [audit] row 48: inference finished
[2026-04-13 15:15:26] [audit] processed row 48
[2026-04-13 15:15:26] [audit] row 49: request model inference
[2026-04-13 15:15:29] [audit] row 49: inference finished
[2026-04-13 15:15:29] [audit] processed row 49
[2026-04-13 15:15:29] [audit] row 50: request model inference
[2026-04-13 15:15:31] [audit] row 50: inference finished
[2026-04-13 15:15:31] [audit] processed row 50
[2026-04-13 15:15:31] [audit] row 51: request model inference
[2026-04-13 15:15:33] [audit] row 51: inference finished
[2026-04-13 15:15:33] [audit] processed row 51
[2026-04-13 15:15:33] [audit] row 52: request model inference
[2026-04-13 15:15:35] [audit] row 52: inference finished
[2026-04-13 15:15:35] [audit] processed row 52
[2026-04-13 15:15:35] [audit] row 53: request model inference
[2026-04-13 15:15:36] [audit] row 53: inference finished
[2026-04-13 15:15:36] [audit] processed row 53
[2026-04-13 15:15:36] [audit] row 54: request model inference
[2026-04-13 15:15:40] [audit] row 54: inference finished
[2026-04-13 15:15:40] [audit] processed row 54
[2026-04-13 15:15:40] [audit] row 55: request model inference
[2026-04-13 15:15:42] [audit] row 55: inference finished
[2026-04-13 15:15:42] [audit] processed row 55
[2026-04-13 15:15:42] [audit] row 56: request model inference
[2026-04-13 15:15:45] [audit] row 56: inference finished
[2026-04-13 15:15:45] [audit] processed row 56
[2026-04-13 15:15:45] [audit] row 57: request model inference
[2026-04-13 15:15:47] [audit] row 57: inference finished
[2026-04-13 15:15:47] [audit] processed row 57
[2026-04-13 15:15:47] [audit] row 58: request model inference
[2026-04-13 15:15:49] [audit] row 58: inference finished
[2026-04-13 15:15:49] [audit] processed row 58
[2026-04-13 15:15:49] [audit] row 59: request model inference
[2026-04-13 15:15:51] [audit] row 59: inference finished
[2026-04-13 15:15:51] [audit] processed row 59
[2026-04-13 15:15:51] [audit] row 60: request model inference
[2026-04-13 15:15:53] [audit] row 60: inference finished
[2026-04-13 15:15:53] [audit] processed row 60
[2026-04-13 15:15:53] [audit] row 61: request model inference
[2026-04-13 15:15:56] [audit] row 61: inference finished
[2026-04-13 15:15:56] [audit] processed row 61
[2026-04-13 15:15:56] [audit] row 62: request model inference
[2026-04-13 15:15:58] [audit] row 62: inference finished
[2026-04-13 15:15:58] [audit] processed row 62
[2026-04-13 15:15:58] [audit] row 63: request model inference
[2026-04-13 15:16:00] [audit] row 63: inference finished
[2026-04-13 15:16:00] [audit] processed row 63
[2026-04-13 15:16:00] [audit] row 64: request model inference
[2026-04-13 15:16:03] [audit] row 64: inference finished
[2026-04-13 15:16:03] [audit] processed row 64
[2026-04-13 15:16:03] [audit] row 65: request model inference
[2026-04-13 15:16:05] [audit] row 65: inference finished
[2026-04-13 15:16:05] [audit] processed row 65
[2026-04-13 15:16:05] [audit] row 66: request model inference
[2026-04-13 15:16:08] [audit] row 66: inference finished
[2026-04-13 15:16:08] [audit] processed row 66
[2026-04-13 15:16:08] [audit] row 67: request model inference
[2026-04-13 15:16:09] [audit] row 67: inference finished
[2026-04-13 15:16:09] [audit] processed row 67
[2026-04-13 15:16:09] [audit] row 68: request model inference
[2026-04-13 15:16:12] [audit] row 68: inference finished
[2026-04-13 15:16:12] [audit] processed row 68
[2026-04-13 15:16:12] [audit] row 69: request model inference
[2026-04-13 15:16:14] [audit] row 69: inference finished
[2026-04-13 15:16:14] [audit] processed row 69
[2026-04-13 15:16:14] [audit] row 70: request model inference
[2026-04-13 15:16:16] [audit] row 70: inference finished
[2026-04-13 15:16:16] [audit] processed row 70
[2026-04-13 15:16:16] [audit] row 71: request model inference
[2026-04-13 15:16:18] [audit] row 71: inference finished
[2026-04-13 15:16:18] [audit] processed row 71
[2026-04-13 15:16:18] [audit] row 72: request model inference
[2026-04-13 15:16:20] [audit] row 72: inference finished
[2026-04-13 15:16:20] [audit] processed row 72
[2026-04-13 15:16:20] [audit] row 73: request model inference
[2026-04-13 15:16:22] [audit] row 73: inference finished
[2026-04-13 15:16:22] [audit] processed row 73
[2026-04-13 15:16:22] [audit] row 74: request model inference
[2026-04-13 15:16:24] [audit] row 74: inference finished
[2026-04-13 15:16:24] [audit] processed row 74
[2026-04-13 15:16:24] [audit] row 75: request model inference
[2026-04-13 15:16:26] [audit] row 75: inference finished
[2026-04-13 15:16:26] [audit] processed row 75
[2026-04-13 15:16:26] [audit] row 76: request model inference
[2026-04-13 15:16:28] [audit] row 76: inference finished
[2026-04-13 15:16:28] [audit] processed row 76
[2026-04-13 15:16:28] [audit] row 77: request model inference
[2026-04-13 15:16:30] [audit] row 77: inference finished
[2026-04-13 15:16:30] [audit] processed row 77
[2026-04-13 15:16:30] [audit] row 78: request model inference
[2026-04-13 15:16:33] [audit] row 78: inference finished
[2026-04-13 15:16:33] [audit] processed row 78
[2026-04-13 15:16:33] [audit] row 79: request model inference
[2026-04-13 15:16:35] [audit] row 79: inference finished
[2026-04-13 15:16:35] [audit] processed row 79
[2026-04-13 15:16:35] [audit] row 80: request model inference
[2026-04-13 15:16:37] [audit] row 80: inference finished
[2026-04-13 15:16:37] [audit] processed row 80
[2026-04-13 15:16:37] [audit] row 81: request model inference
[2026-04-13 15:16:39] [audit] row 81: inference finished
[2026-04-13 15:16:39] [audit] processed row 81
[2026-04-13 15:16:39] [audit] row 82: request model inference
[2026-04-13 15:16:42] [audit] row 82: inference finished
[2026-04-13 15:16:42] [audit] processed row 82
[2026-04-13 15:16:42] [audit] row 83: request model inference
[2026-04-13 15:16:44] [audit] row 83: inference finished
[2026-04-13 15:16:44] [audit] processed row 83
[2026-04-13 15:16:44] [audit] row 84: request model inference
[2026-04-13 15:16:46] [audit] row 84: inference finished
[2026-04-13 15:16:46] [audit] processed row 84
[2026-04-13 15:16:46] [audit] row 85: request model inference
[2026-04-13 15:16:48] [audit] row 85: inference finished
[2026-04-13 15:16:48] [audit] processed row 85
[2026-04-13 15:16:48] [audit] row 86: request model inference
[2026-04-13 15:16:50] [audit] row 86: inference finished
[2026-04-13 15:16:50] [audit] processed row 86
[2026-04-13 15:16:50] [audit] row 87: request model inference
[2026-04-13 15:16:52] [audit] row 87: inference finished
[2026-04-13 15:16:52] [audit] processed row 87
[2026-04-13 15:16:52] [audit] row 88: request model inference
[2026-04-13 15:16:54] [audit] row 88: inference finished
[2026-04-13 15:16:54] [audit] processed row 88
[2026-04-13 15:16:54] [audit] row 89: request model inference
[2026-04-13 15:16:56] [audit] row 89: inference finished
[2026-04-13 15:16:56] [audit] processed row 89
[2026-04-13 15:16:56] [audit] row 90: request model inference
[2026-04-13 15:16:58] [audit] row 90: inference finished
[2026-04-13 15:16:58] [audit] processed row 90
[2026-04-13 15:16:58] [audit] row 91: request model inference
[2026-04-13 15:17:00] [audit] row 91: inference finished
[2026-04-13 15:17:00] [audit] processed row 91
[2026-04-13 15:17:00] [audit] row 92: request model inference
[2026-04-13 15:17:03] [audit] row 92: inference finished
[2026-04-13 15:17:03] [audit] processed row 92
[2026-04-13 15:17:03] [audit] row 93: request model inference
[2026-04-13 15:17:05] [audit] row 93: inference finished
[2026-04-13 15:17:05] [audit] processed row 93
[2026-04-13 15:17:05] [audit] row 94: request model inference
[2026-04-13 15:17:07] [audit] row 94: inference finished
[2026-04-13 15:17:07] [audit] processed row 94
[2026-04-13 15:17:07] [audit] row 95: request model inference
[2026-04-13 15:17:10] [audit] row 95: inference finished
[2026-04-13 15:17:10] [audit] processed row 95
[2026-04-13 15:17:10] [audit] row 96: request model inference
[2026-04-13 15:17:13] [audit] row 96: inference finished
[2026-04-13 15:17:13] [audit] processed row 96
[2026-04-13 15:17:13] [audit] row 97: request model inference
[2026-04-13 15:17:15] [audit] row 97: inference finished
[2026-04-13 15:17:15] [audit] processed row 97
[2026-04-13 15:17:15] [audit] row 98: request model inference
[2026-04-13 15:17:17] [audit] row 98: inference finished
[2026-04-13 15:17:17] [audit] processed row 98
[2026-04-13 15:17:17] [audit] row 99: request model inference
[2026-04-13 15:17:19] [audit] row 99: inference finished
[2026-04-13 15:17:19] [audit] processed row 99
[2026-04-13 15:17:19] [audit] row 100: request model inference
[2026-04-13 15:17:21] [audit] row 100: inference finished
[2026-04-13 15:17:21] [audit] processed row 100
[2026-04-13 15:17:21] [audit] row 101: request model inference
[2026-04-13 15:17:23] [audit] row 101: inference finished
[2026-04-13 15:17:23] [audit] processed row 101
[2026-04-13 15:17:23] [audit] row 102: request model inference
[2026-04-13 15:17:25] [audit] row 102: inference finished
[2026-04-13 15:17:25] [audit] processed row 102
[2026-04-13 15:17:25] [audit] row 103: request model inference
[2026-04-13 15:17:27] [audit] row 103: inference finished
[2026-04-13 15:17:27] [audit] processed row 103
[2026-04-13 15:17:27] [audit] row 104: request model inference
[2026-04-13 15:17:29] [audit] row 104: inference finished
[2026-04-13 15:17:29] [audit] processed row 104
[2026-04-13 15:17:29] [audit] row 105: request model inference
[2026-04-13 15:17:31] [audit] row 105: inference finished
[2026-04-13 15:17:31] [audit] processed row 105
[2026-04-13 15:17:31] [audit] row 106: request model inference
[2026-04-13 15:17:34] [audit] row 106: inference finished
[2026-04-13 15:17:34] [audit] processed row 106
[2026-04-13 15:17:34] [audit] row 107: request model inference
[2026-04-13 15:17:36] [audit] row 107: inference finished
[2026-04-13 15:17:36] [audit] processed row 107
[2026-04-13 15:17:36] [audit] row 108: request model inference
[2026-04-13 15:17:38] [audit] row 108: inference finished
[2026-04-13 15:17:38] [audit] processed row 108
[2026-04-13 15:17:38] [audit] row 109: request model inference
[2026-04-13 15:17:40] [audit] row 109: inference finished
[2026-04-13 15:17:40] [audit] processed row 109
[2026-04-13 15:17:40] [audit] row 110: request model inference
[2026-04-13 15:17:42] [audit] row 110: inference finished
[2026-04-13 15:17:42] [audit] processed row 110
[2026-04-13 15:17:42] [audit] row 111: request model inference
[2026-04-13 15:17:44] [audit] row 111: inference finished
[2026-04-13 15:17:44] [audit] processed row 111
[2026-04-13 15:17:44] [audit] row 112: request model inference
[2026-04-13 15:17:47] [audit] row 112: inference finished
[2026-04-13 15:17:47] [audit] processed row 112
[2026-04-13 15:17:47] [audit] row 113: request model inference
[2026-04-13 15:17:49] [audit] row 113: inference finished
[2026-04-13 15:17:49] [audit] processed row 113
[2026-04-13 15:17:49] [audit] row 114: request model inference
[2026-04-13 15:17:51] [audit] row 114: inference finished
[2026-04-13 15:17:51] [audit] processed row 114
[2026-04-13 15:17:51] [audit] row 115: request model inference
[2026-04-13 15:17:53] [audit] row 115: inference finished
[2026-04-13 15:17:53] [audit] processed row 115
[2026-04-13 15:17:53] [audit] row 116: request model inference
[2026-04-13 15:17:55] [audit] row 116: inference finished
[2026-04-13 15:17:55] [audit] processed row 116
[2026-04-13 15:17:55] [audit] row 117: request model inference
[2026-04-13 15:17:57] [audit] row 117: inference finished
[2026-04-13 15:17:57] [audit] processed row 117
[2026-04-13 15:17:57] [audit] row 118: request model inference
[2026-04-13 15:17:59] [audit] row 118: inference finished
[2026-04-13 15:17:59] [audit] processed row 118
[2026-04-13 15:17:59] [audit] row 119: request model inference
[2026-04-13 15:18:01] [audit] row 119: inference finished
[2026-04-13 15:18:01] [audit] processed row 119
[2026-04-13 15:18:01] [audit] row 120: request model inference
[2026-04-13 15:18:04] [audit] row 120: inference finished
[2026-04-13 15:18:04] [audit] processed row 120
[2026-04-13 15:18:04] [audit] row 121: request model inference
[2026-04-13 15:18:06] [audit] row 121: inference finished
[2026-04-13 15:18:06] [audit] processed row 121
[2026-04-13 15:18:06] [audit] row 122: request model inference
[2026-04-13 15:18:08] [audit] row 122: inference finished
[2026-04-13 15:18:08] [audit] processed row 122
[2026-04-13 15:18:08] [audit] row 123: request model inference
[2026-04-13 15:18:10] [audit] row 123: inference finished
[2026-04-13 15:18:10] [audit] processed row 123
[2026-04-13 15:18:10] [audit] row 124: request model inference
[2026-04-13 15:18:13] [audit] row 124: inference finished
[2026-04-13 15:18:13] [audit] processed row 124
[2026-04-13 15:18:13] [audit] row 125: request model inference
[2026-04-13 15:18:15] [audit] row 125: inference finished
[2026-04-13 15:18:15] [audit] processed row 125
[2026-04-13 15:18:15] [audit] row 126: request model inference
[2026-04-13 15:18:17] [audit] row 126: inference finished
[2026-04-13 15:18:17] [audit] processed row 126
[2026-04-13 15:18:17] [audit] row 127: request model inference
[2026-04-13 15:18:19] [audit] row 127: inference finished
[2026-04-13 15:18:19] [audit] processed row 127
[2026-04-13 15:18:19] [audit] row 128: request model inference
[2026-04-13 15:18:21] [audit] row 128: inference finished
[2026-04-13 15:18:21] [audit] processed row 128
[2026-04-13 15:18:21] [audit] row 129: request model inference
[2026-04-13 15:18:23] [audit] row 129: inference finished
[2026-04-13 15:18:23] [audit] processed row 129
[2026-04-13 15:18:23] [audit] row 130: request model inference
[2026-04-13 15:18:26] [audit] row 130: inference finished
[2026-04-13 15:18:26] [audit] processed row 130
[2026-04-13 15:18:26] [audit] row 131: request model inference
[2026-04-13 15:18:28] [audit] row 131: inference finished
[2026-04-13 15:18:28] [audit] processed row 131
[2026-04-13 15:18:28] [audit] row 132: request model inference
[2026-04-13 15:18:30] [audit] row 132: inference finished
[2026-04-13 15:18:30] [audit] processed row 132
[2026-04-13 15:18:30] [audit] row 133: request model inference
[2026-04-13 15:18:32] [audit] row 133: inference finished
[2026-04-13 15:18:32] [audit] processed row 133
[2026-04-13 15:18:32] [audit] row 134: request model inference
[2026-04-13 15:18:35] [audit] row 134: inference finished
[2026-04-13 15:18:35] [audit] processed row 134
[2026-04-13 15:18:35] [audit] row 135: request model inference
[2026-04-13 15:18:37] [audit] row 135: inference finished
[2026-04-13 15:18:37] [audit] processed row 135
[2026-04-13 15:18:37] [audit] row 136: request model inference
[2026-04-13 15:18:39] [audit] row 136: inference finished
[2026-04-13 15:18:39] [audit] processed row 136
[2026-04-13 15:18:39] [audit] row 137: request model inference
[2026-04-13 15:18:41] [audit] row 137: inference finished
[2026-04-13 15:18:41] [audit] processed row 137
[2026-04-13 15:18:41] [audit] row 138: request model inference
[2026-04-13 15:18:43] [audit] row 138: inference finished
[2026-04-13 15:18:43] [audit] processed row 138
[2026-04-13 15:18:43] [audit] row 139: request model inference
[2026-04-13 15:18:45] [audit] row 139: inference finished
[2026-04-13 15:18:45] [audit] processed row 139
[2026-04-13 15:18:45] [audit] row 140: request model inference
[2026-04-13 15:18:47] [audit] row 140: inference finished
[2026-04-13 15:18:47] [audit] processed row 140
[2026-04-13 15:18:47] [audit] row 141: request model inference
[2026-04-13 15:18:50] [audit] row 141: inference finished
[2026-04-13 15:18:50] [audit] processed row 141
[2026-04-13 15:18:50] [audit] row 142: request model inference
[2026-04-13 15:18:52] [audit] row 142: inference finished
[2026-04-13 15:18:52] [audit] processed row 142
[2026-04-13 15:18:52] [audit] row 143: request model inference
[2026-04-13 15:18:54] [audit] row 143: inference finished
[2026-04-13 15:18:54] [audit] processed row 143
[2026-04-13 15:18:54] [audit] row 144: request model inference
[2026-04-13 15:18:56] [audit] row 144: inference finished
[2026-04-13 15:18:56] [audit] processed row 144
[2026-04-13 15:18:56] [audit] row 145: request model inference
[2026-04-13 15:18:58] [audit] row 145: inference finished
[2026-04-13 15:18:58] [audit] processed row 145
[2026-04-13 15:18:58] [audit] row 146: request model inference
[2026-04-13 15:19:00] [audit] row 146: inference finished
[2026-04-13 15:19:00] [audit] processed row 146
[2026-04-13 15:19:00] [audit] row 147: request model inference
[2026-04-13 15:19:02] [audit] row 147: inference finished
[2026-04-13 15:19:02] [audit] processed row 147
[2026-04-13 15:19:02] [audit] row 148: request model inference
[2026-04-13 15:19:04] [audit] row 148: inference finished
[2026-04-13 15:19:04] [audit] processed row 148
[2026-04-13 15:19:04] [audit] row 149: request model inference
[2026-04-13 15:19:06] [audit] row 149: inference finished
[2026-04-13 15:19:06] [audit] processed row 149
[2026-04-13 15:19:06] [audit] row 150: request model inference
[2026-04-13 15:19:08] [audit] row 150: inference finished
[2026-04-13 15:19:08] [audit] processed row 150
[2026-04-13 15:19:08] [audit] row 151: request model inference
[2026-04-13 15:19:10] [audit] row 151: inference finished
[2026-04-13 15:19:10] [audit] processed row 151
[2026-04-13 15:19:10] [audit] row 152: request model inference
[2026-04-13 15:19:12] [audit] row 152: inference finished
[2026-04-13 15:19:12] [audit] processed row 152
[2026-04-13 15:19:12] [audit] row 153: request model inference
[2026-04-13 15:19:14] [audit] row 153: inference finished
[2026-04-13 15:19:14] [audit] processed row 153
[2026-04-13 15:19:14] [audit] row 154: request model inference
[2026-04-13 15:19:16] [audit] row 154: inference finished
[2026-04-13 15:19:16] [audit] processed row 154
[2026-04-13 15:19:16] [audit] row 155: request model inference
[2026-04-13 15:19:18] [audit] row 155: inference finished
[2026-04-13 15:19:18] [audit] processed row 155
[2026-04-13 15:19:18] [audit] row 156: request model inference
[2026-04-13 15:19:21] [audit] row 156: inference finished
[2026-04-13 15:19:21] [audit] processed row 156
[2026-04-13 15:19:21] [audit] row 157: request model inference
[2026-04-13 15:19:22] [audit] row 157: inference finished
[2026-04-13 15:19:22] [audit] processed row 157
[2026-04-13 15:19:22] [audit] row 158: request model inference
[2026-04-13 15:19:25] [audit] row 158: inference finished
[2026-04-13 15:19:25] [audit] processed row 158
[2026-04-13 15:19:25] [audit] row 159: request model inference
[2026-04-13 15:19:27] [audit] row 159: inference finished
[2026-04-13 15:19:27] [audit] processed row 159
[2026-04-13 15:19:27] [audit] row 160: request model inference
[2026-04-13 15:19:30] [audit] row 160: inference finished
[2026-04-13 15:19:30] [audit] processed row 160
[2026-04-13 15:19:30] [audit] row 161: request model inference
[2026-04-13 15:19:32] [audit] row 161: inference finished
[2026-04-13 15:19:32] [audit] processed row 161
[2026-04-13 15:19:32] [audit] row 162: request model inference
[2026-04-13 15:19:34] [audit] row 162: inference finished
[2026-04-13 15:19:34] [audit] processed row 162
[2026-04-13 15:19:34] [audit] row 163: request model inference
[2026-04-13 15:19:36] [audit] row 163: inference finished
[2026-04-13 15:19:36] [audit] processed row 163
[2026-04-13 15:19:36] [audit] row 164: request model inference
[2026-04-13 15:19:39] [audit] row 164: inference finished
[2026-04-13 15:19:39] [audit] processed row 164
[2026-04-13 15:19:39] [audit] row 165: request model inference
[2026-04-13 15:19:41] [audit] row 165: inference finished
[2026-04-13 15:19:41] [audit] processed row 165
[2026-04-13 15:19:41] [audit] row 166: request model inference
[2026-04-13 15:19:43] [audit] row 166: inference finished
[2026-04-13 15:19:43] [audit] processed row 166
[2026-04-13 15:19:43] [audit] row 167: request model inference
[2026-04-13 15:19:46] [audit] row 167: inference finished
[2026-04-13 15:19:46] [audit] processed row 167
[2026-04-13 15:19:46] [audit] row 168: request model inference
[2026-04-13 15:19:48] [audit] row 168: inference finished
[2026-04-13 15:19:48] [audit] processed row 168
[2026-04-13 15:19:48] [audit] row 169: request model inference
[2026-04-13 15:19:50] [audit] row 169: inference finished
[2026-04-13 15:19:50] [audit] processed row 169
[2026-04-13 15:19:50] [audit] row 170: request model inference
[2026-04-13 15:19:52] [audit] row 170: inference finished
[2026-04-13 15:19:52] [audit] processed row 170
[2026-04-13 15:19:52] [audit] row 171: request model inference
[2026-04-13 15:19:54] [audit] row 171: inference finished
[2026-04-13 15:19:54] [audit] processed row 171
[2026-04-13 15:19:54] [audit] row 172: request model inference
[2026-04-13 15:19:56] [audit] row 172: inference finished
[2026-04-13 15:19:56] [audit] processed row 172
[2026-04-13 15:19:56] [audit] row 173: request model inference
[2026-04-13 15:19:58] [audit] row 173: inference finished
[2026-04-13 15:19:58] [audit] processed row 173
[2026-04-13 15:19:58] [audit] row 174: request model inference
[2026-04-13 15:20:00] [audit] row 174: inference finished
[2026-04-13 15:20:00] [audit] processed row 174
[2026-04-13 15:20:00] [audit] row 175: request model inference
[2026-04-13 15:20:02] [audit] row 175: inference finished
[2026-04-13 15:20:02] [audit] processed row 175
[2026-04-13 15:20:02] [audit] row 176: request model inference
[2026-04-13 15:20:05] [audit] row 176: inference finished
[2026-04-13 15:20:05] [audit] processed row 176
[2026-04-13 15:20:05] [audit] row 177: request model inference
[2026-04-13 15:20:07] [audit] row 177: inference finished
[2026-04-13 15:20:07] [audit] processed row 177
[2026-04-13 15:20:07] [audit] row 178: request model inference
[2026-04-13 15:20:09] [audit] row 178: inference finished
[2026-04-13 15:20:09] [audit] processed row 178
[2026-04-13 15:20:09] [audit] row 179: request model inference
[2026-04-13 15:20:11] [audit] row 179: inference finished
[2026-04-13 15:20:11] [audit] processed row 179
[2026-04-13 15:20:11] [audit] row 180: request model inference
[2026-04-13 15:20:13] [audit] row 180: inference finished
[2026-04-13 15:20:13] [audit] processed row 180
[2026-04-13 15:20:13] [audit] row 181: request model inference
[2026-04-13 15:20:16] [audit] row 181: inference finished
[2026-04-13 15:20:16] [audit] processed row 181
[2026-04-13 15:20:16] [audit] row 182: request model inference
[2026-04-13 15:20:18] [audit] row 182: inference finished
[2026-04-13 15:20:18] [audit] processed row 182
[2026-04-13 15:20:18] [audit] row 183: request model inference
[2026-04-13 15:20:21] [audit] row 183: inference finished
[2026-04-13 15:20:21] [audit] processed row 183
[2026-04-13 15:20:21] [audit] row 184: request model inference
[2026-04-13 15:20:23] [audit] row 184: inference finished
[2026-04-13 15:20:23] [audit] processed row 184
[2026-04-13 15:20:23] [audit] row 185: request model inference
[2026-04-13 15:20:25] [audit] row 185: inference finished
[2026-04-13 15:20:25] [audit] processed row 185
[2026-04-13 15:20:25] [audit] row 186: request model inference
[2026-04-13 15:20:27] [audit] row 186: inference finished
[2026-04-13 15:20:27] [audit] processed row 186
[2026-04-13 15:20:27] [audit] row 187: request model inference
[2026-04-13 15:20:30] [audit] row 187: inference finished
[2026-04-13 15:20:30] [audit] processed row 187
[2026-04-13 15:20:30] [audit] row 188: request model inference
[2026-04-13 15:20:32] [audit] row 188: inference finished
[2026-04-13 15:20:32] [audit] processed row 188
[2026-04-13 15:20:32] [audit] row 189: request model inference
[2026-04-13 15:20:34] [audit] row 189: inference finished
[2026-04-13 15:20:34] [audit] processed row 189
[2026-04-13 15:20:34] [audit] row 190: request model inference
[2026-04-13 15:20:36] [audit] row 190: inference finished
[2026-04-13 15:20:36] [audit] processed row 190
[2026-04-13 15:20:36] [audit] row 191: request model inference
[2026-04-13 15:20:38] [audit] row 191: inference finished
[2026-04-13 15:20:38] [audit] processed row 191
[2026-04-13 15:20:38] [audit] row 192: request model inference
[2026-04-13 15:20:41] [audit] row 192: inference finished
[2026-04-13 15:20:41] [audit] processed row 192
[2026-04-13 15:20:41] [audit] completed: processed_in_this_run=192, last_input_row_seen=192
[2026-04-13 15:20:41] [main] finished
