This is XeTeX, Version 3.141592653-2.6-0.999996 (TeX Live 2024) (preloaded format=xelatex 2024.11.29)  30 MAR 2026 22:34
entering extended mode
 restricted \write18 enabled.
 %&-line parsing enabled.
**slide.tex
(./slide.tex
LaTeX2e <2023-11-01> patch level 1
L3 programming layer <2024-02-20>
(d:/texlive/2024/texmf-dist/tex/latex/beamer/beamer.cls
Document Class: beamer 2024/01/06 v3.71 A class for typesetting presentations
(d:/texlive/2024/texmf-dist/tex/latex/beamer/beamerbasemodes.sty
(d:/texlive/2024/texmf-dist/tex/latex/etoolbox/etoolbox.sty
Package: etoolbox 2020/10/05 v2.5k e-TeX tools for LaTeX (JAW)
\etb@tempcnta=\count184
)
\beamer@tempbox=\box51
\beamer@tempcount=\count185
\c@beamerpauses=\count186

(d:/texlive/2024/texmf-dist/tex/latex/beamer/beamerbasedecode.sty
\beamer@slideinframe=\count187
\beamer@minimum=\count188
\beamer@decode@box=\box52
)
\beamer@commentbox=\box53
\beamer@modecount=\count189
)
(d:/texlive/2024/texmf-dist/tex/generic/iftex/iftex.sty
Package: iftex 2022/02/03 v1.0f TeX engine tests
)
\headdp=\dimen140
\footheight=\dimen141
\sidebarheight=\dimen142
\beamer@tempdim=\dimen143
\beamer@finalheight=\dimen144
\beamer@animht=\dimen145
\beamer@animdp=\dimen146
\beamer@animwd=\dimen147
\beamer@leftmargin=\dimen148
\beamer@rightmargin=\dimen149
\beamer@leftsidebar=\dimen150
\beamer@rightsidebar=\dimen151
\beamer@boxsize=\dimen152
\beamer@vboxoffset=\dimen153
\beamer@descdefault=\dimen154
\beamer@descriptionwidth=\dimen155
\beamer@lastskip=\skip48
\beamer@areabox=\box54
\beamer@animcurrent=\box55
\beamer@animshowbox=\box56
\beamer@sectionbox=\box57
\beamer@logobox=\box58
\beamer@linebox=\box59
\beamer@sectioncount=\count190
\beamer@subsubsectionmax=\count191
\beamer@subsectionmax=\count192
\beamer@sectionmax=\count193
\beamer@totalheads=\count194
\beamer@headcounter=\count195
\beamer@partstartpage=\count196
\beamer@sectionstartpage=\count197
\beamer@subsectionstartpage=\count198
\beamer@animationtempa=\count199
\beamer@animationtempb=\count266
\beamer@xpos=\count267
\beamer@ypos=\count268
\beamer@ypos@offset=\count269
\beamer@showpartnumber=\count270
\beamer@currentsubsection=\count271
\beamer@coveringdepth=\count272
\beamer@sectionadjust=\count273
\beamer@toclastsection=\count274
\beamer@tocsectionnumber=\count275

(d:/texlive/2024/texmf-dist/tex/latex/beamer/beamerbaseoptions.sty
(d:/texlive/2024/texmf-dist/tex/latex/graphics/keyval.sty
Package: keyval 2022/05/29 v1.15 key=value parser (DPC)
\KV@toks@=\toks17
))
\beamer@paperwidth=\skip49
\beamer@paperheight=\skip50

(d:/texlive/2024/texmf-dist/tex/latex/geometry/geometry.sty
Package: geometry 2020/01/02 v5.9 Page Geometry

(d:/texlive/2024/texmf-dist/tex/generic/iftex/ifvtex.sty
Package: ifvtex 2019/10/25 v1.7 ifvtex legacy package. Use iftex instead.
)
\Gm@cnth=\count276
\Gm@cntv=\count277
\c@Gm@tempcnt=\count278
\Gm@bindingoffset=\dimen156
\Gm@wd@mp=\dimen157
\Gm@odd@mp=\dimen158
\Gm@even@mp=\dimen159
\Gm@layoutwidth=\dimen160
\Gm@layoutheight=\dimen161
\Gm@layouthoffset=\dimen162
\Gm@layoutvoffset=\dimen163
\Gm@dimlist=\toks18
)
(d:/texlive/2024/texmf-dist/tex/latex/pgf/math/pgfmath.sty
(d:/texlive/2024/texmf-dist/tex/latex/pgf/utilities/pgfrcs.sty
(d:/texlive/2024/texmf-dist/tex/generic/pgf/utilities/pgfutil-common.tex
\pgfutil@everybye=\toks19
\pgfutil@tempdima=\dimen164
\pgfutil@tempdimb=\dimen165
)
(d:/texlive/2024/texmf-dist/tex/generic/pgf/utilities/pgfutil-latex.def
\pgfutil@abb=\box60
)
(d:/texlive/2024/texmf-dist/tex/generic/pgf/utilities/pgfrcs.code.tex
(d:/texlive/2024/texmf-dist/tex/generic/pgf/pgf.revision.tex)
Package: pgfrcs 2023-01-15 v3.1.10 (3.1.10)
))
(d:/texlive/2024/texmf-dist/tex/latex/pgf/utilities/pgfkeys.sty
(d:/texlive/2024/texmf-dist/tex/generic/pgf/utilities/pgfkeys.code.tex
\pgfkeys@pathtoks=\toks20
\pgfkeys@temptoks=\toks21

(d:/texlive/2024/texmf-dist/tex/generic/pgf/utilities/pgfkeyslibraryfiltered.co
de.tex
\pgfkeys@tmptoks=\toks22
))) (d:/texlive/2024/texmf-dist/tex/generic/pgf/math/pgfmath.code.tex
(d:/texlive/2024/texmf-dist/tex/generic/pgf/math/pgfmathutil.code.tex
\pgf@x=\dimen166
\pgf@xa=\dimen167
\pgf@xb=\dimen168
\pgf@xc=\dimen169
\pgf@y=\dimen170
\pgf@ya=\dimen171
\pgf@yb=\dimen172
\pgf@yc=\dimen173
\c@pgf@counta=\count279
\c@pgf@countb=\count280
\c@pgf@countc=\count281
\c@pgf@countd=\count282
)
(d:/texlive/2024/texmf-dist/tex/generic/pgf/math/pgfmathparser.code.tex
\pgfmath@dimen=\dimen174
\pgfmath@count=\count283
\pgfmath@box=\box61
\pgfmath@toks=\toks23
\pgfmath@stack@operand=\toks24
\pgfmath@stack@operation=\toks25
)
(d:/texlive/2024/texmf-dist/tex/generic/pgf/math/pgfmathfunctions.code.tex)
(d:/texlive/2024/texmf-dist/tex/generic/pgf/math/pgfmathfunctions.basic.code.te
x)
(d:/texlive/2024/texmf-dist/tex/generic/pgf/math/pgfmathfunctions.trigonometric
.code.tex)
(d:/texlive/2024/texmf-dist/tex/generic/pgf/math/pgfmathfunctions.random.code.t
ex)
(d:/texlive/2024/texmf-dist/tex/generic/pgf/math/pgfmathfunctions.comparison.co
de.tex)
(d:/texlive/2024/texmf-dist/tex/generic/pgf/math/pgfmathfunctions.base.code.tex
)
(d:/texlive/2024/texmf-dist/tex/generic/pgf/math/pgfmathfunctions.round.code.te
x)
(d:/texlive/2024/texmf-dist/tex/generic/pgf/math/pgfmathfunctions.misc.code.tex
)
(d:/texlive/2024/texmf-dist/tex/generic/pgf/math/pgfmathfunctions.integerarithm
etics.code.tex)
(d:/texlive/2024/texmf-dist/tex/generic/pgf/math/pgfmathcalc.code.tex)
(d:/texlive/2024/texmf-dist/tex/generic/pgf/math/pgfmathfloat.code.tex
\c@pgfmathroundto@lastzeros=\count284
)))
(d:/texlive/2024/texmf-dist/tex/latex/base/size11.clo
File: size11.clo 2023/05/17 v1.4n Standard LaTeX file (size option)
)
(d:/texlive/2024/texmf-dist/tex/latex/pgf/basiclayer/pgfcore.sty
(d:/texlive/2024/texmf-dist/tex/latex/graphics/graphicx.sty
Package: graphicx 2021/09/16 v1.2d Enhanced LaTeX Graphics (DPC,SPQR)

(d:/texlive/2024/texmf-dist/tex/latex/graphics/graphics.sty
Package: graphics 2022/03/10 v1.4e Standard LaTeX Graphics (DPC,SPQR)

(d:/texlive/2024/texmf-dist/tex/latex/graphics/trig.sty
Package: trig 2021/08/11 v1.11 sin cos tan (DPC)
)
(d:/texlive/2024/texmf-dist/tex/latex/graphics-cfg/graphics.cfg
File: graphics.cfg 2016/06/04 v1.11 sample graphics configuration
)
Package graphics Info: Driver file: xetex.def on input line 107.

(d:/texlive/2024/texmf-dist/tex/latex/graphics-def/xetex.def
File: xetex.def 2022/09/22 v5.0n Graphics/color driver for xetex
))
\Gin@req@height=\dimen175
\Gin@req@width=\dimen176
)
(d:/texlive/2024/texmf-dist/tex/latex/pgf/systemlayer/pgfsys.sty
(d:/texlive/2024/texmf-dist/tex/generic/pgf/systemlayer/pgfsys.code.tex
Package: pgfsys 2023-01-15 v3.1.10 (3.1.10)
\pgf@x=\dimen177
\pgf@y=\dimen178
\pgf@xa=\dimen179
\pgf@ya=\dimen180
\pgf@xb=\dimen181
\pgf@yb=\dimen182
\pgf@xc=\dimen183
\pgf@yc=\dimen184
\pgf@xd=\dimen185
\pgf@yd=\dimen186
\w@pgf@writea=\write3
\r@pgf@reada=\read2
\c@pgf@counta=\count285
\c@pgf@countb=\count286
\c@pgf@countc=\count287
\c@pgf@countd=\count288
\t@pgf@toka=\toks26
\t@pgf@tokb=\toks27
\t@pgf@tokc=\toks28
\pgf@sys@id@count=\count289

(d:/texlive/2024/texmf-dist/tex/generic/pgf/systemlayer/pgf.cfg
File: pgf.cfg 2023-01-15 v3.1.10 (3.1.10)
)
Driver file for pgf: pgfsys-xetex.def

(d:/texlive/2024/texmf-dist/tex/generic/pgf/systemlayer/pgfsys-xetex.def
File: pgfsys-xetex.def 2023-01-15 v3.1.10 (3.1.10)

(d:/texlive/2024/texmf-dist/tex/generic/pgf/systemlayer/pgfsys-dvipdfmx.def
File: pgfsys-dvipdfmx.def 2023-01-15 v3.1.10 (3.1.10)

(d:/texlive/2024/texmf-dist/tex/generic/pgf/systemlayer/pgfsys-common-pdf.def
File: pgfsys-common-pdf.def 2023-01-15 v3.1.10 (3.1.10)
)
\pgfsys@objnum=\count290
)))
(d:/texlive/2024/texmf-dist/tex/generic/pgf/systemlayer/pgfsyssoftpath.code.tex
File: pgfsyssoftpath.code.tex 2023-01-15 v3.1.10 (3.1.10)
\pgfsyssoftpath@smallbuffer@items=\count291
\pgfsyssoftpath@bigbuffer@items=\count292
)
(d:/texlive/2024/texmf-dist/tex/generic/pgf/systemlayer/pgfsysprotocol.code.tex
File: pgfsysprotocol.code.tex 2023-01-15 v3.1.10 (3.1.10)
)) (d:/texlive/2024/texmf-dist/tex/latex/xcolor/xcolor.sty
Package: xcolor 2023/11/15 v3.01 LaTeX color extensions (UK)

(d:/texlive/2024/texmf-dist/tex/latex/graphics-cfg/color.cfg
File: color.cfg 2016/01/02 v1.6 sample color configuration
)
Package xcolor Info: Driver file: xetex.def on input line 274.

(d:/texlive/2024/texmf-dist/tex/latex/graphics/mathcolor.ltx)
Package xcolor Info: Model `cmy' substituted by `cmy0' on input line 1350.
Package xcolor Info: Model `RGB' extended on input line 1366.
Package xcolor Info: Model `HTML' substituted by `rgb' on input line 1368.
Package xcolor Info: Model `Hsb' substituted by `hsb' on input line 1369.
Package xcolor Info: Model `tHsb' substituted by `hsb' on input line 1370.
Package xcolor Info: Model `HSB' substituted by `hsb' on input line 1371.
Package xcolor Info: Model `Gray' substituted by `gray' on input line 1372.
Package xcolor Info: Model `wave' substituted by `hsb' on input line 1373.
)
(d:/texlive/2024/texmf-dist/tex/generic/pgf/basiclayer/pgfcore.code.tex
Package: pgfcore 2023-01-15 v3.1.10 (3.1.10)

(d:/texlive/2024/texmf-dist/tex/generic/pgf/math/pgfint.code.tex)
(d:/texlive/2024/texmf-dist/tex/generic/pgf/basiclayer/pgfcorepoints.code.tex
File: pgfcorepoints.code.tex 2023-01-15 v3.1.10 (3.1.10)
\pgf@picminx=\dimen187
\pgf@picmaxx=\dimen188
\pgf@picminy=\dimen189
\pgf@picmaxy=\dimen190
\pgf@pathminx=\dimen191
\pgf@pathmaxx=\dimen192
\pgf@pathminy=\dimen193
\pgf@pathmaxy=\dimen194
\pgf@xx=\dimen195
\pgf@xy=\dimen196
\pgf@yx=\dimen197
\pgf@yy=\dimen198
\pgf@zx=\dimen199
\pgf@zy=\dimen256
)
(d:/texlive/2024/texmf-dist/tex/generic/pgf/basiclayer/pgfcorepathconstruct.cod
e.tex
File: pgfcorepathconstruct.code.tex 2023-01-15 v3.1.10 (3.1.10)
\pgf@path@lastx=\dimen257
\pgf@path@lasty=\dimen258
)
(d:/texlive/2024/texmf-dist/tex/generic/pgf/basiclayer/pgfcorepathusage.code.te
x
File: pgfcorepathusage.code.tex 2023-01-15 v3.1.10 (3.1.10)
\pgf@shorten@end@additional=\dimen259
\pgf@shorten@start@additional=\dimen260
)
(d:/texlive/2024/texmf-dist/tex/generic/pgf/basiclayer/pgfcorescopes.code.tex
File: pgfcorescopes.code.tex 2023-01-15 v3.1.10 (3.1.10)
\pgfpic=\box62
\pgf@hbox=\box63
\pgf@layerbox@main=\box64
\pgf@picture@serial@count=\count293
)
(d:/texlive/2024/texmf-dist/tex/generic/pgf/basiclayer/pgfcoregraphicstate.code
.tex
File: pgfcoregraphicstate.code.tex 2023-01-15 v3.1.10 (3.1.10)
\pgflinewidth=\dimen261
)
(d:/texlive/2024/texmf-dist/tex/generic/pgf/basiclayer/pgfcoretransformations.c
ode.tex
File: pgfcoretransformations.code.tex 2023-01-15 v3.1.10 (3.1.10)
\pgf@pt@x=\dimen262
\pgf@pt@y=\dimen263
\pgf@pt@temp=\dimen264
)
(d:/texlive/2024/texmf-dist/tex/generic/pgf/basiclayer/pgfcorequick.code.tex
File: pgfcorequick.code.tex 2023-01-15 v3.1.10 (3.1.10)
)
(d:/texlive/2024/texmf-dist/tex/generic/pgf/basiclayer/pgfcoreobjects.code.tex
File: pgfcoreobjects.code.tex 2023-01-15 v3.1.10 (3.1.10)
)
(d:/texlive/2024/texmf-dist/tex/generic/pgf/basiclayer/pgfcorepathprocessing.co
de.tex
File: pgfcorepathprocessing.code.tex 2023-01-15 v3.1.10 (3.1.10)
)
(d:/texlive/2024/texmf-dist/tex/generic/pgf/basiclayer/pgfcorearrows.code.tex
File: pgfcorearrows.code.tex 2023-01-15 v3.1.10 (3.1.10)
\pgfarrowsep=\dimen265
)
(d:/texlive/2024/texmf-dist/tex/generic/pgf/basiclayer/pgfcoreshade.code.tex
File: pgfcoreshade.code.tex 2023-01-15 v3.1.10 (3.1.10)
\pgf@max=\dimen266
\pgf@sys@shading@range@num=\count294
\pgf@shadingcount=\count295
)
(d:/texlive/2024/texmf-dist/tex/generic/pgf/basiclayer/pgfcoreimage.code.tex
File: pgfcoreimage.code.tex 2023-01-15 v3.1.10 (3.1.10)
)
(d:/texlive/2024/texmf-dist/tex/generic/pgf/basiclayer/pgfcoreexternal.code.tex
File: pgfcoreexternal.code.tex 2023-01-15 v3.1.10 (3.1.10)
\pgfexternal@startupbox=\box65
) (d:/texlive/2024/texmf-dist/tex/generic/pgf/basiclayer/pgfcorelayers.code.tex
File: pgfcorelayers.code.tex 2023-01-15 v3.1.10 (3.1.10)
)
(d:/texlive/2024/texmf-dist/tex/generic/pgf/basiclayer/pgfcoretransparency.code
.tex
File: pgfcoretransparency.code.tex 2023-01-15 v3.1.10 (3.1.10)
)
(d:/texlive/2024/texmf-dist/tex/generic/pgf/basiclayer/pgfcorepatterns.code.tex
File: pgfcorepatterns.code.tex 2023-01-15 v3.1.10 (3.1.10)
) (d:/texlive/2024/texmf-dist/tex/generic/pgf/basiclayer/pgfcorerdf.code.tex
File: pgfcorerdf.code.tex 2023-01-15 v3.1.10 (3.1.10)
))) (d:/texlive/2024/texmf-dist/tex/latex/pgf/utilities/xxcolor.sty
Package: xxcolor 2003/10/24 ver 0.1
\XC@nummixins=\count296
\XC@countmixins=\count297
)
(d:/texlive/2024/texmf-dist/tex/latex/base/atbegshi-ltx.sty
Package: atbegshi-ltx 2021/01/10 v1.0c Emulation of the original atbegshi
package with kernel methods
)
(d:/texlive/2024/texmf-dist/tex/latex/hyperref/hyperref.sty
Package: hyperref 2024-01-20 v7.01h Hypertext links for LaTeX

(d:/texlive/2024/texmf-dist/tex/latex/kvsetkeys/kvsetkeys.sty
Package: kvsetkeys 2022-10-05 v1.19 Key value parser (HO)
)
(d:/texlive/2024/texmf-dist/tex/generic/kvdefinekeys/kvdefinekeys.sty
Package: kvdefinekeys 2019-12-19 v1.6 Define keys (HO)
)
(d:/texlive/2024/texmf-dist/tex/generic/pdfescape/pdfescape.sty
Package: pdfescape 2019/12/09 v1.15 Implements pdfTeX's escape features (HO)

(d:/texlive/2024/texmf-dist/tex/generic/ltxcmds/ltxcmds.sty
Package: ltxcmds 2023-12-04 v1.26 LaTeX kernel commands for general use (HO)
)
(d:/texlive/2024/texmf-dist/tex/generic/pdftexcmds/pdftexcmds.sty
Package: pdftexcmds 2020-06-27 v0.33 Utility functions of pdfTeX for LuaTeX (HO
)

(d:/texlive/2024/texmf-dist/tex/generic/infwarerr/infwarerr.sty
Package: infwarerr 2019/12/03 v1.5 Providing info/warning/error messages (HO)
)
Package pdftexcmds Info: \pdf@primitive is available.
Package pdftexcmds Info: \pdf@ifprimitive is available.
Package pdftexcmds Info: \pdfdraftmode not found.
))
(d:/texlive/2024/texmf-dist/tex/latex/hycolor/hycolor.sty
Package: hycolor 2020-01-27 v1.10 Color options for hyperref/bookmark (HO)
)
(d:/texlive/2024/texmf-dist/tex/latex/auxhook/auxhook.sty
Package: auxhook 2019-12-17 v1.6 Hooks for auxiliary files (HO)
)
(d:/texlive/2024/texmf-dist/tex/latex/hyperref/nameref.sty
Package: nameref 2023-11-26 v2.56 Cross-referencing by name of section

(d:/texlive/2024/texmf-dist/tex/latex/refcount/refcount.sty
Package: refcount 2019/12/15 v3.6 Data extraction from label references (HO)
)
(d:/texlive/2024/texmf-dist/tex/generic/gettitlestring/gettitlestring.sty
Package: gettitlestring 2019/12/15 v1.6 Cleanup title references (HO)

(d:/texlive/2024/texmf-dist/tex/latex/kvoptions/kvoptions.sty
Package: kvoptions 2022-06-15 v3.15 Key value format for package options (HO)
))
\c@section@level=\count298
)
\@linkdim=\dimen267
\Hy@linkcounter=\count299
\Hy@pagecounter=\count300

(d:/texlive/2024/texmf-dist/tex/latex/hyperref/pd1enc.def
File: pd1enc.def 2024-01-20 v7.01h Hyperref: PDFDocEncoding definition (HO)
)
(d:/texlive/2024/texmf-dist/tex/generic/intcalc/intcalc.sty
Package: intcalc 2019/12/15 v1.3 Expandable calculations with integers (HO)
)
\Hy@SavedSpaceFactor=\count301

(d:/texlive/2024/texmf-dist/tex/latex/hyperref/puenc.def
File: puenc.def 2024-01-20 v7.01h Hyperref: PDF Unicode definition (HO)
)
Package hyperref Info: Option `bookmarks' set `true' on input line 4062.
Package hyperref Info: Option `bookmarksopen' set `true' on input line 4062.
Package hyperref Info: Option `implicit' set `false' on input line 4062.
Package hyperref Info: Hyper figures OFF on input line 4179.
Package hyperref Info: Link nesting OFF on input line 4184.
Package hyperref Info: Hyper index ON on input line 4187.
Package hyperref Info: Plain pages OFF on input line 4194.
Package hyperref Info: Backreferencing OFF on input line 4199.
Package hyperref Info: Implicit mode OFF; no redefinition of LaTeX internals.
Package hyperref Info: Bookmarks ON on input line 4446.
\c@Hy@tempcnt=\count302

(d:/texlive/2024/texmf-dist/tex/latex/url/url.sty
\Urlmuskip=\muskip16
Package: url 2013/09/16  ver 3.4  Verb mode for urls, etc.
)
LaTeX Info: Redefining \url on input line 4784.
\XeTeXLinkMargin=\dimen268

(d:/texlive/2024/texmf-dist/tex/generic/bitset/bitset.sty
Package: bitset 2019/12/09 v1.3 Handle bit-vector datatype (HO)

(d:/texlive/2024/texmf-dist/tex/generic/bigintcalc/bigintcalc.sty
Package: bigintcalc 2019/12/15 v1.5 Expandable calculations on big integers (HO
)
))
\Fld@menulength=\count303
\Field@Width=\dimen269
\Fld@charsize=\dimen270
Package hyperref Info: Hyper figures OFF on input line 6063.
Package hyperref Info: Link nesting OFF on input line 6068.
Package hyperref Info: Hyper index ON on input line 6071.
Package hyperref Info: backreferencing OFF on input line 6078.
Package hyperref Info: Link coloring OFF on input line 6083.
Package hyperref Info: Link coloring with OCG OFF on input line 6088.
Package hyperref Info: PDF/A mode OFF on input line 6093.
\Hy@abspage=\count304


Package hyperref Message: Stopped early.

)
Package hyperref Info: Driver (autodetected): hxetex.
 (d:/texlive/2024/texmf-dist/tex/latex/hyperref/hxetex.def
File: hxetex.def 2024-01-20 v7.01h Hyperref driver for XeTeX

(d:/texlive/2024/texmf-dist/tex/generic/stringenc/stringenc.sty
Package: stringenc 2019/11/29 v1.12 Convert strings between diff. encodings (HO
)
)
\pdfm@box=\box66
\c@Hy@AnnotLevel=\count305
\HyField@AnnotCount=\count306
\Fld@listcount=\count307
\c@bookmark@seq@number=\count308

(d:/texlive/2024/texmf-dist/tex/latex/rerunfilecheck/rerunfilecheck.sty
Package: rerunfilecheck 2022-07-10 v1.10 Rerun checks for auxiliary files (HO)

(d:/texlive/2024/texmf-dist/tex/latex/base/atveryend-ltx.sty
Package: atveryend-ltx 2020/08/19 v1.0a Emulation of the original atveryend pac
kage
with kernel methods
)
(d:/texlive/2024/texmf-dist/tex/generic/uniquecounter/uniquecounter.sty
Package: uniquecounter 2019/12/15 v1.4 Provide unlimited unique counter (HO)
)
Package uniquecounter Info: New unique counter `rerunfilecheck' on input line 2
85.
))
(d:/texlive/2024/texmf-dist/tex/latex/beamer/beamerbaserequires.sty
(d:/texlive/2024/texmf-dist/tex/latex/beamer/beamerbasecompatibility.sty)
(d:/texlive/2024/texmf-dist/tex/latex/beamer/beamerbasefont.sty
(d:/texlive/2024/texmf-dist/tex/latex/amsfonts/amssymb.sty
Package: amssymb 2013/01/14 v3.01 AMS font symbols

(d:/texlive/2024/texmf-dist/tex/latex/amsfonts/amsfonts.sty
Package: amsfonts 2013/01/14 v3.01 Basic AMSFonts support
\@emptytoks=\toks29
\symAMSa=\mathgroup4
\symAMSb=\mathgroup5
LaTeX Font Info:    Redeclaring math symbol \hbar on input line 98.
LaTeX Font Info:    Overwriting math alphabet `\mathfrak' in version `bold'
(Font)                  U/euf/m/n --> U/euf/b/n on input line 106.
))
(d:/texlive/2024/texmf-dist/tex/latex/sansmathaccent/sansmathaccent.sty
Package: sansmathaccent 2020/01/31

(d:/texlive/2024/texmf-dist/tex/latex/koma-script/scrlfile.sty
Package: scrlfile 2023/07/07 v3.41 KOMA-Script package (file load hooks)

(d:/texlive/2024/texmf-dist/tex/latex/koma-script/scrlfile-hook.sty
Package: scrlfile-hook 2023/07/07 v3.41 KOMA-Script package (using LaTeX hooks)


(d:/texlive/2024/texmf-dist/tex/latex/koma-script/scrlogo.sty
Package: scrlogo 2023/07/07 v3.41 KOMA-Script package (logo)
)))))
(d:/texlive/2024/texmf-dist/tex/latex/beamer/beamerbasetranslator.sty
(d:/texlive/2024/texmf-dist/tex/latex/translator/translator.sty
Package: translator 2021-05-31 v1.12d Easy translation of strings in LaTeX
))
(d:/texlive/2024/texmf-dist/tex/latex/beamer/beamerbasemisc.sty)
(d:/texlive/2024/texmf-dist/tex/latex/beamer/beamerbasetwoscreens.sty)
(d:/texlive/2024/texmf-dist/tex/latex/beamer/beamerbaseoverlay.sty
\beamer@argscount=\count309
\beamer@lastskipcover=\skip51
\beamer@trivlistdepth=\count310
)
(d:/texlive/2024/texmf-dist/tex/latex/beamer/beamerbasetitle.sty)
(d:/texlive/2024/texmf-dist/tex/latex/beamer/beamerbasesection.sty
\c@lecture=\count311
\c@part=\count312
\c@section=\count313
\c@subsection=\count314
\c@subsubsection=\count315
)
(d:/texlive/2024/texmf-dist/tex/latex/beamer/beamerbaseframe.sty
\beamer@framebox=\box67
\beamer@frametitlebox=\box68
\beamer@zoombox=\box69
\beamer@zoomcount=\count316
\beamer@zoomframecount=\count317
\beamer@frametextheight=\dimen271
\c@subsectionslide=\count318
\beamer@frametopskip=\skip52
\beamer@framebottomskip=\skip53
\beamer@frametopskipautobreak=\skip54
\beamer@framebottomskipautobreak=\skip55
\beamer@envbody=\toks30
\framewidth=\dimen272
\c@framenumber=\count319
)
(d:/texlive/2024/texmf-dist/tex/latex/beamer/beamerbaseverbatim.sty
\beamer@verbatimfileout=\write4
)
(d:/texlive/2024/texmf-dist/tex/latex/beamer/beamerbaseframesize.sty
\beamer@splitbox=\box70
\beamer@autobreakcount=\count320
\beamer@autobreaklastheight=\dimen273
\beamer@frametitletoks=\toks31
\beamer@framesubtitletoks=\toks32
)
(d:/texlive/2024/texmf-dist/tex/latex/beamer/beamerbaseframecomponents.sty
\beamer@footins=\box71
)
(d:/texlive/2024/texmf-dist/tex/latex/beamer/beamerbasecolor.sty)
(d:/texlive/2024/texmf-dist/tex/latex/beamer/beamerbasenotes.sty
\beamer@frameboxcopy=\box72
)
(d:/texlive/2024/texmf-dist/tex/latex/beamer/beamerbasetoc.sty)
(d:/texlive/2024/texmf-dist/tex/latex/beamer/beamerbasetemplates.sty
\beamer@sbttoks=\toks33

(d:/texlive/2024/texmf-dist/tex/latex/beamer/beamerbaseauxtemplates.sty
(d:/texlive/2024/texmf-dist/tex/latex/beamer/beamerbaseboxes.sty
\bmb@box=\box73
\bmb@colorbox=\box74
\bmb@boxwidth=\dimen274
\bmb@boxheight=\dimen275
\bmb@prevheight=\dimen276
\bmb@temp=\dimen277
\bmb@dima=\dimen278
\bmb@dimb=\dimen279
\bmb@prevheight=\dimen280
)
\beamer@blockheadheight=\dimen281
))
(d:/texlive/2024/texmf-dist/tex/latex/beamer/beamerbaselocalstructure.sty
(d:/texlive/2024/texmf-dist/tex/latex/tools/enumerate.sty
Package: enumerate 2023/07/04 v3.00 enumerate extensions (DPC)
\@enLab=\toks34
)
\beamer@bibiconwidth=\skip56
\c@figure=\count321
\c@table=\count322
\abovecaptionskip=\skip57
\belowcaptionskip=\skip58
)
(d:/texlive/2024/texmf-dist/tex/latex/beamer/beamerbasenavigation.sty
(d:/texlive/2024/texmf-dist/tex/latex/beamer/beamerbasenavigationsymbols.tex)
\beamer@section@min@dim=\dimen282
)
(d:/texlive/2024/texmf-dist/tex/latex/beamer/beamerbasetheorems.sty
(d:/texlive/2024/texmf-dist/tex/latex/amsmath/amsmath.sty
Package: amsmath 2023/05/13 v2.17o AMS math features
\@mathmargin=\skip59

For additional information on amsmath, use the `?' option.
(d:/texlive/2024/texmf-dist/tex/latex/amsmath/amstext.sty
Package: amstext 2021/08/26 v2.01 AMS text

(d:/texlive/2024/texmf-dist/tex/latex/amsmath/amsgen.sty
File: amsgen.sty 1999/11/30 v2.0 generic functions
\@emptytoks=\toks35
\ex@=\dimen283
))
(d:/texlive/2024/texmf-dist/tex/latex/amsmath/amsbsy.sty
Package: amsbsy 1999/11/29 v1.2d Bold Symbols
\pmbraise@=\dimen284
)
(d:/texlive/2024/texmf-dist/tex/latex/amsmath/amsopn.sty
Package: amsopn 2022/04/08 v2.04 operator names
)
\inf@bad=\count323
LaTeX Info: Redefining \frac on input line 234.
\uproot@=\count324
\leftroot@=\count325
LaTeX Info: Redefining \overline on input line 399.
LaTeX Info: Redefining \colon on input line 410.
\classnum@=\count326
\DOTSCASE@=\count327
LaTeX Info: Redefining \ldots on input line 496.
LaTeX Info: Redefining \dots on input line 499.
LaTeX Info: Redefining \cdots on input line 620.
\Mathstrutbox@=\box75
\strutbox@=\box76
LaTeX Info: Redefining \big on input line 722.
LaTeX Info: Redefining \Big on input line 723.
LaTeX Info: Redefining \bigg on input line 724.
LaTeX Info: Redefining \Bigg on input line 725.
\big@size=\dimen285
LaTeX Font Info:    Redeclaring font encoding OML on input line 743.
LaTeX Font Info:    Redeclaring font encoding OMS on input line 744.
\macc@depth=\count328
LaTeX Info: Redefining \bmod on input line 905.
LaTeX Info: Redefining \pmod on input line 910.
LaTeX Info: Redefining \smash on input line 940.
LaTeX Info: Redefining \relbar on input line 970.
LaTeX Info: Redefining \Relbar on input line 971.
\c@MaxMatrixCols=\count329
\dotsspace@=\muskip17
\c@parentequation=\count330
\dspbrk@lvl=\count331
\tag@help=\toks36
\row@=\count332
\column@=\count333
\maxfields@=\count334
\andhelp@=\toks37
\eqnshift@=\dimen286
\alignsep@=\dimen287
\tagshift@=\dimen288
\tagwidth@=\dimen289
\totwidth@=\dimen290
\lineht@=\dimen291
\@envbody=\toks38
\multlinegap=\skip60
\multlinetaggap=\skip61
\mathdisplay@stack=\toks39
LaTeX Info: Redefining \[ on input line 2953.
LaTeX Info: Redefining \] on input line 2954.
)
(d:/texlive/2024/texmf-dist/tex/latex/amscls/amsthm.sty
Package: amsthm 2020/05/29 v2.20.6
\thm@style=\toks40
\thm@bodyfont=\toks41
\thm@headfont=\toks42
\thm@notefont=\toks43
\thm@headpunct=\toks44
\thm@preskip=\skip62
\thm@postskip=\skip63
\thm@headsep=\skip64
\dth@everypar=\toks45
)
\c@theorem=\count335
)
(d:/texlive/2024/texmf-dist/tex/latex/beamer/beamerbasethemes.sty))
(d:/texlive/2024/texmf-dist/tex/latex/beamer/beamerthemedefault.sty
(d:/texlive/2024/texmf-dist/tex/latex/beamer/beamerfontthemedefault.sty)
(d:/texlive/2024/texmf-dist/tex/latex/beamer/beamercolorthemedefault.sty)
(d:/texlive/2024/texmf-dist/tex/latex/beamer/beamerinnerthemedefault.sty
\beamer@dima=\dimen292
\beamer@dimb=\dimen293
)
(d:/texlive/2024/texmf-dist/tex/latex/beamer/beamerouterthemedefault.sty)))
(d:/texlive/2024/texmf-dist/tex/latex/ctex/ctex.sty
(d:/texlive/2024/texmf-dist/tex/latex/l3kernel/expl3.sty
Package: expl3 2024-02-20 L3 programming layer (loader) 

(d:/texlive/2024/texmf-dist/tex/latex/l3backend/l3backend-xetex.def
File: l3backend-xetex.def 2024-02-20 L3 backend support: XeTeX
\g__graphics_track_int=\count336
\l__pdf_internal_box=\box77
\g__pdf_backend_object_int=\count337
\g__pdf_backend_annotation_int=\count338
\g__pdf_backend_link_int=\count339
))
Package: ctex 2022/07/14 v2.5.10 Chinese adapter in LaTeX (CTEX)

(d:/texlive/2024/texmf-dist/tex/latex/ctex/ctexhook.sty
Package: ctexhook 2022/07/14 v2.5.10 Document and package hooks (CTEX)
)
(d:/texlive/2024/texmf-dist/tex/latex/ctex/ctexpatch.sty
Package: ctexpatch 2022/07/14 v2.5.10 Patching commands (CTEX)
)
(d:/texlive/2024/texmf-dist/tex/latex/base/fix-cm.sty
Package: fix-cm 2020/11/24 v1.1t fixes to LaTeX

(d:/texlive/2024/texmf-dist/tex/latex/base/ts1enc.def
File: ts1enc.def 2001/06/05 v3.0e (jk/car/fm) Standard LaTeX file
LaTeX Font Info:    Redeclaring font encoding TS1 on input line 47.
))
\l__ctex_tmp_int=\count340
\l__ctex_tmp_box=\box78
\l__ctex_tmp_dim=\dimen294
\g__ctex_section_depth_int=\count341
\g__ctex_font_size_int=\count342

(d:/texlive/2024/texmf-dist/tex/latex/ctex/config/ctexopts.cfg
File: ctexopts.cfg 2022/07/14 v2.5.10 Option configuration file (CTEX)
)
(d:/texlive/2024/texmf-dist/tex/latex/ctex/engine/ctex-engine-xetex.def
File: ctex-engine-xetex.def 2022/07/14 v2.5.10 XeLaTeX adapter (CTEX)

(d:/texlive/2024/texmf-dist/tex/xelatex/xecjk/xeCJK.sty
Package: xeCJK 2022/08/05 v3.9.1 Typesetting CJK scripts with XeLaTeX

(d:/texlive/2024/texmf-dist/tex/latex/l3packages/xtemplate/xtemplate.sty
(d:/texlive/2024/texmf-dist/tex/latex/l3packages/xtemplate/xtemplate-2023-10-10
.sty
Package: xtemplate 2023-10-10 L3 Experimental prototype document functions
\l__xtemplate_tmp_dim=\dimen295
\l__xtemplate_tmp_int=\count343
\l__xtemplate_tmp_muskip=\muskip18
\l__xtemplate_tmp_skip=\skip65
))
\l__xeCJK_tmp_int=\count344
\l__xeCJK_tmp_box=\box79
\l__xeCJK_tmp_dim=\dimen296
\l__xeCJK_tmp_skip=\skip66
\g__xeCJK_space_factor_int=\count345
\l__xeCJK_begin_int=\count346
\l__xeCJK_end_int=\count347
\c__xeCJK_CJK_class_int=\XeTeXcharclass1
\c__xeCJK_FullLeft_class_int=\XeTeXcharclass2
\c__xeCJK_FullRight_class_int=\XeTeXcharclass3
\c__xeCJK_HalfLeft_class_int=\XeTeXcharclass4
\c__xeCJK_HalfRight_class_int=\XeTeXcharclass5
\c__xeCJK_NormalSpace_class_int=\XeTeXcharclass6
\c__xeCJK_CM_class_int=\XeTeXcharclass7
\c__xeCJK_HangulJamo_class_int=\XeTeXcharclass8
\l__xeCJK_last_skip=\skip67
\c__xeCJK_none_node=\count348
\g__xeCJK_node_int=\count349
\c__xeCJK_CJK_node_dim=\dimen297
\c__xeCJK_CJK-space_node_dim=\dimen298
\c__xeCJK_default_node_dim=\dimen299
\c__xeCJK_CJK-widow_node_dim=\dimen300
\c__xeCJK_normalspace_node_dim=\dimen301
\c__xeCJK_default-space_node_skip=\skip68
\l__xeCJK_ccglue_skip=\skip69
\l__xeCJK_ecglue_skip=\skip70
\l__xeCJK_punct_kern_skip=\skip71
\l__xeCJK_indent_box=\box80
\l__xeCJK_last_penalty_int=\count350
\l__xeCJK_last_bound_dim=\dimen302
\l__xeCJK_last_kern_dim=\dimen303
\l__xeCJK_widow_penalty_int=\count351

Package xtemplate Info: Declaring object type 'xeCJK/punctuation' taking 0
(xtemplate)             argument(s) on line 2396.

\l__xeCJK_fixed_punct_width_dim=\dimen304
\l__xeCJK_mixed_punct_width_dim=\dimen305
\l__xeCJK_middle_punct_width_dim=\dimen306
\l__xeCJK_fixed_margin_width_dim=\dimen307
\l__xeCJK_mixed_margin_width_dim=\dimen308
\l__xeCJK_middle_margin_width_dim=\dimen309
\l__xeCJK_bound_punct_width_dim=\dimen310
\l__xeCJK_bound_margin_width_dim=\dimen311
\l__xeCJK_margin_minimum_dim=\dimen312
\l__xeCJK_kerning_total_width_dim=\dimen313
\l__xeCJK_same_align_margin_dim=\dimen314
\l__xeCJK_different_align_margin_dim=\dimen315
\l__xeCJK_kerning_margin_width_dim=\dimen316
\l__xeCJK_kerning_margin_minimum_dim=\dimen317
\l__xeCJK_bound_dim=\dimen318
\l__xeCJK_reverse_bound_dim=\dimen319
\l__xeCJK_margin_dim=\dimen320
\l__xeCJK_minimum_bound_dim=\dimen321
\l__xeCJK_kerning_margin_dim=\dimen322
\g__xeCJK_family_int=\count352
\l__xeCJK_fam_int=\count353
\g__xeCJK_fam_allocation_int=\count354
\l__xeCJK_verb_case_int=\count355
\l__xeCJK_verb_exspace_skip=\skip72
 (d:/texlive/2024/texmf-dist/tex/latex/fontspec/fontspec.sty
(d:/texlive/2024/texmf-dist/tex/latex/l3packages/xparse/xparse.sty
Package: xparse 2024-02-18 L3 Experimental document command parser
)
Package: fontspec 2024/02/13 v2.9a Font selection for XeLaTeX and LuaLaTeX

(d:/texlive/2024/texmf-dist/tex/latex/fontspec/fontspec-xetex.sty
Package: fontspec-xetex 2024/02/13 v2.9a Font selection for XeLaTeX and LuaLaTe
X
\l__fontspec_script_int=\count356
\l__fontspec_language_int=\count357
\l__fontspec_strnum_int=\count358
\l__fontspec_tmp_int=\count359
\l__fontspec_tmpa_int=\count360
\l__fontspec_tmpb_int=\count361
\l__fontspec_tmpc_int=\count362
\l__fontspec_em_int=\count363
\l__fontspec_emdef_int=\count364
\l__fontspec_strong_int=\count365
\l__fontspec_strongdef_int=\count366
\l__fontspec_tmpa_dim=\dimen323
\l__fontspec_tmpb_dim=\dimen324
\l__fontspec_tmpc_dim=\dimen325

(d:/texlive/2024/texmf-dist/tex/latex/base/fontenc.sty
Package: fontenc 2021/04/29 v2.0v Standard LaTeX package
)
(d:/texlive/2024/texmf-dist/tex/latex/fontspec/fontspec.cfg)))
(d:/texlive/2024/texmf-dist/tex/xelatex/xecjk/xeCJK.cfg
File: xeCJK.cfg 2022/08/05 v3.9.1 Configuration file for xeCJK package
))
\ccwd=\dimen326
\l__ctex_ccglue_skip=\skip73
)
\l__ctex_ziju_dim=\dimen327

(d:/texlive/2024/texmf-dist/tex/latex/zhnumber/zhnumber.sty
Package: zhnumber 2022/07/14 v3.0 Typesetting numbers with Chinese glyphs
\l__zhnum_scale_int=\count367
\l__zhnum_tmp_int=\count368

(d:/texlive/2024/texmf-dist/tex/latex/zhnumber/zhnumber-utf8.cfg
File: zhnumber-utf8.cfg 2022/07/14 v3.0 Chinese numerals with UTF8 encoding
))
(d:/texlive/2024/texmf-dist/tex/latex/ctex/scheme/ctex-scheme-chinese.def
File: ctex-scheme-chinese.def 2022/07/14 v2.5.10 Chinese scheme for generic (CT
EX)

(d:/texlive/2024/texmf-dist/tex/latex/ctex/config/ctex-name-utf8.cfg
File: ctex-name-utf8.cfg 2022/07/14 v2.5.10 Caption with encoding UTF-8 (CTEX)
))
(d:/texlive/2024/texmf-dist/tex/latex/ctex/fontset/ctex-fontset-windows.def
File: ctex-fontset-windows.def 2022/07/14 v2.5.10 Windows fonts definition (CTE
X)

Package fontspec Info: Could not resolve font "KaiTi/B" (it probably doesn't
(fontspec)             exist).


Package fontspec Info: Could not resolve font "SimHei/I" (it probably doesn't
(fontspec)             exist).


Package fontspec Info: Could not resolve font "SimSun/BI" (it probably doesn't
(fontspec)             exist).


Package fontspec Info: Font family 'SimSun(0)' created for font 'SimSun' with
(fontspec)             options
(fontspec)             [Script={CJK},BoldFont={SimHei},ItalicFont={KaiTi}].
(fontspec)              
(fontspec)              This font family consists of the following NFSS
(fontspec)             series/shapes:
(fontspec)              
(fontspec)             - 'normal' (m/n) with NFSS spec.:
(fontspec)             <->"SimSun/OT:script=hani;language=dflt;"
(fontspec)             - 'small caps'  (m/sc) with NFSS spec.: 
(fontspec)             - 'bold' (b/n) with NFSS spec.:
(fontspec)             <->"SimHei/OT:script=hani;language=dflt;"
(fontspec)             - 'bold small caps'  (b/sc) with NFSS spec.: 
(fontspec)             - 'italic' (m/it) with NFSS spec.:
(fontspec)             <->"KaiTi/OT:script=hani;language=dflt;"
(fontspec)             - 'italic small caps'  (m/scit) with NFSS spec.: 

))
(d:/texlive/2024/texmf-dist/tex/latex/ctex/config/ctex.cfg
File: ctex.cfg 2022/07/14 v2.5.10 Configuration file (CTEX)
)
(d:/texlive/2024/texmf-dist/tex/latex/droid/droidsans.sty
Package: droidsans 2019/06/20 Style file for Droid Sans.

(d:/texlive/2024/texmf-dist/tex/generic/iftex/ifluatex.sty
Package: ifluatex 2019/10/25 v1.5 ifluatex legacy package. Use iftex instead.
)
(d:/texlive/2024/texmf-dist/tex/generic/iftex/ifxetex.sty
Package: ifxetex 2019/10/25 v0.7 ifxetex legacy package. Use iftex instead.
)
(d:/texlive/2024/texmf-dist/tex/latex/xkeyval/xkeyval.sty
Package: xkeyval 2022/06/16 v2.9 package option processing (HA)

(d:/texlive/2024/texmf-dist/tex/generic/xkeyval/xkeyval.tex
(d:/texlive/2024/texmf-dist/tex/generic/xkeyval/xkvutils.tex
\XKV@toks=\toks46
\XKV@tempa@toks=\toks47
)
\XKV@depth=\count369
File: xkeyval.tex 2014/12/03 v2.7a key=value parser (HA)
))
Requested font "[DroidSans.ttf]/OT" at 10.94997pt
 -> d:/texlive/2024/texmf-dist/fonts/truetype/ascender/droid/droidsans/DroidSan
s.ttf
Requested font "[DroidSans.ttf]/OT" at 10.95003pt
 -> d:/texlive/2024/texmf-dist/fonts/truetype/ascender/droid/droidsans/DroidSan
s.ttf

Package fontspec Info: DroidSans scale = 1.

Requested font "[DroidSans-Bold.ttf]/OT:script=latn;language=dflt;" at 10.95003
pt
 -> d:/texlive/2024/texmf-dist/fonts/truetype/ascender/droid/droidsans/DroidSan
s-Bold.ttf

Package fontspec Info: DroidSans-Bold scale = 1.


Package fontspec Info: DroidSans-Bold scale = 1.

Requested font "[DroidSans.ttf]/OT:script=latn;language=dflt;" at 10.95003pt
 -> d:/texlive/2024/texmf-dist/fonts/truetype/ascender/droid/droidsans/DroidSan
s.ttf

Package fontspec Info: DroidSans scale = 1.


Package fontspec Info: DroidSans scale = 1.


Package fontspec Info: Font family 'droidsans' created for font 'DroidSans'
(fontspec)             with options
(fontspec)             [Extension=.ttf,Ligatures=TeX,Scale=1,UprightFont={*},It
alicFont={*},ItalicFeatures={FakeSlant=0.213},FontFace={b}{n}{*-Bold},FontFace=
{b}{it}{Font=*-Bold,FakeSlant=0.213},BoldFont={*-Bold},BoldItalicFont={*-Bold},
BoldItalicFeatures={FakeSlant=0.213},NFSSFamily=droidsans].
(fontspec)              
(fontspec)              This font family consists of the following NFSS
(fontspec)             series/shapes:
(fontspec)              
(fontspec)             - 'bold' (b/n) with NFSS spec.:
(fontspec)             <->s*[1]"[DroidSans-Bold.ttf]/OT:script=latn;language=df
lt;mapping=tex-text;"
(fontspec)             - 'bold small caps'  (b/sc) with NFSS spec.: 
(fontspec)             - 'bold italic' (b/it) with NFSS spec.:
(fontspec)             <->s*[1]"[DroidSans-Bold.ttf]/OT:script=latn;language=df
lt;slant=0.213;mapping=tex-text;"
(fontspec)             - 'bold italic small caps'  (b/scit) with NFSS spec.: 
(fontspec)             - 'normal' (m/n) with NFSS spec.:
(fontspec)             <->s*[1]"[DroidSans.ttf]/OT:script=latn;language=dflt;ma
pping=tex-text;"
(fontspec)             - 'small caps'  (m/sc) with NFSS spec.: 
(fontspec)             - 'italic' (m/it) with NFSS spec.:
(fontspec)             <->s*[1]"[DroidSans.ttf]/OT:script=latn;language=dflt;sl
ant=0.213;mapping=tex-text;"
(fontspec)             - 'italic small caps'  (m/scit) with NFSS spec.: 


Package fontspec Info: DroidSans scale = 1.


Package fontspec Info: DroidSans-Bold scale = 1.


Package fontspec Info: DroidSans-Bold scale = 1.


Package fontspec Info: DroidSans scale = 1.


Package fontspec Info: DroidSans scale = 1.


Package fontspec Info: Font family 'fds' created for font 'DroidSans' with
(fontspec)             options
(fontspec)             [Extension=.ttf,Ligatures=TeX,Scale=1,UprightFont={*},It
alicFont={*},ItalicFeatures={FakeSlant=0.213},FontFace={b}{n}{*-Bold},FontFace=
{b}{it}{Font=*-Bold,FakeSlant=0.213},BoldFont={*-Bold},BoldItalicFont={*-Bold},
BoldItalicFeatures={FakeSlant=0.213},NFSSFamily=fds].
(fontspec)              
(fontspec)              This font family consists of the following NFSS
(fontspec)             series/shapes:
(fontspec)              
(fontspec)             - 'bold' (b/n) with NFSS spec.:
(fontspec)             <->s*[1]"[DroidSans-Bold.ttf]/OT:script=latn;language=df
lt;mapping=tex-text;"
(fontspec)             - 'bold small caps'  (b/sc) with NFSS spec.: 
(fontspec)             - 'bold italic' (b/it) with NFSS spec.:
(fontspec)             <->s*[1]"[DroidSans-Bold.ttf]/OT:script=latn;language=df
lt;slant=0.213;mapping=tex-text;"
(fontspec)             - 'bold italic small caps'  (b/scit) with NFSS spec.: 
(fontspec)             - 'normal' (m/n) with NFSS spec.:
(fontspec)             <->s*[1]"[DroidSans.ttf]/OT:script=latn;language=dflt;ma
pping=tex-text;"
(fontspec)             - 'small caps'  (m/sc) with NFSS spec.: 
(fontspec)             - 'italic' (m/it) with NFSS spec.:
(fontspec)             <->s*[1]"[DroidSans.ttf]/OT:script=latn;language=dflt;sl
ant=0.213;mapping=tex-text;"
(fontspec)             - 'italic small caps'  (m/scit) with NFSS spec.: 


Package fontspec Info: DroidSans scale = 1.


Package fontspec Info: DroidSans-Bold scale = 1.


Package fontspec Info: DroidSans-Bold scale = 1.


Package fontspec Info: DroidSans scale = 1.


Package fontspec Info: DroidSans scale = 1.


Package fontspec Info: Font family 'DroidSans(0)' created for font 'DroidSans'
(fontspec)             with options
(fontspec)             [Ligatures=TeX,Extension=.ttf,Ligatures=TeX,Scale=1,Upri
ghtFont={*},ItalicFont={*},ItalicFeatures={FakeSlant=0.213},FontFace={b}{n}{*-B
old},FontFace={b}{it}{Font=*-Bold,FakeSlant=0.213},BoldFont={*-Bold},BoldItalic
Font={*-Bold},BoldItalicFeatures={FakeSlant=0.213}].
(fontspec)              
(fontspec)              This font family consists of the following NFSS
(fontspec)             series/shapes:
(fontspec)              
(fontspec)             - 'bold' (b/n) with NFSS spec.:
(fontspec)             <->s*[1]"[DroidSans-Bold.ttf]/OT:script=latn;language=df
lt;mapping=tex-text;"
(fontspec)             - 'bold small caps'  (b/sc) with NFSS spec.: 
(fontspec)             - 'bold italic' (b/it) with NFSS spec.:
(fontspec)             <->s*[1]"[DroidSans-Bold.ttf]/OT:script=latn;language=df
lt;slant=0.213;mapping=tex-text;"
(fontspec)             - 'bold italic small caps'  (b/scit) with NFSS spec.: 
(fontspec)             - 'normal' (m/n) with NFSS spec.:
(fontspec)             <->s*[1]"[DroidSans.ttf]/OT:script=latn;language=dflt;ma
pping=tex-text;"
(fontspec)             - 'small caps'  (m/sc) with NFSS spec.: 
(fontspec)             - 'italic' (m/it) with NFSS spec.:
(fontspec)             <->s*[1]"[DroidSans.ttf]/OT:script=latn;language=dflt;sl
ant=0.213;mapping=tex-text;"
(fontspec)             - 'italic small caps'  (m/scit) with NFSS spec.: 

LaTeX Font Info:    Font shape `TU/DroidSans(0)/m/n' will be
(Font)              scaled to size 10.95pt on input line 92.
Requested font "[DroidSans.ttf]/OT:script=latn;language=dflt;mapping=tex-text;"
 at 10.95pt
 -> d:/texlive/2024/texmf-dist/fonts/truetype/ascender/droid/droidsans/DroidSan
s.ttf
)
(d:/texlive/2024/texmf-dist/tex/latex/newtx/newtxmath.sty
Package: newtxmath 2024/03/06 v1.742

`newtxmath' v1.742, 2024/03/06 Math macros based originally on txfonts (msharpe
) (d:/texlive/2024/texmf-dist/tex/latex/base/ifthen.sty
Package: ifthen 2022/04/13 v1.1d Standard LaTeX ifthen package (DPC)
)
(d:/texlive/2024/texmf-dist/tex/latex/oberdiek/centernot.sty
Package: centernot 2016/05/16 v1.4 Centers the not symbol horizontally (HO)
)
\tx@cntz=\count370

(d:/texlive/2024/texmf-dist/tex/generic/kastrup/binhex.tex)
\tx@Isdigit=\count371
\tx@IsAlNum=\count372
\tx@tA=\toks48
\tx@tB=\toks49
\tx@su=\read3

amsthm NOT loaded
LaTeX Font Info:    Redeclaring symbol font `operators' on input line 393.
LaTeX Font Info:    Overwriting symbol font `operators' in version `normal'
(Font)                  OT1/cmr/m/n --> OT1/lmr/m/n on input line 393.
LaTeX Font Info:    Overwriting symbol font `operators' in version `bold'
(Font)                  OT1/cmr/bx/n --> OT1/lmr/m/n on input line 393.
LaTeX Font Info:    Overwriting symbol font `operators' in version `bold'
(Font)                  OT1/lmr/m/n --> OT1/lmr/b/n on input line 394.
LaTeX Font Info:    Redeclaring math alphabet \mathsf on input line 401.
LaTeX Font Info:    Overwriting math alphabet `\mathsf' in version `normal'
(Font)                  OT1/cmss/m/n --> OT1/DroidSans(0)/m/n on input line 401
.
LaTeX Font Info:    Overwriting math alphabet `\mathsf' in version `bold'
(Font)                  OT1/cmss/bx/n --> OT1/DroidSans(0)/m/n on input line 40
1.
LaTeX Font Info:    Overwriting math alphabet `\mathsf' in version `bold'
(Font)                  OT1/DroidSans(0)/m/n --> OT1/DroidSans(0)/b/n on input 
line 403.
LaTeX Font Info:    Redeclaring math alphabet \mathit on input line 410.
LaTeX Font Info:    Overwriting math alphabet `\mathit' in version `normal'
(Font)                  OT1/cmr/m/it --> OT1/lmr/m/it on input line 410.
LaTeX Font Info:    Overwriting math alphabet `\mathit' in version `bold'
(Font)                  OT1/cmr/bx/it --> OT1/lmr/m/it on input line 410.
LaTeX Font Info:    Redeclaring math alphabet \mathtt on input line 411.
LaTeX Font Info:    Overwriting math alphabet `\mathtt' in version `normal'
(Font)                  OT1/cmtt/m/n --> TU/lmtt/m/n on input line 411.
LaTeX Font Info:    Overwriting math alphabet `\mathtt' in version `bold'
(Font)                  OT1/cmtt/m/n --> TU/lmtt/m/n on input line 411.
LaTeX Font Info:    Redeclaring math alphabet \mathbf on input line 413.
LaTeX Font Info:    Overwriting math alphabet `\mathbf' in version `normal'
(Font)                  OT1/cmr/bx/n --> OT1/lmr/b/n on input line 413.
LaTeX Font Info:    Overwriting math alphabet `\mathbf' in version `bold'
(Font)                  OT1/cmr/bx/n --> OT1/lmr/b/n on input line 413.
LaTeX Font Info:    Overwriting math alphabet `\mathit' in version `bold'
(Font)                  OT1/lmr/m/it --> OT1/lmr/b/it on input line 414.
LaTeX Font Info:    Overwriting math alphabet `\mathtt' in version `bold'
(Font)                  TU/lmtt/m/n --> TU/lmtt/b/n on input line 417.
LaTeX Font Info:    Redeclaring symbol font `letters' on input line 519.
LaTeX Font Info:    Overwriting symbol font `letters' in version `normal'
(Font)                  OML/cmm/m/it --> OML/ntxmi/m/it on input line 519.
LaTeX Font Info:    Overwriting symbol font `letters' in version `bold'
(Font)                  OML/cmm/b/it --> OML/ntxmi/m/it on input line 519.
LaTeX Font Info:    Overwriting symbol font `letters' in version `bold'
(Font)                  OML/ntxmi/m/it --> OML/ntxmi/b/it on input line 520.
\symlettersA=\mathgroup6
LaTeX Font Info:    Overwriting symbol font `lettersA' in version `bold'
(Font)                  U/ntxmia/m/it --> U/ntxmia/b/it on input line 565.
LaTeX Font Info:    Redeclaring math alphabet \mathfrak on input line 567.
LaTeX Font Info:    Redeclaring symbol font `symbols' on input line 587.
LaTeX Font Info:    Encoding `OMS' has changed to `LMS' for symbol font
(Font)              `symbols' in the math version `normal' on input line 587.
LaTeX Font Info:    Overwriting symbol font `symbols' in version `normal'
(Font)                  OMS/cmsy/m/n --> LMS/ntxsy/m/n on input line 587.
LaTeX Font Info:    Encoding `OMS' has changed to `LMS' for symbol font
(Font)              `symbols' in the math version `bold' on input line 587.
LaTeX Font Info:    Overwriting symbol font `symbols' in version `bold'
(Font)                  OMS/cmsy/b/n --> LMS/ntxsy/m/n on input line 587.
LaTeX Font Info:    Overwriting symbol font `symbols' in version `bold'
(Font)                  LMS/ntxsy/m/n --> LMS/ntxsy/b/n on input line 588.
\symAMSm=\mathgroup7
LaTeX Font Info:    Overwriting symbol font `AMSm' in version `bold'
(Font)                  U/ntxsym/m/n --> U/ntxsym/b/n on input line 613.
\symsymbolsC=\mathgroup8
LaTeX Font Info:    Overwriting symbol font `symbolsC' in version `bold'
(Font)                  U/ntxsyc/m/n --> U/ntxsyc/b/n on input line 634.
LaTeX Font Info:    Redeclaring symbol font `largesymbols' on input line 647.
LaTeX Font Info:    Encoding `OMX' has changed to `LMX' for symbol font
(Font)              `largesymbols' in the math version `normal' on input line 6
47.
LaTeX Font Info:    Overwriting symbol font `largesymbols' in version `normal'
(Font)                  OMX/cmex/m/n --> LMX/ntxexx/m/n on input line 647.
LaTeX Font Info:    Encoding `OMX' has changed to `LMX' for symbol font
(Font)              `largesymbols' in the math version `bold' on input line 647
.
LaTeX Font Info:    Overwriting symbol font `largesymbols' in version `bold'
(Font)                  OMX/cmex/m/n --> LMX/ntxexx/m/n on input line 647.
LaTeX Font Info:    Overwriting symbol font `largesymbols' in version `bold'
(Font)                  LMX/ntxexx/m/n --> LMX/ntxexx/b/n on input line 648.
\symlargesymbolsTXA=\mathgroup9
LaTeX Font Info:    Overwriting symbol font `largesymbolsTXA' in version `bold'

(Font)                  U/ntxexa/m/n --> U/ntxexa/b/n on input line 662.
\tx@sbptoks=\toks50
LaTeX Font Info:    Redeclaring math delimiter \lfloor on input line 885.
LaTeX Font Info:    Redeclaring math delimiter \rfloor on input line 886.
LaTeX Font Info:    Redeclaring math delimiter \lceil on input line 887.
LaTeX Font Info:    Redeclaring math delimiter \rceil on input line 888.
LaTeX Font Info:    Redeclaring math delimiter \lbrace on input line 893.
LaTeX Font Info:    Redeclaring math delimiter \rbrace on input line 894.
LaTeX Font Info:    Redeclaring math delimiter \langle on input line 896.
LaTeX Font Info:    Redeclaring math delimiter \rangle on input line 898.
LaTeX Font Info:    Redeclaring math delimiter \arrowvert on input line 902.
LaTeX Font Info:    Redeclaring math delimiter \vert on input line 903.
LaTeX Font Info:    Redeclaring math accent \dot on input line 974.
LaTeX Font Info:    Redeclaring math accent \ddot on input line 975.
LaTeX Font Info:    Redeclaring math accent \vec on input line 2048.
LaTeX Info: Redefining \Bbbk on input line 2838.
LaTeX Info: Redefining \not on input line 2986.
LaTeX Info: Redefining \textsquare on input line 3016.
LaTeX Info: Redefining \openbox on input line 3018.
) (d:/texlive/2024/texmf-dist/tex/latex/base/latexsym.sty
Package: latexsym 1998/08/17 v2.2e Standard LaTeX package (lasy symbols)
\symlasy=\mathgroup10
LaTeX Font Info:    Overwriting symbol font `lasy' in version `bold'
(Font)                  U/lasy/m/n --> U/lasy/b/n on input line 52.
)
(d:/texlive/2024/texmf-dist/tex/latex/tools/multicol.sty
Package: multicol 2023/03/30 v1.9f multicolumn formatting (FMi)
\c@tracingmulticols=\count373
\mult@box=\box81
\multicol@leftmargin=\dimen328
\c@unbalance=\count374
\c@collectmore=\count375
\doublecol@number=\count376
\multicoltolerance=\count377
\multicolpretolerance=\count378
\full@width=\dimen329
\page@free=\dimen330
\premulticols=\dimen331
\postmulticols=\dimen332
\multicolsep=\skip74
\multicolbaselineskip=\skip75
\partial@page=\box82
\last@line=\box83
\mc@boxedresult=\box84
\maxbalancingoverflow=\dimen333
\mult@rightbox=\box85
\mult@grightbox=\box86
\mult@firstbox=\box87
\mult@gfirstbox=\box88
\@tempa=\box89
\@tempa=\box90
\@tempa=\box91
\@tempa=\box92
\@tempa=\box93
\@tempa=\box94
\@tempa=\box95
\@tempa=\box96
\@tempa=\box97
\@tempa=\box98
\@tempa=\box99
\@tempa=\box100
\@tempa=\box101
\@tempa=\box102
\@tempa=\box103
\@tempa=\box104
\@tempa=\box105
\@tempa=\box106
\@tempa=\box107
\@tempa=\box108
\@tempa=\box109
\@tempa=\box110
\@tempa=\box111
\@tempa=\box112
\@tempa=\box113
\@tempa=\box114
\@tempa=\box115
\@tempa=\box116
\@tempa=\box117
\@tempa=\box118
\@tempa=\box119
\@tempa=\box120
\@tempa=\box121
\@tempa=\box122
\@tempa=\box123
\@tempa=\box124
\c@minrows=\count379
\c@columnbadness=\count380
\c@finalcolumnbadness=\count381
\last@try=\dimen334
\multicolovershoot=\dimen335
\multicolundershoot=\dimen336
\mult@nat@firstbox=\box125
\colbreak@box=\box126
\mc@col@check@num=\count382
)
(d:/texlive/2024/texmf-dist/tex/latex/booktabs/booktabs.sty
Package: booktabs 2020/01/12 v1.61803398 Publication quality tables
\heavyrulewidth=\dimen337
\lightrulewidth=\dimen338
\cmidrulewidth=\dimen339
\belowrulesep=\dimen340
\belowbottomsep=\dimen341
\aboverulesep=\dimen342
\abovetopsep=\dimen343
\cmidrulesep=\dimen344
\cmidrulekern=\dimen345
\defaultaddspace=\dimen346
\@cmidla=\count383
\@cmidlb=\count384
\@aboverulesep=\dimen347
\@belowrulesep=\dimen348
\@thisruleclass=\count385
\@lastruleclass=\count386
\@thisrulewidth=\dimen349
)
(d:/texlive/2024/texmf-dist/tex/latex/fundus-calligra/calligra.sty
Package: calligra 2012/04/10 v1.9 LaTeX package calligra
)
(d:/texlive/2024/texmf-dist/tex/latex/tcolorbox/tcolorbox.sty
Package: tcolorbox 2024/01/10 version 6.2.0 text color boxes

(d:/texlive/2024/texmf-dist/tex/latex/pgf/basiclayer/pgf.sty
Package: pgf 2023-01-15 v3.1.10 (3.1.10)

(d:/texlive/2024/texmf-dist/tex/generic/pgf/modules/pgfmoduleshapes.code.tex
File: pgfmoduleshapes.code.tex 2023-01-15 v3.1.10 (3.1.10)
\pgfnodeparttextbox=\box127
)
(d:/texlive/2024/texmf-dist/tex/generic/pgf/modules/pgfmoduleplot.code.tex
File: pgfmoduleplot.code.tex 2023-01-15 v3.1.10 (3.1.10)
)
(d:/texlive/2024/texmf-dist/tex/latex/pgf/compatibility/pgfcomp-version-0-65.st
y
Package: pgfcomp-version-0-65 2023-01-15 v3.1.10 (3.1.10)
\pgf@nodesepstart=\dimen350
\pgf@nodesepend=\dimen351
)
(d:/texlive/2024/texmf-dist/tex/latex/pgf/compatibility/pgfcomp-version-1-18.st
y
Package: pgfcomp-version-1-18 2023-01-15 v3.1.10 (3.1.10)
)) (d:/texlive/2024/texmf-dist/tex/latex/tools/verbatim.sty
Package: verbatim 2023-11-06 v1.5v LaTeX2e package for verbatim enhancements
\every@verbatim=\toks51
\verbatim@line=\toks52
\verbatim@in@stream=\read4
)
(d:/texlive/2024/texmf-dist/tex/latex/environ/environ.sty
Package: environ 2014/05/04 v0.3 A new way to define environments

(d:/texlive/2024/texmf-dist/tex/latex/trimspaces/trimspaces.sty
Package: trimspaces 2009/09/17 v1.1 Trim spaces around a token list
))
\tcb@titlebox=\box128
\tcb@upperbox=\box129
\tcb@lowerbox=\box130
\tcb@phantombox=\box131
\c@tcbbreakpart=\count387
\c@tcblayer=\count388
\c@tcolorbox@number=\count389
\l__tcobox_tmpa_box=\box132
\l__tcobox_tmpa_dim=\dimen352
\tcb@temp=\box133
\tcb@temp=\box134
\tcb@temp=\box135
\tcb@temp=\box136
)
(d:/texlive/2024/texmf-dist/tex/latex/tools/tabularx.sty
Package: tabularx 2023/07/08 v2.11c `tabularx' package (DPC)

(d:/texlive/2024/texmf-dist/tex/latex/tools/array.sty
Package: array 2023/10/16 v2.5g Tabular extension package (FMi)
\col@sep=\dimen353
\ar@mcellbox=\box137
\extrarowheight=\dimen354
\NC@list=\toks53
\extratabsurround=\skip76
\backup@length=\skip77
\ar@cellbox=\box138
)
\TX@col@width=\dimen355
\TX@old@table=\dimen356
\TX@old@col=\dimen357
\TX@target=\dimen358
\TX@delta=\dimen359
\TX@cols=\count390
\TX@ftn=\toks54
)
(d:/texlive/2024/texmf-dist/tex/latex/multirow/multirow.sty
Package: multirow 2021/03/15 v2.8 Span multiple rows of a table
\multirow@colwidth=\skip78
\multirow@cntb=\count391
\multirow@dima=\skip79
\bigstrutjot=\dimen360
)
(d:/texlive/2024/texmf-dist/tex/latex/makecell/makecell.sty
Package: makecell 2009/08/03 V0.1e Managing of Tab Column Heads and Cells
\rotheadsize=\dimen361
\c@nlinenum=\count392
\TeXr@lab=\toks55
)
(d:/texlive/2024/texmf-dist/tex/latex/psnfss/pifont.sty
Package: pifont 2020/03/25 PSNFSS-v9.3 Pi font support (SPQR) 
LaTeX Font Info:    Trying to load font information for U+pzd on input line 63.


(d:/texlive/2024/texmf-dist/tex/latex/psnfss/upzd.fd
File: upzd.fd 2001/06/04 font definitions for U/pzd.
)
Requested font "pzdr" at 10.95pt
 -> d:/texlive/2024/texmf-dist/fonts/tfm/adobe/zapfding/pzdr.tfm
LaTeX Font Info:    Trying to load font information for U+psy on input line 64.


(d:/texlive/2024/texmf-dist/tex/latex/psnfss/upsy.fd
File: upsy.fd 2001/06/04 font definitions for U/psy.
)
Requested font "psyr" at 10.95pt
 -> d:/texlive/2024/texmf-dist/fonts/tfm/adobe/symbol/psyr.tfm
)
(d:/texlive/2024/texmf-dist/tex/latex/beamer/beamerthemeMadrid.sty
(d:/texlive/2024/texmf-dist/tex/latex/beamer/beamercolorthemewhale.sty)
(d:/texlive/2024/texmf-dist/tex/latex/beamer/beamercolorthemeorchid.sty)
(d:/texlive/2024/texmf-dist/tex/latex/beamer/beamerinnerthemerounded.sty)
(d:/texlive/2024/texmf-dist/tex/latex/beamer/beamerouterthemeinfolines.sty))
(d:/texlive/2024/texmf-dist/tex/latex/listings/listings.sty
\lst@mode=\count393
\lst@gtempboxa=\box139
\lst@token=\toks56
\lst@length=\count394
\lst@currlwidth=\dimen362
\lst@column=\count395
\lst@pos=\count396
\lst@lostspace=\dimen363
\lst@width=\dimen364
\lst@newlines=\count397
\lst@lineno=\count398
\lst@maxwidth=\dimen365

(d:/texlive/2024/texmf-dist/tex/latex/listings/lstpatch.sty
File: lstpatch.sty 2024/02/21 1.10 (Carsten Heinz)
)
(d:/texlive/2024/texmf-dist/tex/latex/listings/lstmisc.sty
File: lstmisc.sty 2024/02/21 1.10 (Carsten Heinz)
\c@lstnumber=\count399
\lst@skipnumbers=\count400
\lst@framebox=\box140
)
(d:/texlive/2024/texmf-dist/tex/latex/listings/listings.cfg
File: listings.cfg 2024/02/21 1.10 listings configuration
))
Package: listings 2024/02/21 1.10 (Carsten Heinz)

(d:/texlive/2024/texmf-dist/tex/xelatex/xecjk/xeCJK-listings.sty
Package: xeCJK-listings 2022/08/05 v3.9.1 xeCJK patch file for listings
\l__xeCJK_listings_max_char_int=\count401
\l__xeCJK_listings_flag_int=\count402
)
Requested font "Microsoft YaHei/OT" at 10.94997pt
 -> C:/WINDOWS/fonts/msyh.ttc
Requested font "Microsoft YaHei/OT" at 10.95003pt
 -> C:/WINDOWS/fonts/msyh.ttc
Requested font "Microsoft YaHei/OT:script=hani;language=dflt;" at 10.95001pt
 -> C:/WINDOWS/fonts/msyh.ttc
Requested font "Microsoft YaHei/B/OT:script=hani;language=dflt;" at 10.95001pt
 -> C:/WINDOWS/fonts/msyhbd.ttc
Requested font "Microsoft YaHei/OT:script=hani;language=dflt;" at 10.95003pt
 -> C:/WINDOWS/fonts/msyh.ttc
Requested font "Microsoft YaHei Bold/OT:script=hani;language=dflt;" at 10.95003
pt
 -> C:/WINDOWS/fonts/msyhbd.ttc
Requested font "Microsoft YaHei Bold/OT:script=hani;language=dflt;" at 10.95003
pt
 -> C:/WINDOWS/fonts/msyhbd.ttc
Requested font "Microsoft YaHei/B/OT:script=hani;language=dflt;" at 10.95003pt
 -> C:/WINDOWS/fonts/msyhbd.ttc
Requested font "Microsoft YaHei/B/OT:script=hani;language=dflt;" at 10.95003pt
 -> C:/WINDOWS/fonts/msyhbd.ttc

Package fontspec Info: Font family 'MicrosoftYaHei(0)' created for font
(fontspec)             'Microsoft YaHei' with options
(fontspec)             [Script={CJK},BoldFont={* Bold},AutoFakeSlant={0.167}].
(fontspec)              
(fontspec)              This font family consists of the following NFSS
(fontspec)             series/shapes:
(fontspec)              
(fontspec)             - 'normal' (m/n) with NFSS spec.: <->"Microsoft
(fontspec)             YaHei/OT:script=hani;language=dflt;"
(fontspec)             - 'small caps'  (m/sc) with NFSS spec.: 
(fontspec)             - 'bold' (b/n) with NFSS spec.: <->"Microsoft YaHei
(fontspec)             Bold/OT:script=hani;language=dflt;"
(fontspec)             - 'bold small caps'  (b/sc) with NFSS spec.: 
(fontspec)             - 'italic' (m/it) with NFSS spec.: <->"Microsoft
(fontspec)             YaHei/OT:script=hani;language=dflt;slant=0.167;"
(fontspec)             - 'italic small caps'  (m/scit) with NFSS spec.: 
(fontspec)             - 'bold italic' (b/it) with NFSS spec.: <->"Microsoft
(fontspec)             YaHei/B/OT:script=hani;language=dflt;"
(fontspec)             - 'bold italic small caps'  (b/scit) with NFSS spec.: 

 (./slide.aux)
\openout1 = `slide.aux'.

LaTeX Font Info:    Checking defaults for OML/ntxmi/m/it on input line 55.
LaTeX Font Info:    Trying to load font information for OML+ntxmi on input line
 55.
(d:/texlive/2024/texmf-dist/tex/latex/newtx/omlntxmi.fd
File: omlntxmi.fd 2015/08/25 Fontinst v1.933 font definitions for OML/ntxmi.
)
LaTeX Font Info:    ... okay on input line 55.
LaTeX Font Info:    Checking defaults for OMS/cmsy/m/n on input line 55.
LaTeX Font Info:    ... okay on input line 55.
LaTeX Font Info:    Checking defaults for OT1/cmr/m/n on input line 55.
LaTeX Font Info:    ... okay on input line 55.
LaTeX Font Info:    Checking defaults for T1/cmr/m/n on input line 55.
LaTeX Font Info:    ... okay on input line 55.
LaTeX Font Info:    Checking defaults for TS1/cmr/m/n on input line 55.
LaTeX Font Info:    ... okay on input line 55.
LaTeX Font Info:    Checking defaults for TU/lmr/m/n on input line 55.
LaTeX Font Info:    ... okay on input line 55.
LaTeX Font Info:    Checking defaults for OMX/cmex/m/n on input line 55.
LaTeX Font Info:    ... okay on input line 55.
LaTeX Font Info:    Checking defaults for U/ntxexa/m/n on input line 55.
LaTeX Font Info:    Trying to load font information for U+ntxexa on input line 
55.

(d:/texlive/2024/texmf-dist/tex/latex/newtx/untxexa.fd
File: untxexa.fd 2012/04/16 Fontinst v1.933 font definitions for U/ntxexa.
)
LaTeX Font Info:    ... okay on input line 55.
LaTeX Font Info:    Checking defaults for PD1/pdf/m/n on input line 55.
LaTeX Font Info:    ... okay on input line 55.
LaTeX Font Info:    Checking defaults for PU/pdf/m/n on input line 55.
LaTeX Font Info:    ... okay on input line 55.
LaTeX Font Info:    Checking defaults for LMS/ntxsy/m/n on input line 55.
LaTeX Font Info:    Trying to load font information for LMS+ntxsy on input line
 55.

(d:/texlive/2024/texmf-dist/tex/latex/newtx/lmsntxsy.fd
File: lmsntxsy.fd 2016/07/02 Fontinst v1.933 font definitions for LMS/ntxsy.
)
LaTeX Font Info:    ... okay on input line 55.
LaTeX Font Info:    Checking defaults for LMX/ntxexx/m/n on input line 55.
LaTeX Font Info:    Trying to load font information for LMX+ntxexx on input lin
e 55.

(d:/texlive/2024/texmf-dist/tex/latex/newtx/lmxntxexx.fd
File: lmxntxexx.fd 2016/07/03 Fontinst v1.933 font definitions for LMX/ntxexx.
)
LaTeX Font Info:    ... okay on input line 55.

*geometry* driver: auto-detecting
*geometry* detected driver: xetex
*geometry* verbose mode - [ preamble ] result:
* driver: xetex
* paper: custom
* layout: <same size as paper>
* layoutoffset:(h,v)=(0.0pt,0.0pt)
* modes: includehead includefoot 
* h-part:(L,W,R)=(10.95pt, 342.29536pt, 10.95pt)
* v-part:(T,H,B)=(0.0pt, 273.14662pt, 0.0pt)
* \paperwidth=364.19536pt
* \paperheight=273.14662pt
* \textwidth=342.29536pt
* \textheight=244.6939pt
* \oddsidemargin=-61.31999pt
* \evensidemargin=-61.31999pt
* \topmargin=-72.26999pt
* \headheight=14.22636pt
* \headsep=0.0pt
* \topskip=11.0pt
* \footskip=14.22636pt
* \marginparwidth=4.0pt
* \marginparsep=10.0pt
* \columnsep=10.0pt
* \skip\footins=10.0pt plus 4.0pt minus 2.0pt
* \hoffset=0.0pt
* \voffset=0.0pt
* \mag=1000
* \@twocolumnfalse
* \@twosidefalse
* \@mparswitchfalse
* \@reversemarginfalse
* (1in=72.27pt=25.4mm, 1cm=28.453pt)

Package hyperref Info: Link coloring OFF on input line 55.
(./slide.out) (./slide.out)
\@outlinefile=\write5
\openout5 = `slide.out'.

LaTeX Font Info:    Overwriting symbol font `operators' in version `normal'
(Font)                  OT1/lmr/m/n --> OT1/cmss/m/n on input line 55.
LaTeX Font Info:    Overwriting symbol font `operators' in version `bold'
(Font)                  OT1/lmr/b/n --> OT1/cmss/b/n on input line 55.
\symnumbers=\mathgroup11
\sympureletters=\mathgroup12
LaTeX Font Info:    Overwriting math alphabet `\mathrm' in version `normal'
(Font)                  OT1/cmss/m/n --> TU/lmr/m/n on input line 55.
LaTeX Font Info:    Redeclaring math alphabet \mathbf on input line 55.
LaTeX Font Info:    Overwriting math alphabet `\mathbf' in version `normal'
(Font)                  OT1/lmr/b/n --> TU/DroidSans(0)/b/n on input line 55.
LaTeX Font Info:    Overwriting math alphabet `\mathbf' in version `bold'
(Font)                  OT1/lmr/b/n --> TU/DroidSans(0)/b/n on input line 55.
LaTeX Font Info:    Redeclaring math alphabet \mathsf on input line 55.
LaTeX Font Info:    Overwriting math alphabet `\mathsf' in version `normal'
(Font)                  OT1/DroidSans(0)/m/n --> TU/DroidSans(0)/m/n on input l
ine 55.
LaTeX Font Info:    Overwriting math alphabet `\mathsf' in version `bold'
(Font)                  OT1/DroidSans(0)/b/n --> TU/DroidSans(0)/m/n on input l
ine 55.
LaTeX Font Info:    Redeclaring math alphabet \mathit on input line 55.
LaTeX Font Info:    Overwriting math alphabet `\mathit' in version `normal'
(Font)                  OT1/lmr/m/it --> TU/DroidSans(0)/m/it on input line 55.

LaTeX Font Info:    Overwriting math alphabet `\mathit' in version `bold'
(Font)                  OT1/lmr/b/it --> TU/DroidSans(0)/m/it on input line 55.

LaTeX Font Info:    Redeclaring math alphabet \mathtt on input line 55.
LaTeX Font Info:    Overwriting math alphabet `\mathtt' in version `normal'
(Font)                  TU/lmtt/m/n --> TU/lmtt/m/n on input line 55.
LaTeX Font Info:    Overwriting math alphabet `\mathtt' in version `bold'
(Font)                  TU/lmtt/b/n --> TU/lmtt/m/n on input line 55.
LaTeX Font Info:    Overwriting symbol font `numbers' in version `bold'
(Font)                  TU/DroidSans(0)/m/n --> TU/DroidSans(0)/b/n on input li
ne 55.
LaTeX Font Info:    Overwriting symbol font `pureletters' in version `bold'
(Font)                  TU/DroidSans(0)/m/it --> TU/DroidSans(0)/b/it on input 
line 55.
LaTeX Font Info:    Overwriting math alphabet `\mathrm' in version `bold'
(Font)                  OT1/cmss/b/n --> TU/lmr/b/n on input line 55.
LaTeX Font Info:    Overwriting math alphabet `\mathbf' in version `bold'
(Font)                  TU/DroidSans(0)/b/n --> TU/DroidSans(0)/b/n on input li
ne 55.
LaTeX Font Info:    Overwriting math alphabet `\mathsf' in version `bold'
(Font)                  TU/DroidSans(0)/m/n --> TU/DroidSans(0)/b/n on input li
ne 55.
LaTeX Font Info:    Overwriting math alphabet `\mathit' in version `bold'
(Font)                  TU/DroidSans(0)/m/it --> TU/DroidSans(0)/b/it on input 
line 55.
LaTeX Font Info:    Overwriting math alphabet `\mathtt' in version `bold'
(Font)                  TU/lmtt/m/n --> TU/lmtt/b/n on input line 55.

(d:/texlive/2024/texmf-dist/tex/latex/translator/translator-basic-dictionary-En
glish.dict
Dictionary: translator-basic-dictionary, Language: English 
)
(d:/texlive/2024/texmf-dist/tex/latex/translator/translator-bibliography-dictio
nary-English.dict
Dictionary: translator-bibliography-dictionary, Language: English 
)
(d:/texlive/2024/texmf-dist/tex/latex/translator/translator-environment-diction
ary-English.dict
Dictionary: translator-environment-dictionary, Language: English 
)
(d:/texlive/2024/texmf-dist/tex/latex/translator/translator-months-dictionary-E
nglish.dict
Dictionary: translator-months-dictionary, Language: English 
)
(d:/texlive/2024/texmf-dist/tex/latex/translator/translator-numbers-dictionary-
English.dict
Dictionary: translator-numbers-dictionary, Language: English 
)
(d:/texlive/2024/texmf-dist/tex/latex/translator/translator-theorem-dictionary-
English.dict
Dictionary: translator-theorem-dictionary, Language: English 
)
(d:/texlive/2024/texmf-dist/tex/latex/ctex/dictionary/translator-theorem-dictio
nary-ChineseUTF8.dict
Dictionary: translator-theorem-dictionary, Language: ChineseUTF8 2022/07/14 v2.
5.10 Chinese translation for theorem name (CTEX)
)
LaTeX Info: Command `\dddot' is already robust on input line 55.
LaTeX Info: Command `\ddddot' is already robust on input line 55.
\c@lstlisting=\count403
 (./slide.nav)
LaTeX Font Info:    Font shape `TU/DroidSans(0)/m/n' will be
(Font)              scaled to size 6.0pt on input line 55.
Requested font "[DroidSans.ttf]/OT:script=latn;language=dflt;mapping=tex-text;"
 at 6.0pt
 -> d:/texlive/2024/texmf-dist/fonts/truetype/ascender/droid/droidsans/DroidSan
s.ttf
Requested font "KaiTi/OT" at 10.94997pt
 -> C:/WINDOWS/fonts/simkai.ttf
Requested font "KaiTi/OT" at 10.95003pt
 -> C:/WINDOWS/fonts/simkai.ttf

Package fontspec Info: Font family 'KaiTi(0)' created for font 'KaiTi' with
(fontspec)             options
(fontspec)             [Script={CJK},AutoFakeBold={4},AutoFakeSlant={0.167}].
(fontspec)              
(fontspec)              This font family consists of the following NFSS
(fontspec)             series/shapes:
(fontspec)              
(fontspec)             - 'normal' (m/n) with NFSS spec.:
(fontspec)             <->"KaiTi/OT:script=hani;language=dflt;"
(fontspec)             - 'small caps'  (m/sc) with NFSS spec.: 
(fontspec)             - 'bold' (b/n) with NFSS spec.:
(fontspec)             <->"KaiTi/OT:script=hani;language=dflt;embolden=4;"
(fontspec)             - 'bold small caps'  (b/sc) with NFSS spec.: 
(fontspec)             - 'italic' (m/it) with NFSS spec.:
(fontspec)             <->"KaiTi/OT:script=hani;language=dflt;slant=0.167;"
(fontspec)             - 'italic small caps'  (m/scit) with NFSS spec.: 
(fontspec)             - 'bold italic' (b/it) with NFSS spec.:
(fontspec)             <->"KaiTi/OT:script=hani;language=dflt;embolden=4;slant=
0.167;"
(fontspec)             - 'bold italic small caps'  (b/scit) with NFSS spec.: 

LaTeX Font Info:    Font shape `TU/DroidSans(0)/m/n' will be
(Font)              scaled to size 14.4pt on input line 60.
Requested font "[DroidSans.ttf]/OT:script=latn;language=dflt;mapping=tex-text;"
 at 14.4pt
 -> d:/texlive/2024/texmf-dist/fonts/truetype/ascender/droid/droidsans/DroidSan
s.ttf
Requested font "KaiTi/OT:script=hani;language=dflt;" at 14.4pt
 -> C:/WINDOWS/fonts/simkai.ttf
Requested font "KaiTi/OT:script=hani;language=dflt;" at 10.95pt
 -> C:/WINDOWS/fonts/simkai.ttf
LaTeX Font Info:    Font shape `TU/DroidSans(0)/m/n' will be
(Font)              scaled to size 8.0pt on input line 60.
Requested font "[DroidSans.ttf]/OT:script=latn;language=dflt;mapping=tex-text;"
 at 8.0pt
 -> d:/texlive/2024/texmf-dist/fonts/truetype/ascender/droid/droidsans/DroidSan
s.ttf
Requested font "KaiTi/OT:script=hani;language=dflt;" at 8.0pt
 -> C:/WINDOWS/fonts/simkai.ttf
LaTeX Font Info:    Font shape `TU/DroidSans(0)/m/n' will be
(Font)              scaled to size 4.0pt on input line 60.
Requested font "[DroidSans.ttf]/OT:script=latn;language=dflt;mapping=tex-text;"
 at 4.0pt
 -> d:/texlive/2024/texmf-dist/fonts/truetype/ascender/droid/droidsans/DroidSan
s.ttf
 [1

] (./slide.toc)
Requested font "Microsoft YaHei/OT:script=hani;language=dflt;" at 14.4pt
 -> C:/WINDOWS/fonts/msyh.ttc
 [2

]
LaTeX Font Info:    Font shape `TU/DroidSans(0)/b/n' will be
(Font)              scaled to size 10.95pt on input line 88.
Requested font "[DroidSans-Bold.ttf]/OT:script=latn;language=dflt;mapping=tex-t
ext;" at 10.95pt
 -> d:/texlive/2024/texmf-dist/fonts/truetype/ascender/droid/droidsans/DroidSan
s-Bold.ttf
Requested font "KaiTi/OT:script=hani;language=dflt;embolden=4;" at 10.95pt
 -> C:/WINDOWS/fonts/simkai.ttf
LaTeX Font Info:    Font shape `TU/DroidSans(0)/m/n' will be
(Font)              scaled to size 10.0pt on input line 88.
Requested font "[DroidSans.ttf]/OT:script=latn;language=dflt;mapping=tex-text;"
 at 10.0pt
 -> d:/texlive/2024/texmf-dist/fonts/truetype/ascender/droid/droidsans/DroidSan
s.ttf
Requested font "KaiTi/OT:script=hani;language=dflt;" at 10.0pt
 -> C:/WINDOWS/fonts/simkai.ttf
Requested font "FangSong/OT" at 9.99997pt
 -> C:/WINDOWS/fonts/simfang.ttf
Requested font "FangSong/OT" at 10.00003pt
 -> C:/WINDOWS/fonts/simfang.ttf
Requested font "FangSong/OT:script=hani;language=dflt;" at 10.00003pt
 -> C:/WINDOWS/fonts/simfang.ttf
Requested font "[lmmono10-regular]:" at 10.95pt
 -> d:/texlive/2024/texmf-dist/fonts/opentype/public/lm/lmmono10-regular.otf

Package fontspec Info: Font family 'FangSong(0)' created for font 'FangSong'
(fontspec)             with options
(fontspec)             [Script={CJK},AutoFakeBold={4},AutoFakeSlant={0.167}].
(fontspec)              
(fontspec)              This font family consists of the following NFSS
(fontspec)             series/shapes:
(fontspec)              
(fontspec)             - 'normal' (m/n) with NFSS spec.:
(fontspec)             <->"FangSong/OT:script=hani;language=dflt;"
(fontspec)             - 'small caps'  (m/sc) with NFSS spec.: 
(fontspec)             - 'bold' (b/n) with NFSS spec.:
(fontspec)             <->"FangSong/OT:script=hani;language=dflt;embolden=4;"
(fontspec)             - 'bold small caps'  (b/sc) with NFSS spec.: 
(fontspec)             - 'italic' (m/it) with NFSS spec.:
(fontspec)             <->"FangSong/OT:script=hani;language=dflt;slant=0.167;"
(fontspec)             - 'italic small caps'  (m/scit) with NFSS spec.: 
(fontspec)             - 'bold italic' (b/it) with NFSS spec.:
(fontspec)             <->"FangSong/OT:script=hani;language=dflt;embolden=4;sla
nt=0.167;"
(fontspec)             - 'bold italic small caps'  (b/scit) with NFSS spec.: 

Requested font "[lmmono10-regular]:" at 10.0pt
 -> d:/texlive/2024/texmf-dist/fonts/opentype/public/lm/lmmono10-regular.otf
 [3

] [4

] [5

]
\openout4 = `slide.vrb'.


(./slide.vrb (d:/texlive/2024/texmf-dist/tex/latex/listings/lstlang1.sty
File: lstlang1.sty 2024/02/21 1.10 listings language file
)
(d:/texlive/2024/texmf-dist/tex/latex/listings/lstlang1.sty
File: lstlang1.sty 2024/02/21 1.10 listings language file
)) [6

]
Requested font "cmss8" at 8.0pt
 -> d:/texlive/2024/texmf-dist/fonts/tfm/public/cm/cmss8.tfm
Requested font "cmss8" at 6.2pt
 -> d:/texlive/2024/texmf-dist/fonts/tfm/public/cm/cmss8.tfm
Requested font "cmss8" at 5.5pt
 -> d:/texlive/2024/texmf-dist/fonts/tfm/public/cm/cmss8.tfm
Requested font "ntxmi7" at 8.0pt
 -> d:/texlive/2024/texmf-dist/fonts/tfm/public/newtx/ntxmi7.tfm
Requested font "ntxmi5" at 6.2pt
 -> d:/texlive/2024/texmf-dist/fonts/tfm/public/newtx/ntxmi5.tfm
Requested font "ntxmi5" at 5.5pt
 -> d:/texlive/2024/texmf-dist/fonts/tfm/public/newtx/ntxmi5.tfm
Requested font "ntxsy7" at 8.0pt
 -> d:/texlive/2024/texmf-dist/fonts/tfm/public/newtx/ntxsy7.tfm
Requested font "ntxsy5" at 6.2pt
 -> d:/texlive/2024/texmf-dist/fonts/tfm/public/newtx/ntxsy5.tfm
Requested font "ntxsy5" at 5.5pt
 -> d:/texlive/2024/texmf-dist/fonts/tfm/public/newtx/ntxsy5.tfm
Requested font "ntxexx" at 8.0pt
 -> d:/texlive/2024/texmf-dist/fonts/tfm/public/newtx/ntxexx.tfm
Requested font "ntxexx" at 6.2pt
 -> d:/texlive/2024/texmf-dist/fonts/tfm/public/newtx/ntxexx.tfm
Requested font "ntxexx" at 5.5pt
 -> d:/texlive/2024/texmf-dist/fonts/tfm/public/newtx/ntxexx.tfm

(d:/texlive/2024/texmf-dist/tex/latex/amsfonts/umsa.fd)
Requested font "msam10" at 8.0pt
 -> d:/texlive/2024/texmf-dist/fonts/tfm/public/amsfonts/symbols/msam10.tfm
Requested font "msam7" at 6.2pt
 -> d:/texlive/2024/texmf-dist/fonts/tfm/public/amsfonts/symbols/msam7.tfm
Requested font "msam5" at 5.5pt
 -> d:/texlive/2024/texmf-dist/fonts/tfm/public/amsfonts/symbols/msam5.tfm

(d:/texlive/2024/texmf-dist/tex/latex/amsfonts/umsb.fd)
Requested font "msbm10" at 8.0pt
 -> d:/texlive/2024/texmf-dist/fonts/tfm/public/amsfonts/symbols/msbm10.tfm
Requested font "msbm7" at 6.2pt
 -> d:/texlive/2024/texmf-dist/fonts/tfm/public/amsfonts/symbols/msbm7.tfm
Requested font "msbm5" at 5.5pt
 -> d:/texlive/2024/texmf-dist/fonts/tfm/public/amsfonts/symbols/msbm5.tfm

(d:/texlive/2024/texmf-dist/tex/latex/newtx/untxmia.fd)
Requested font "ntxmia" at 8.0pt
 -> d:/texlive/2024/texmf-dist/fonts/tfm/public/newtx/ntxmia.tfm
Requested font "ntxmia" at 6.2pt
 -> d:/texlive/2024/texmf-dist/fonts/tfm/public/newtx/ntxmia.tfm
Requested font "ntxmia" at 5.5pt
 -> d:/texlive/2024/texmf-dist/fonts/tfm/public/newtx/ntxmia.tfm

(d:/texlive/2024/texmf-dist/tex/latex/newtx/untxsym.fd)
Requested font "ntxsym" at 8.0pt
 -> d:/texlive/2024/texmf-dist/fonts/tfm/public/newtx/ntxsym.tfm
Requested font "ntxsym" at 6.2pt
 -> d:/texlive/2024/texmf-dist/fonts/tfm/public/newtx/ntxsym.tfm
Requested font "ntxsym" at 5.5pt
 -> d:/texlive/2024/texmf-dist/fonts/tfm/public/newtx/ntxsym.tfm

(d:/texlive/2024/texmf-dist/tex/latex/newtx/untxsyc.fd)
Requested font "ntxsyc" at 8.0pt
 -> d:/texlive/2024/texmf-dist/fonts/tfm/public/newtx/ntxsyc.tfm
Requested font "ntxsyc" at 6.2pt
 -> d:/texlive/2024/texmf-dist/fonts/tfm/public/newtx/ntxsyc.tfm
Requested font "ntxsyc" at 5.5pt
 -> d:/texlive/2024/texmf-dist/fonts/tfm/public/newtx/ntxsyc.tfm
Requested font "ntxexa" at 8.0pt
 -> d:/texlive/2024/texmf-dist/fonts/tfm/public/newtx/ntxexa.tfm
Requested font "ntxexa" at 6.2pt
 -> d:/texlive/2024/texmf-dist/fonts/tfm/public/newtx/ntxexa.tfm
Requested font "ntxexa" at 5.5pt
 -> d:/texlive/2024/texmf-dist/fonts/tfm/public/newtx/ntxexa.tfm
Requested font "lasy8" at 8.0pt
 -> d:/texlive/2024/texmf-dist/fonts/tfm/public/latex-fonts/lasy8.tfm
Requested font "lasy6" at 6.2pt
 -> d:/texlive/2024/texmf-dist/fonts/tfm/public/latex-fonts/lasy6.tfm
Requested font "lasy5" at 5.5pt
 -> d:/texlive/2024/texmf-dist/fonts/tfm/public/latex-fonts/lasy5.tfm
Requested font "[DroidSans.ttf]/OT:script=latn;language=dflt;mapping=tex-text;"
 at 6.2pt
 -> d:/texlive/2024/texmf-dist/fonts/truetype/ascender/droid/droidsans/DroidSan
s.ttf
Requested font "[DroidSans.ttf]/OT:script=latn;language=dflt;mapping=tex-text;"
 at 5.5pt
 -> d:/texlive/2024/texmf-dist/fonts/truetype/ascender/droid/droidsans/DroidSan
s.ttf
Requested font "[DroidSans.ttf]/OT:script=latn;language=dflt;slant=0.213;mappin
g=tex-text;" at 8.0pt
 -> d:/texlive/2024/texmf-dist/fonts/truetype/ascender/droid/droidsans/DroidSan
s.ttf
Requested font "[DroidSans.ttf]/OT:script=latn;language=dflt;slant=0.213;mappin
g=tex-text;" at 6.2pt
 -> d:/texlive/2024/texmf-dist/fonts/truetype/ascender/droid/droidsans/DroidSan
s.ttf
Requested font "[DroidSans.ttf]/OT:script=latn;language=dflt;slant=0.213;mappin
g=tex-text;" at 5.5pt
 -> d:/texlive/2024/texmf-dist/fonts/truetype/ascender/droid/droidsans/DroidSan
s.ttf
Requested font "[DroidSans-Bold.ttf]/OT:script=latn;language=dflt;mapping=tex-t
ext;" at 8.0pt
 -> d:/texlive/2024/texmf-dist/fonts/truetype/ascender/droid/droidsans/DroidSan
s-Bold.ttf
Requested font "KaiTi/OT:script=hani;language=dflt;embolden=4;" at 8.0pt
 -> C:/WINDOWS/fonts/simkai.ttf
Requested font "[lmmono8-regular]:" at 8.0pt
 -> d:/texlive/2024/texmf-dist/fonts/opentype/public/lm/lmmono8-regular.otf

Underfull \hbox (badness 10000) in paragraph at lines 162--162
[]|\TU/lmtt/m/n/8 example_groudtruth.csv \TU/DroidSans(0)/m/n/8 /
 []

[7

] [8

] [9

]
File: ../src/2-2/results/figures_cli_all_data_150/cm_incorrect.png Graphic file
 (type bmp)
<../src/2-2/results/figures_cli_all_data_150/cm_incorrect.png>
Requested font "cmss10" at 10.95pt
 -> d:/texlive/2024/texmf-dist/fonts/tfm/public/cm/cmss10.tfm
Requested font "cmss8" at 6.1pt
 -> d:/texlive/2024/texmf-dist/fonts/tfm/public/cm/cmss8.tfm
Requested font "ntxmi" at 10.95pt
 -> d:/texlive/2024/texmf-dist/fonts/tfm/public/newtx/ntxmi.tfm
Requested font "ntxmi5" at 6.1pt
 -> d:/texlive/2024/texmf-dist/fonts/tfm/public/newtx/ntxmi5.tfm
Requested font "ntxsy" at 10.95pt
 -> d:/texlive/2024/texmf-dist/fonts/tfm/public/newtx/ntxsy.tfm
Requested font "ntxsy5" at 6.1pt
 -> d:/texlive/2024/texmf-dist/fonts/tfm/public/newtx/ntxsy5.tfm
Requested font "ntxexx" at 10.95pt
 -> d:/texlive/2024/texmf-dist/fonts/tfm/public/newtx/ntxexx.tfm
Requested font "ntxexx" at 6.1pt
 -> d:/texlive/2024/texmf-dist/fonts/tfm/public/newtx/ntxexx.tfm
Requested font "msam10" at 10.95pt
 -> d:/texlive/2024/texmf-dist/fonts/tfm/public/amsfonts/symbols/msam10.tfm
Requested font "msam7" at 6.1pt
 -> d:/texlive/2024/texmf-dist/fonts/tfm/public/amsfonts/symbols/msam7.tfm
Requested font "msbm10" at 10.95pt
 -> d:/texlive/2024/texmf-dist/fonts/tfm/public/amsfonts/symbols/msbm10.tfm
Requested font "msbm7" at 6.1pt
 -> d:/texlive/2024/texmf-dist/fonts/tfm/public/amsfonts/symbols/msbm7.tfm
Requested font "ntxmia" at 10.95pt
 -> d:/texlive/2024/texmf-dist/fonts/tfm/public/newtx/ntxmia.tfm
Requested font "ntxmia" at 6.1pt
 -> d:/texlive/2024/texmf-dist/fonts/tfm/public/newtx/ntxmia.tfm
Requested font "ntxsym" at 10.95pt
 -> d:/texlive/2024/texmf-dist/fonts/tfm/public/newtx/ntxsym.tfm
Requested font "ntxsym" at 6.1pt
 -> d:/texlive/2024/texmf-dist/fonts/tfm/public/newtx/ntxsym.tfm
Requested font "ntxsyc" at 10.95pt
 -> d:/texlive/2024/texmf-dist/fonts/tfm/public/newtx/ntxsyc.tfm
Requested font "ntxsyc" at 6.1pt
 -> d:/texlive/2024/texmf-dist/fonts/tfm/public/newtx/ntxsyc.tfm
Requested font "ntxexa" at 10.95pt
 -> d:/texlive/2024/texmf-dist/fonts/tfm/public/newtx/ntxexa.tfm
Requested font "ntxexa" at 6.1pt
 -> d:/texlive/2024/texmf-dist/fonts/tfm/public/newtx/ntxexa.tfm
Requested font "lasy10" at 10.95pt
 -> d:/texlive/2024/texmf-dist/fonts/tfm/public/latex-fonts/lasy10.tfm
Requested font "lasy6" at 6.1pt
 -> d:/texlive/2024/texmf-dist/fonts/tfm/public/latex-fonts/lasy6.tfm
LaTeX Font Info:    Font shape `TU/DroidSans(0)/m/n' will be
(Font)              scaled to size 6.1pt on input line 210.
Requested font "[DroidSans.ttf]/OT:script=latn;language=dflt;mapping=tex-text;"
 at 6.1pt
 -> d:/texlive/2024/texmf-dist/fonts/truetype/ascender/droid/droidsans/DroidSan
s.ttf
LaTeX Font Info:    Font shape `TU/DroidSans(0)/m/it' will be
(Font)              scaled to size 10.95pt on input line 210.
Requested font "[DroidSans.ttf]/OT:script=latn;language=dflt;slant=0.213;mappin
g=tex-text;" at 10.95pt
 -> d:/texlive/2024/texmf-dist/fonts/truetype/ascender/droid/droidsans/DroidSan
s.ttf
LaTeX Font Info:    Font shape `TU/DroidSans(0)/m/it' will be
(Font)              scaled to size 6.1pt on input line 210.
Requested font "[DroidSans.ttf]/OT:script=latn;language=dflt;slant=0.213;mappin
g=tex-text;" at 6.1pt
 -> d:/texlive/2024/texmf-dist/fonts/truetype/ascender/droid/droidsans/DroidSan
s.ttf
File: ../src/2-2/results/figures_cli_all_data_150/cm_incomplete.png Graphic fil
e (type bmp)
<../src/2-2/results/figures_cli_all_data_150/cm_incomplete.png>
File: ../src/2-2/results/figures_cli_all_data_150/cm_inconsistent.png Graphic f
ile (type bmp)
<../src/2-2/results/figures_cli_all_data_150/cm_inconsistent.png>
LaTeX Font Info:    Font shape `TU/DroidSans(0)/m/n' will be
(Font)              scaled to size 9.0pt on input line 210.
Requested font "[DroidSans.ttf]/OT:script=latn;language=dflt;mapping=tex-text;"
 at 9.0pt
 -> d:/texlive/2024/texmf-dist/fonts/truetype/ascender/droid/droidsans/DroidSan
s.ttf
Requested font "KaiTi/OT:script=hani;language=dflt;" at 9.0pt
 -> C:/WINDOWS/fonts/simkai.ttf
Requested font "[lmmono9-regular]:" at 9.0pt
 -> d:/texlive/2024/texmf-dist/fonts/opentype/public/lm/lmmono9-regular.otf
 [10

]
LaTeX Font Info:    Font shape `TU/DroidSans(0)/m/n' will be
(Font)              scaled to size 12.0pt on input line 226.
Requested font "[DroidSans.ttf]/OT:script=latn;language=dflt;mapping=tex-text;"
 at 12.0pt
 -> d:/texlive/2024/texmf-dist/fonts/truetype/ascender/droid/droidsans/DroidSan
s.ttf
Requested font "Microsoft YaHei/OT:script=hani;language=dflt;" at 12.0pt
 -> C:/WINDOWS/fonts/msyh.ttc
 [11

]
LaTeX Font Info:    Font shape `TU/lmtt/bx/n' in size <10.95> not available
(Font)              Font shape `TU/lmtt/b/n' tried instead on input line 237.
Requested font "[lmmonolt10-bold]:" at 10.95pt
 -> d:/texlive/2024/texmf-dist/fonts/opentype/public/lm/lmmonolt10-bold.otf
 [12

] [13

] [14

] [15

] [16

]
LaTeX Font Info:    Font shape `TU/DroidSans(0)/m/n' will be
(Font)              scaled to size 24.88pt on input line 293.
Requested font "[DroidSans.ttf]/OT:script=latn;language=dflt;mapping=tex-text;"
 at 24.88pt
 -> d:/texlive/2024/texmf-dist/fonts/truetype/ascender/droid/droidsans/DroidSan
s.ttf
Requested font "KaiTi/OT:script=hani;language=dflt;" at 24.88pt
 -> C:/WINDOWS/fonts/simkai.ttf
 [17

]
\tf@nav=\write6
\openout6 = `slide.nav'.

\tf@toc=\write7
\openout7 = `slide.toc'.

\tf@snm=\write8
\openout8 = `slide.snm'.

 (./slide.aux)
 ***********
LaTeX2e <2023-11-01> patch level 1
L3 programming layer <2022/08/05>
 ***********
Package rerunfilecheck Info: File `slide.out' has not changed.
(rerunfilecheck)             Checksum: 297B49F1172B5D0DCB6B0BF60117CC2B;431.
 ) 
Here is how much of TeX's memory you used:
 34812 strings out of 474773
 755015 string characters out of 5761288
 2001842 words of memory out of 5000000
 56206 multiletter control sequences out of 15000+600000
 581061 words of font info for 157 fonts, out of 8000000 for 9000
 1348 hyphenation exceptions out of 8191
 128i,11n,123p,435b,1251s stack positions out of 10000i,1000n,20000p,200000b,200000s

Output written on slide.pdf (17 pages).
